This is pdfTeX, Version 3.14159265-2.6-1.40.20 (TeX Live 2019/Debian) (preloaded format=pdflatex 2020.3.17)  9 JUL 2020 10:30
entering extended mode
 restricted \write18 enabled.
 %&-line parsing enabled.
**Lukas_Bauer_SeminarTalk.tex
(./Lukas_Bauer_SeminarTalk.tex
LaTeX2e <2018-12-01>
(/usr/share/texlive/texmf-dist/tex/latex/beamer/beamer.cls
Document Class: beamer 2018/12/02 v3.55 A class for typesetting presentations
(/usr/share/texlive/texmf-dist/tex/latex/beamer/beamerbasemodes.sty
(/usr/share/texlive/texmf-dist/tex/latex/etoolbox/etoolbox.sty
Package: etoolbox 2018/08/19 v2.5f e-TeX tools for LaTeX (JAW)
\etb@tempcnta=\count80
)
\beamer@tempbox=\box27
\beamer@tempcount=\count81
\c@beamerpauses=\count82

(/usr/share/texlive/texmf-dist/tex/latex/beamer/beamerbasedecode.sty
\beamer@slideinframe=\count83
\beamer@minimum=\count84
)
\beamer@commentbox=\box28
\beamer@modecount=\count85
)
(/usr/share/texlive/texmf-dist/tex/generic/oberdiek/ifpdf.sty
Package: ifpdf 2018/09/07 v3.3 Provides the ifpdf switch
)
\headdp=\dimen102
\footheight=\dimen103
\sidebarheight=\dimen104
\beamer@tempdim=\dimen105
\beamer@finalheight=\dimen106
\beamer@animht=\dimen107
\beamer@animdp=\dimen108
\beamer@animwd=\dimen109
\beamer@leftmargin=\dimen110
\beamer@rightmargin=\dimen111
\beamer@leftsidebar=\dimen112
\beamer@rightsidebar=\dimen113
\beamer@boxsize=\dimen114
\beamer@vboxoffset=\dimen115
\beamer@descdefault=\dimen116
\beamer@descriptionwidth=\dimen117
\beamer@lastskip=\skip41
\beamer@areabox=\box29
\beamer@animcurrent=\box30
\beamer@animshowbox=\box31
\beamer@sectionbox=\box32
\beamer@logobox=\box33
\beamer@linebox=\box34
\beamer@sectioncount=\count86
\beamer@subsubsectionmax=\count87
\beamer@subsectionmax=\count88
\beamer@sectionmax=\count89
\beamer@totalheads=\count90
\beamer@headcounter=\count91
\beamer@partstartpage=\count92
\beamer@sectionstartpage=\count93
\beamer@subsectionstartpage=\count94
\beamer@animationtempa=\count95
\beamer@animationtempb=\count96
\beamer@xpos=\count97
\beamer@ypos=\count98
\beamer@ypos@offset=\count99
\beamer@showpartnumber=\count100
\beamer@currentsubsection=\count101
\beamer@coveringdepth=\count102
\beamer@sectionadjust=\count103
\beamer@tocsectionnumber=\count104

(/usr/share/texlive/texmf-dist/tex/latex/beamer/beamerbaseoptions.sty
(/usr/share/texlive/texmf-dist/tex/latex/graphics/keyval.sty
Package: keyval 2014/10/28 v1.15 key=value parser (DPC)
\KV@toks@=\toks14
))
\beamer@paperwidth=\skip42
\beamer@paperheight=\skip43

(/usr/share/texlive/texmf-dist/tex/latex/geometry/geometry.sty
Package: geometry 2018/04/16 v5.8 Page Geometry

(/usr/share/texlive/texmf-dist/tex/generic/oberdiek/ifvtex.sty
Package: ifvtex 2016/05/16 v1.6 Detect VTeX and its facilities (HO)
Package ifvtex Info: VTeX not detected.
)
(/usr/share/texlive/texmf-dist/tex/generic/ifxetex/ifxetex.sty
Package: ifxetex 2010/09/12 v0.6 Provides ifxetex conditional
)
\Gm@cnth=\count105
\Gm@cntv=\count106
\c@Gm@tempcnt=\count107
\Gm@bindingoffset=\dimen118
\Gm@wd@mp=\dimen119
\Gm@odd@mp=\dimen120
\Gm@even@mp=\dimen121
\Gm@layoutwidth=\dimen122
\Gm@layoutheight=\dimen123
\Gm@layouthoffset=\dimen124
\Gm@layoutvoffset=\dimen125
\Gm@dimlist=\toks15
)
(/usr/share/texlive/texmf-dist/tex/latex/base/size11.clo
File: size11.clo 2018/09/03 v1.4i Standard LaTeX file (size option)
)
(/usr/share/texlive/texmf-dist/tex/latex/pgf/basiclayer/pgfcore.sty
(/usr/share/texlive/texmf-dist/tex/latex/graphics/graphicx.sty
Package: graphicx 2017/06/01 v1.1a Enhanced LaTeX Graphics (DPC,SPQR)

(/usr/share/texlive/texmf-dist/tex/latex/graphics/graphics.sty
Package: graphics 2017/06/25 v1.2c Standard LaTeX Graphics (DPC,SPQR)

(/usr/share/texlive/texmf-dist/tex/latex/graphics/trig.sty
Package: trig 2016/01/03 v1.10 sin cos tan (DPC)
)
(/usr/share/texlive/texmf-dist/tex/latex/graphics-cfg/graphics.cfg
File: graphics.cfg 2016/06/04 v1.11 sample graphics configuration
)
Package graphics Info: Driver file: pdftex.def on input line 99.

(/usr/share/texlive/texmf-dist/tex/latex/graphics-def/pdftex.def
File: pdftex.def 2018/01/08 v1.0l Graphics/color driver for pdftex
))
\Gin@req@height=\dimen126
\Gin@req@width=\dimen127
)
(/usr/share/texlive/texmf-dist/tex/latex/pgf/systemlayer/pgfsys.sty
(/usr/share/texlive/texmf-dist/tex/latex/pgf/utilities/pgfrcs.sty
(/usr/share/texlive/texmf-dist/tex/generic/pgf/utilities/pgfutil-common.tex
\pgfutil@everybye=\toks16
\pgfutil@tempdima=\dimen128
\pgfutil@tempdimb=\dimen129

(/usr/share/texlive/texmf-dist/tex/generic/pgf/utilities/pgfutil-common-lists.t
ex)) (/usr/share/texlive/texmf-dist/tex/generic/pgf/utilities/pgfutil-latex.def
\pgfutil@abb=\box35
(/usr/share/texlive/texmf-dist/tex/latex/ms/everyshi.sty
Package: everyshi 2001/05/15 v3.00 EveryShipout Package (MS)
))
(/usr/share/texlive/texmf-dist/tex/generic/pgf/utilities/pgfrcs.code.tex
(/usr/share/texlive/texmf-dist/tex/generic/pgf/pgf.revision.tex)
Package: pgfrcs 2019/05/09 v3.1.3 (3.1.3)
))
(/usr/share/texlive/texmf-dist/tex/generic/pgf/systemlayer/pgfsys.code.tex
Package: pgfsys 2019/05/09 v3.1.3 (3.1.3)

(/usr/share/texlive/texmf-dist/tex/generic/pgf/utilities/pgfkeys.code.tex
\pgfkeys@pathtoks=\toks17
\pgfkeys@temptoks=\toks18

(/usr/share/texlive/texmf-dist/tex/generic/pgf/utilities/pgfkeysfiltered.code.t
ex
\pgfkeys@tmptoks=\toks19
))
\pgf@x=\dimen130
\pgf@y=\dimen131
\pgf@xa=\dimen132
\pgf@ya=\dimen133
\pgf@xb=\dimen134
\pgf@yb=\dimen135
\pgf@xc=\dimen136
\pgf@yc=\dimen137
\pgf@xd=\dimen138
\pgf@yd=\dimen139
\w@pgf@writea=\write3
\r@pgf@reada=\read1
\c@pgf@counta=\count108
\c@pgf@countb=\count109
\c@pgf@countc=\count110
\c@pgf@countd=\count111
\t@pgf@toka=\toks20
\t@pgf@tokb=\toks21
\t@pgf@tokc=\toks22
\pgf@sys@id@count=\count112
 (/usr/share/texlive/texmf-dist/tex/generic/pgf/systemlayer/pgf.cfg
File: pgf.cfg 2019/05/09 v3.1.3 (3.1.3)
)
Driver file for pgf: pgfsys-pdftex.def

(/usr/share/texlive/texmf-dist/tex/generic/pgf/systemlayer/pgfsys-pdftex.def
File: pgfsys-pdftex.def 2019/05/09 v3.1.3 (3.1.3)

(/usr/share/texlive/texmf-dist/tex/generic/pgf/systemlayer/pgfsys-common-pdf.de
f
File: pgfsys-common-pdf.def 2019/05/09 v3.1.3 (3.1.3)
)))
(/usr/share/texlive/texmf-dist/tex/generic/pgf/systemlayer/pgfsyssoftpath.code.
tex
File: pgfsyssoftpath.code.tex 2019/05/09 v3.1.3 (3.1.3)
\pgfsyssoftpath@smallbuffer@items=\count113
\pgfsyssoftpath@bigbuffer@items=\count114
)
(/usr/share/texlive/texmf-dist/tex/generic/pgf/systemlayer/pgfsysprotocol.code.
tex
File: pgfsysprotocol.code.tex 2019/05/09 v3.1.3 (3.1.3)
)) (/usr/share/texlive/texmf-dist/tex/latex/xcolor/xcolor.sty
Package: xcolor 2016/05/11 v2.12 LaTeX color extensions (UK)

(/usr/share/texlive/texmf-dist/tex/latex/graphics-cfg/color.cfg
File: color.cfg 2016/01/02 v1.6 sample color configuration
)
Package xcolor Info: Driver file: pdftex.def on input line 225.
Package xcolor Info: Model `cmy' substituted by `cmy0' on input line 1348.
Package xcolor Info: Model `hsb' substituted by `rgb' on input line 1352.
Package xcolor Info: Model `RGB' extended on input line 1364.
Package xcolor Info: Model `HTML' substituted by `rgb' on input line 1366.
Package xcolor Info: Model `Hsb' substituted by `hsb' on input line 1367.
Package xcolor Info: Model `tHsb' substituted by `hsb' on input line 1368.
Package xcolor Info: Model `HSB' substituted by `hsb' on input line 1369.
Package xcolor Info: Model `Gray' substituted by `gray' on input line 1370.
Package xcolor Info: Model `wave' substituted by `hsb' on input line 1371.
)
(/usr/share/texlive/texmf-dist/tex/generic/pgf/basiclayer/pgfcore.code.tex
Package: pgfcore 2019/05/09 v3.1.3 (3.1.3)

(/usr/share/texlive/texmf-dist/tex/generic/pgf/math/pgfmath.code.tex
(/usr/share/texlive/texmf-dist/tex/generic/pgf/math/pgfmathcalc.code.tex
(/usr/share/texlive/texmf-dist/tex/generic/pgf/math/pgfmathutil.code.tex)
(/usr/share/texlive/texmf-dist/tex/generic/pgf/math/pgfmathparser.code.tex
\pgfmath@dimen=\dimen140
\pgfmath@count=\count115
\pgfmath@box=\box36
\pgfmath@toks=\toks23
\pgfmath@stack@operand=\toks24
\pgfmath@stack@operation=\toks25
)
(/usr/share/texlive/texmf-dist/tex/generic/pgf/math/pgfmathfunctions.code.tex
(/usr/share/texlive/texmf-dist/tex/generic/pgf/math/pgfmathfunctions.basic.code
.tex)
(/usr/share/texlive/texmf-dist/tex/generic/pgf/math/pgfmathfunctions.trigonomet
ric.code.tex)
(/usr/share/texlive/texmf-dist/tex/generic/pgf/math/pgfmathfunctions.random.cod
e.tex)
(/usr/share/texlive/texmf-dist/tex/generic/pgf/math/pgfmathfunctions.comparison
.code.tex)
(/usr/share/texlive/texmf-dist/tex/generic/pgf/math/pgfmathfunctions.base.code.
tex)
(/usr/share/texlive/texmf-dist/tex/generic/pgf/math/pgfmathfunctions.round.code
.tex)
(/usr/share/texlive/texmf-dist/tex/generic/pgf/math/pgfmathfunctions.misc.code.
tex)
(/usr/share/texlive/texmf-dist/tex/generic/pgf/math/pgfmathfunctions.integerari
thmetics.code.tex)))
(/usr/share/texlive/texmf-dist/tex/generic/pgf/math/pgfmathfloat.code.tex
\c@pgfmathroundto@lastzeros=\count116
))
(/usr/share/texlive/texmf-dist/tex/generic/pgf/math/pgfint.code.tex)
(/usr/share/texlive/texmf-dist/tex/generic/pgf/basiclayer/pgfcorepoints.code.te
x
File: pgfcorepoints.code.tex 2019/05/09 v3.1.3 (3.1.3)
\pgf@picminx=\dimen141
\pgf@picmaxx=\dimen142
\pgf@picminy=\dimen143
\pgf@picmaxy=\dimen144
\pgf@pathminx=\dimen145
\pgf@pathmaxx=\dimen146
\pgf@pathminy=\dimen147
\pgf@pathmaxy=\dimen148
\pgf@xx=\dimen149
\pgf@xy=\dimen150
\pgf@yx=\dimen151
\pgf@yy=\dimen152
\pgf@zx=\dimen153
\pgf@zy=\dimen154
)
(/usr/share/texlive/texmf-dist/tex/generic/pgf/basiclayer/pgfcorepathconstruct.
code.tex
File: pgfcorepathconstruct.code.tex 2019/05/09 v3.1.3 (3.1.3)
\pgf@path@lastx=\dimen155
\pgf@path@lasty=\dimen156
)
(/usr/share/texlive/texmf-dist/tex/generic/pgf/basiclayer/pgfcorepathusage.code
.tex
File: pgfcorepathusage.code.tex 2019/05/09 v3.1.3 (3.1.3)
\pgf@shorten@end@additional=\dimen157
\pgf@shorten@start@additional=\dimen158
)
(/usr/share/texlive/texmf-dist/tex/generic/pgf/basiclayer/pgfcorescopes.code.te
x
File: pgfcorescopes.code.tex 2019/05/09 v3.1.3 (3.1.3)
\pgfpic=\box37
\pgf@hbox=\box38
\pgf@layerbox@main=\box39
\pgf@picture@serial@count=\count117
)
(/usr/share/texlive/texmf-dist/tex/generic/pgf/basiclayer/pgfcoregraphicstate.c
ode.tex
File: pgfcoregraphicstate.code.tex 2019/05/09 v3.1.3 (3.1.3)
\pgflinewidth=\dimen159
)
(/usr/share/texlive/texmf-dist/tex/generic/pgf/basiclayer/pgfcoretransformation
s.code.tex
File: pgfcoretransformations.code.tex 2019/05/09 v3.1.3 (3.1.3)
\pgf@pt@x=\dimen160
\pgf@pt@y=\dimen161
\pgf@pt@temp=\dimen162
)
(/usr/share/texlive/texmf-dist/tex/generic/pgf/basiclayer/pgfcorequick.code.tex
File: pgfcorequick.code.tex 2019/05/09 v3.1.3 (3.1.3)
)
(/usr/share/texlive/texmf-dist/tex/generic/pgf/basiclayer/pgfcoreobjects.code.t
ex
File: pgfcoreobjects.code.tex 2019/05/09 v3.1.3 (3.1.3)
)
(/usr/share/texlive/texmf-dist/tex/generic/pgf/basiclayer/pgfcorepathprocessing
.code.tex
File: pgfcorepathprocessing.code.tex 2019/05/09 v3.1.3 (3.1.3)
)
(/usr/share/texlive/texmf-dist/tex/generic/pgf/basiclayer/pgfcorearrows.code.te
x
File: pgfcorearrows.code.tex 2019/05/09 v3.1.3 (3.1.3)
\pgfarrowsep=\dimen163
)
(/usr/share/texlive/texmf-dist/tex/generic/pgf/basiclayer/pgfcoreshade.code.tex
File: pgfcoreshade.code.tex 2019/05/09 v3.1.3 (3.1.3)
\pgf@max=\dimen164
\pgf@sys@shading@range@num=\count118
\pgf@shadingcount=\count119
)
(/usr/share/texlive/texmf-dist/tex/generic/pgf/basiclayer/pgfcoreimage.code.tex
File: pgfcoreimage.code.tex 2019/05/09 v3.1.3 (3.1.3)

(/usr/share/texlive/texmf-dist/tex/generic/pgf/basiclayer/pgfcoreexternal.code.
tex
File: pgfcoreexternal.code.tex 2019/05/09 v3.1.3 (3.1.3)
\pgfexternal@startupbox=\box40
))
(/usr/share/texlive/texmf-dist/tex/generic/pgf/basiclayer/pgfcorelayers.code.te
x
File: pgfcorelayers.code.tex 2019/05/09 v3.1.3 (3.1.3)
)
(/usr/share/texlive/texmf-dist/tex/generic/pgf/basiclayer/pgfcoretransparency.c
ode.tex
File: pgfcoretransparency.code.tex 2019/05/09 v3.1.3 (3.1.3)
)
(/usr/share/texlive/texmf-dist/tex/generic/pgf/basiclayer/pgfcorepatterns.code.
tex
File: pgfcorepatterns.code.tex 2019/05/09 v3.1.3 (3.1.3)
)
(/usr/share/texlive/texmf-dist/tex/generic/pgf/basiclayer/pgfcorerdf.code.tex
File: pgfcorerdf.code.tex 2019/05/09 v3.1.3 (3.1.3)
))) (/usr/share/texlive/texmf-dist/tex/latex/pgf/utilities/xxcolor.sty
Package: xxcolor 2003/10/24 ver 0.1
\XC@nummixins=\count120
\XC@countmixins=\count121
)
(/usr/share/texlive/texmf-dist/tex/generic/oberdiek/atbegshi.sty
Package: atbegshi 2016/06/09 v1.18 At begin shipout hook (HO)

(/usr/share/texlive/texmf-dist/tex/generic/oberdiek/infwarerr.sty
Package: infwarerr 2016/05/16 v1.4 Providing info/warning/error messages (HO)
)
(/usr/share/texlive/texmf-dist/tex/generic/oberdiek/ltxcmds.sty
Package: ltxcmds 2016/05/16 v1.23 LaTeX kernel commands for general use (HO)
))
(/usr/share/texlive/texmf-dist/tex/latex/hyperref/hyperref.sty
Package: hyperref 2018/11/30 v6.88e Hypertext links for LaTeX

(/usr/share/texlive/texmf-dist/tex/generic/oberdiek/hobsub-hyperref.sty
Package: hobsub-hyperref 2016/05/16 v1.14 Bundle oberdiek, subset hyperref (HO)


(/usr/share/texlive/texmf-dist/tex/generic/oberdiek/hobsub-generic.sty
Package: hobsub-generic 2016/05/16 v1.14 Bundle oberdiek, subset generic (HO)
Package: hobsub 2016/05/16 v1.14 Construct package bundles (HO)
Package hobsub Info: Skipping package `infwarerr' (already loaded).
Package hobsub Info: Skipping package `ltxcmds' (already loaded).
Package: ifluatex 2016/05/16 v1.4 Provides the ifluatex switch (HO)
Package ifluatex Info: LuaTeX not detected.
Package hobsub Info: Skipping package `ifvtex' (already loaded).
Package: intcalc 2016/05/16 v1.2 Expandable calculations with integers (HO)
Package hobsub Info: Skipping package `ifpdf' (already loaded).
Package: etexcmds 2016/05/16 v1.6 Avoid name clashes with e-TeX commands (HO)
Package: kvsetkeys 2016/05/16 v1.17 Key value parser (HO)
Package: kvdefinekeys 2016/05/16 v1.4 Define keys (HO)
Package: pdftexcmds 2018/09/10 v0.29 Utility functions of pdfTeX for LuaTeX (HO
)
Package pdftexcmds Info: LuaTeX not detected.
Package pdftexcmds Info: \pdf@primitive is available.
Package pdftexcmds Info: \pdf@ifprimitive is available.
Package pdftexcmds Info: \pdfdraftmode found.
Package: pdfescape 2016/05/16 v1.14 Implements pdfTeX's escape features (HO)
Package: bigintcalc 2016/05/16 v1.4 Expandable calculations on big integers (HO
)
Package: bitset 2016/05/16 v1.2 Handle bit-vector datatype (HO)
Package: uniquecounter 2016/05/16 v1.3 Provide unlimited unique counter (HO)
)
Package hobsub Info: Skipping package `hobsub' (already loaded).
Package: letltxmacro 2016/05/16 v1.5 Let assignment for LaTeX macros (HO)
Package: hopatch 2016/05/16 v1.3 Wrapper for package hooks (HO)
Package: xcolor-patch 2016/05/16 xcolor patch
Package: atveryend 2016/05/16 v1.9 Hooks at the very end of document (HO)
Package hobsub Info: Skipping package `atbegshi' (already loaded).
Package: refcount 2016/05/16 v3.5 Data extraction from label references (HO)
Package: hycolor 2016/05/16 v1.8 Color options for hyperref/bookmark (HO)
)
(/usr/share/texlive/texmf-dist/tex/latex/oberdiek/auxhook.sty
Package: auxhook 2016/05/16 v1.4 Hooks for auxiliary files (HO)
)
(/usr/share/texlive/texmf-dist/tex/latex/oberdiek/kvoptions.sty
Package: kvoptions 2016/05/16 v3.12 Key value format for package options (HO)
)
\@linkdim=\dimen165
\Hy@linkcounter=\count122
\Hy@pagecounter=\count123

(/usr/share/texlive/texmf-dist/tex/latex/hyperref/pd1enc.def
File: pd1enc.def 2018/11/30 v6.88e Hyperref: PDFDocEncoding definition (HO)
Now handling font encoding PD1 ...
... no UTF-8 mapping file for font encoding PD1
)
\Hy@SavedSpaceFactor=\count124

(/usr/share/texlive/texmf-dist/tex/latex/latexconfig/hyperref.cfg
File: hyperref.cfg 2002/06/06 v1.2 hyperref configuration of TeXLive
)
Package hyperref Info: Option `bookmarks' set `true' on input line 4393.
Package hyperref Info: Option `bookmarksopen' set `true' on input line 4393.
Package hyperref Info: Option `implicit' set `false' on input line 4393.
Package hyperref Info: Hyper figures OFF on input line 4519.
Package hyperref Info: Link nesting OFF on input line 4524.
Package hyperref Info: Hyper index ON on input line 4527.
Package hyperref Info: Plain pages OFF on input line 4534.
Package hyperref Info: Backreferencing OFF on input line 4539.
Package hyperref Info: Implicit mode OFF; no redefinition of LaTeX internals.
Package hyperref Info: Bookmarks ON on input line 4772.
\c@Hy@tempcnt=\count125

(/usr/share/texlive/texmf-dist/tex/latex/url/url.sty
\Urlmuskip=\muskip10
Package: url 2013/09/16  ver 3.4  Verb mode for urls, etc.
)
LaTeX Info: Redefining \url on input line 5125.
\XeTeXLinkMargin=\dimen166
\Fld@menulength=\count126
\Field@Width=\dimen167
\Fld@charsize=\dimen168
Package hyperref Info: Hyper figures OFF on input line 6380.
Package hyperref Info: Link nesting OFF on input line 6385.
Package hyperref Info: Hyper index ON on input line 6388.
Package hyperref Info: backreferencing OFF on input line 6395.
Package hyperref Info: Link coloring OFF on input line 6400.
Package hyperref Info: Link coloring with OCG OFF on input line 6405.
Package hyperref Info: PDF/A mode OFF on input line 6410.
LaTeX Info: Redefining \ref on input line 6450.
LaTeX Info: Redefining \pageref on input line 6454.
\Hy@abspage=\count127


Package hyperref Message: Stopped early.

)
Package hyperref Info: Driver (autodetected): hpdftex.
 (/usr/share/texlive/texmf-dist/tex/latex/hyperref/hpdftex.def
File: hpdftex.def 2018/11/30 v6.88e Hyperref driver for pdfTeX
\Fld@listcount=\count128
\c@bookmark@seq@number=\count129

(/usr/share/texlive/texmf-dist/tex/latex/oberdiek/rerunfilecheck.sty
Package: rerunfilecheck 2016/05/16 v1.8 Rerun checks for auxiliary files (HO)
Package uniquecounter Info: New unique counter `rerunfilecheck' on input line 2
82.
))
(/usr/share/texlive/texmf-dist/tex/latex/beamer/beamerbaserequires.sty
(/usr/share/texlive/texmf-dist/tex/latex/beamer/beamerbasecompatibility.sty)
(/usr/share/texlive/texmf-dist/tex/latex/beamer/beamerbasefont.sty
(/usr/share/texlive/texmf-dist/tex/latex/amsfonts/amssymb.sty
Package: amssymb 2013/01/14 v3.01 AMS font symbols

(/usr/share/texlive/texmf-dist/tex/latex/amsfonts/amsfonts.sty
Package: amsfonts 2013/01/14 v3.01 Basic AMSFonts support
\@emptytoks=\toks26
\symAMSa=\mathgroup4
\symAMSb=\mathgroup5
LaTeX Font Info:    Overwriting math alphabet `\mathfrak' in version `bold'
(Font)                  U/euf/m/n --> U/euf/b/n on input line 106.
))
(/usr/share/texlive/texmf-dist/tex/latex/sansmathaccent/sansmathaccent.sty
Package: sansmathaccent 2013/03/28

(/usr/share/texlive/texmf-dist/tex/latex/filehook/filehook.sty
Package: filehook 2011/10/12 v0.5d Hooks for input files
)))
(/usr/share/texlive/texmf-dist/tex/latex/beamer/beamerbasetranslator.sty
(/usr/share/texlive/texmf-dist/tex/latex/translator/translator.sty
Package: translator 2019-05-31 v1.12a Easy translation of strings in LaTeX
))
(/usr/share/texlive/texmf-dist/tex/latex/beamer/beamerbasemisc.sty)
(/usr/share/texlive/texmf-dist/tex/latex/beamer/beamerbasetwoscreens.sty)
(/usr/share/texlive/texmf-dist/tex/latex/beamer/beamerbaseoverlay.sty
\beamer@argscount=\count130
\beamer@lastskipcover=\skip44
\beamer@trivlistdepth=\count131
)
(/usr/share/texlive/texmf-dist/tex/latex/beamer/beamerbasetitle.sty)
(/usr/share/texlive/texmf-dist/tex/latex/beamer/beamerbasesection.sty
\c@lecture=\count132
\c@part=\count133
\c@section=\count134
\c@subsection=\count135
\c@subsubsection=\count136
)
(/usr/share/texlive/texmf-dist/tex/latex/beamer/beamerbaseframe.sty
\beamer@framebox=\box41
\beamer@frametitlebox=\box42
\beamer@zoombox=\box43
\beamer@zoomcount=\count137
\beamer@zoomframecount=\count138
\beamer@frametextheight=\dimen169
\c@subsectionslide=\count139
\beamer@frametopskip=\skip45
\beamer@framebottomskip=\skip46
\beamer@frametopskipautobreak=\skip47
\beamer@framebottomskipautobreak=\skip48
\beamer@envbody=\toks27
\framewidth=\dimen170
\c@framenumber=\count140
)
(/usr/share/texlive/texmf-dist/tex/latex/beamer/beamerbaseverbatim.sty
\beamer@verbatimfileout=\write4
)
(/usr/share/texlive/texmf-dist/tex/latex/beamer/beamerbaseframesize.sty
\beamer@splitbox=\box44
\beamer@autobreakcount=\count141
\beamer@autobreaklastheight=\dimen171
\beamer@frametitletoks=\toks28
\beamer@framesubtitletoks=\toks29
)
(/usr/share/texlive/texmf-dist/tex/latex/beamer/beamerbaseframecomponents.sty
\beamer@footins=\box45
)
(/usr/share/texlive/texmf-dist/tex/latex/beamer/beamerbasecolor.sty)
(/usr/share/texlive/texmf-dist/tex/latex/beamer/beamerbasenotes.sty
\beamer@frameboxcopy=\box46
)
(/usr/share/texlive/texmf-dist/tex/latex/beamer/beamerbasetoc.sty)
(/usr/share/texlive/texmf-dist/tex/latex/beamer/beamerbasetemplates.sty
\beamer@sbttoks=\toks30

(/usr/share/texlive/texmf-dist/tex/latex/beamer/beamerbaseauxtemplates.sty
(/usr/share/texlive/texmf-dist/tex/latex/beamer/beamerbaseboxes.sty
\bmb@box=\box47
\bmb@colorbox=\box48
\bmb@boxshadow=\box49
\bmb@boxshadowball=\box50
\bmb@boxshadowballlarge=\box51
\bmb@temp=\dimen172
\bmb@dima=\dimen173
\bmb@dimb=\dimen174
\bmb@prevheight=\dimen175
)
\beamer@blockheadheight=\dimen176
))
(/usr/share/texlive/texmf-dist/tex/latex/beamer/beamerbaselocalstructure.sty
(/usr/share/texlive/texmf-dist/tex/latex/tools/enumerate.sty
Package: enumerate 2015/07/23 v3.00 enumerate extensions (DPC)
\@enLab=\toks31
)
\c@figure=\count142
\c@table=\count143
\abovecaptionskip=\skip49
\belowcaptionskip=\skip50
)
(/usr/share/texlive/texmf-dist/tex/latex/beamer/beamerbasenavigation.sty
\beamer@section@min@dim=\dimen177
)
(/usr/share/texlive/texmf-dist/tex/latex/beamer/beamerbasetheorems.sty
(/usr/share/texlive/texmf-dist/tex/latex/amsmath/amsmath.sty
Package: amsmath 2018/12/01 v2.17b AMS math features
\@mathmargin=\skip51

For additional information on amsmath, use the `?' option.
(/usr/share/texlive/texmf-dist/tex/latex/amsmath/amstext.sty
Package: amstext 2000/06/29 v2.01 AMS text

(/usr/share/texlive/texmf-dist/tex/latex/amsmath/amsgen.sty
File: amsgen.sty 1999/11/30 v2.0 generic functions
\@emptytoks=\toks32
\ex@=\dimen178
))
(/usr/share/texlive/texmf-dist/tex/latex/amsmath/amsbsy.sty
Package: amsbsy 1999/11/29 v1.2d Bold Symbols
\pmbraise@=\dimen179
)
(/usr/share/texlive/texmf-dist/tex/latex/amsmath/amsopn.sty
Package: amsopn 2016/03/08 v2.02 operator names
)
\inf@bad=\count144
LaTeX Info: Redefining \frac on input line 223.
\uproot@=\count145
\leftroot@=\count146
LaTeX Info: Redefining \overline on input line 385.
\classnum@=\count147
\DOTSCASE@=\count148
LaTeX Info: Redefining \ldots on input line 482.
LaTeX Info: Redefining \dots on input line 485.
LaTeX Info: Redefining \cdots on input line 606.
\Mathstrutbox@=\box52
\strutbox@=\box53
\big@size=\dimen180
LaTeX Font Info:    Redeclaring font encoding OML on input line 729.
LaTeX Font Info:    Redeclaring font encoding OMS on input line 730.
\macc@depth=\count149
\c@MaxMatrixCols=\count150
\dotsspace@=\muskip11
\c@parentequation=\count151
\dspbrk@lvl=\count152
\tag@help=\toks33
\row@=\count153
\column@=\count154
\maxfields@=\count155
\andhelp@=\toks34
\eqnshift@=\dimen181
\alignsep@=\dimen182
\tagshift@=\dimen183
\tagwidth@=\dimen184
\totwidth@=\dimen185
\lineht@=\dimen186
\@envbody=\toks35
\multlinegap=\skip52
\multlinetaggap=\skip53
\mathdisplay@stack=\toks36
LaTeX Info: Redefining \[ on input line 2844.
LaTeX Info: Redefining \] on input line 2845.
)
(/usr/share/texlive/texmf-dist/tex/latex/amscls/amsthm.sty
Package: amsthm 2017/10/31 v2.20.4
\thm@style=\toks37
\thm@bodyfont=\toks38
\thm@headfont=\toks39
\thm@notefont=\toks40
\thm@headpunct=\toks41
\thm@preskip=\skip54
\thm@postskip=\skip55
\thm@headsep=\skip56
\dth@everypar=\toks42
)
\c@theorem=\count156
)
(/usr/share/texlive/texmf-dist/tex/latex/beamer/beamerbasethemes.sty))
(/usr/share/texlive/texmf-dist/tex/latex/beamer/beamerthemedefault.sty
(/usr/share/texlive/texmf-dist/tex/latex/beamer/beamerfontthemedefault.sty)
(/usr/share/texlive/texmf-dist/tex/latex/beamer/beamercolorthemedefault.sty)
(/usr/share/texlive/texmf-dist/tex/latex/beamer/beamerinnerthemedefault.sty
\beamer@dima=\dimen187
\beamer@dimb=\dimen188
)
(/usr/share/texlive/texmf-dist/tex/latex/beamer/beamerouterthemedefault.sty)))
(./beamerthemetugraz2013.sty
Package: beamerthemetugraz2013 2012/10/22 TU Graz beamer theme rev12

(/usr/share/texlive/texmf-dist/tex/latex/koma-script/scrextend.sty
Package: scrextend 2019/02/01 v3.26b KOMA-Script package (extend other classes 
with features of KOMA-Script classes)

(/usr/share/texlive/texmf-dist/tex/latex/koma-script/scrkbase.sty
Package: scrkbase 2019/02/01 v3.26b KOMA-Script package (KOMA-Script-dependent 
basics and keyval usage)

(/usr/share/texlive/texmf-dist/tex/latex/koma-script/scrbase.sty
Package: scrbase 2019/02/01 v3.26b KOMA-Script package (KOMA-Script-independent
 basics and keyval usage)

(/usr/share/texlive/texmf-dist/tex/latex/koma-script/scrlfile.sty
Package: scrlfile 2019/02/01 v3.26b KOMA-Script package (loading files)
)
(/usr/share/texlive/texmf-dist/tex/latex/filehook/filehook-scrlfile.sty
Package: filehook-scrlfile 2011/01/03 v0.1 filehook patch for scrlfile package
Package filehook Info: Package 'scrlfile' detected and compensated for on input
 line 102.
)))
Package scrextend Info: unexpected definition of `\@makefnmark'.
(scrextend)             Trying to patch it on input line 1575.
Package scrextend Info: patch seems to be successfull on input line 1575.
)
(/usr/share/texlive/texmf-dist/tex/latex/tools/calc.sty
Package: calc 2017/05/25 v4.3 Infix arithmetic (KKT,FJ)
\calc@Acount=\count157
\calc@Bcount=\count158
\calc@Adimen=\dimen189
\calc@Bdimen=\dimen190
\calc@Askip=\skip57
\calc@Bskip=\skip58
LaTeX Info: Redefining \setlength on input line 80.
LaTeX Info: Redefining \addtolength on input line 81.
\calc@Ccount=\count159
\calc@Cskip=\skip59
)
(/usr/share/texlive/texmf-dist/tex/latex/textpos/textpos.sty
Package: textpos 2019/04/15 v1.9.1

Package: textpos 2019/04/15 1.9.1, absolute positioning of text on the page
\TP@textbox=\box54
\TPHorizModule=\dimen191
\TPVertModule=\dimen192
\TP@margin=\dimen193
\TP@absmargin=\dimen194
Grid set 16 x 16 = 22.7622pt x 17.07166pt
\TPboxrulesize=\dimen195
\TP@tbargs=\toks43
\TP@prevdepth=\dimen196
) (/usr/share/texlive/texmf-dist/tex/latex/setspace/setspace.sty
Package: setspace 2011/12/19 v6.7a set line spacing
)
(/usr/share/texlive/texmf-dist/tex/latex/psnfss/helvet.sty
Package: helvet 2005/04/12 PSNFSS-v9.2a (WaS) 
)
(/usr/share/texlive/texmf-dist/tex/generic/german/ngerman.sty v2.5e 1998-07-08
Package: ngerman 1998/07/08 v2.5e Support for writing german texts (br)
\grmnU@D=\dimen197
ngerman -- \language number for naustrian undefined, default 74 used.
) (/usr/share/texlive/texmf-dist/tex/latex/base/inputenc.sty
Package: inputenc 2018/08/11 v1.3c Input encoding file
\inpenc@prehook=\toks44
\inpenc@posthook=\toks45
)
(/usr/share/texlive/texmf-dist/tex/latex/pgf/frontendlayer/tikz.sty
(/usr/share/texlive/texmf-dist/tex/latex/pgf/basiclayer/pgf.sty
Package: pgf 2019/05/09 v3.1.3 (3.1.3)

(/usr/share/texlive/texmf-dist/tex/generic/pgf/modules/pgfmoduleshapes.code.tex
File: pgfmoduleshapes.code.tex 2019/05/09 v3.1.3 (3.1.3)
\pgfnodeparttextbox=\box55
) (/usr/share/texlive/texmf-dist/tex/generic/pgf/modules/pgfmoduleplot.code.tex
File: pgfmoduleplot.code.tex 2019/05/09 v3.1.3 (3.1.3)
)
(/usr/share/texlive/texmf-dist/tex/latex/pgf/compatibility/pgfcomp-version-0-65
.sty
Package: pgfcomp-version-0-65 2019/05/09 v3.1.3 (3.1.3)
\pgf@nodesepstart=\dimen198
\pgf@nodesepend=\dimen199
)
(/usr/share/texlive/texmf-dist/tex/latex/pgf/compatibility/pgfcomp-version-1-18
.sty
Package: pgfcomp-version-1-18 2019/05/09 v3.1.3 (3.1.3)
)) (/usr/share/texlive/texmf-dist/tex/latex/pgf/utilities/pgffor.sty
(/usr/share/texlive/texmf-dist/tex/latex/pgf/utilities/pgfkeys.sty
(/usr/share/texlive/texmf-dist/tex/generic/pgf/utilities/pgfkeys.code.tex))
(/usr/share/texlive/texmf-dist/tex/latex/pgf/math/pgfmath.sty
(/usr/share/texlive/texmf-dist/tex/generic/pgf/math/pgfmath.code.tex))
(/usr/share/texlive/texmf-dist/tex/generic/pgf/utilities/pgffor.code.tex
Package: pgffor 2019/05/09 v3.1.3 (3.1.3)

(/usr/share/texlive/texmf-dist/tex/generic/pgf/math/pgfmath.code.tex)
\pgffor@iter=\dimen256
\pgffor@skip=\dimen257
\pgffor@stack=\toks46
\pgffor@toks=\toks47
))
(/usr/share/texlive/texmf-dist/tex/generic/pgf/frontendlayer/tikz/tikz.code.tex
Package: tikz 2019/05/09 v3.1.3 (3.1.3)

(/usr/share/texlive/texmf-dist/tex/generic/pgf/libraries/pgflibraryplothandlers
.code.tex
File: pgflibraryplothandlers.code.tex 2019/05/09 v3.1.3 (3.1.3)
\pgf@plot@mark@count=\count160
\pgfplotmarksize=\dimen258
)
\tikz@lastx=\dimen259
\tikz@lasty=\dimen260
\tikz@lastxsaved=\dimen261
\tikz@lastysaved=\dimen262
\tikzleveldistance=\dimen263
\tikzsiblingdistance=\dimen264
\tikz@figbox=\box56
\tikz@figbox@bg=\box57
\tikz@tempbox=\box58
\tikz@tempbox@bg=\box59
\tikztreelevel=\count161
\tikznumberofchildren=\count162
\tikznumberofcurrentchild=\count163
\tikz@fig@count=\count164

(/usr/share/texlive/texmf-dist/tex/generic/pgf/modules/pgfmodulematrix.code.tex
File: pgfmodulematrix.code.tex 2019/05/09 v3.1.3 (3.1.3)
\pgfmatrixcurrentrow=\count165
\pgfmatrixcurrentcolumn=\count166
\pgf@matrix@numberofcolumns=\count167
)
\tikz@expandcount=\count168

(/usr/share/texlive/texmf-dist/tex/generic/pgf/frontendlayer/tikz/libraries/tik
zlibrarytopaths.code.tex
File: tikzlibrarytopaths.code.tex 2019/05/09 v3.1.3 (3.1.3)
)))
(/usr/share/texlive/texmf-dist/tex/generic/pgf/frontendlayer/tikz/libraries/tik
zlibrarycalc.code.tex
File: tikzlibrarycalc.code.tex 2019/05/09 v3.1.3 (3.1.3)
)
(/usr/share/texlive/texmf-dist/tex/latex/xifthen/xifthen.sty
Package: xifthen 2015/11/05 v1.4.0 Extended ifthen features

(/usr/share/texlive/texmf-dist/tex/latex/base/ifthen.sty
Package: ifthen 2014/09/29 v1.1c Standard LaTeX ifthen package (DPC)
)
(/usr/share/texlive/texmf-dist/tex/latex/ifmtarg/ifmtarg.sty
Package: ifmtarg 2018/04/16 v1.2b check for an empty argument
))
(./pgfmorepages.sty
Package: pgfmorepages 2012/06/07 ver 0.01
\pgf@logicalpages=\count169
\pgf@physicalpages=\count170
\pgf@firstshipout=\count171
\pgf@lastshipout=\count172
\pgf@currentshipout=\count173
\pgf@cpn=\count174
\pgf@clpn=\count175
\pgf@cppn=\count176
\pgfactualpage=\count177
\pgf@shipoutnextto=\count178
\pgfphysicalheight=\dimen265
\pgfphysicalwidth=\dimen266
\pgfpages@shipoutbox=\box60
) (/usr/share/texlive/texmf-dist/tex/latex/soul/soul.sty
Package: soul 2003/11/17 v2.4 letterspacing/underlining (mf)
\SOUL@word=\toks48
\SOUL@lasttoken=\toks49
\SOUL@cmds=\toks50
\SOUL@buffer=\toks51
\SOUL@token=\toks52
\SOUL@spaceskip=\skip60
\SOUL@ttwidth=\dimen267
\SOUL@uldp=\dimen268
\SOUL@ulht=\dimen269
)

LaTeX Font Warning: Font shape `OT1/cmss/m/n' in size <13> not available
(Font)              size <12> substituted on input line 24.

(/usr/share/texlive/texmf-dist/tex/latex/beamer/beamerinnerthemerounded.sty)
\myitemsep=\skip61
LaTeX Info: Redefining \so on input line 436.
)
(/usr/share/texlive/texmf-dist/tex/latex/caption/caption.sty
Package: caption 2018/10/06 v3.3-154 Customizing captions (AR)

(/usr/share/texlive/texmf-dist/tex/latex/caption/caption3.sty
Package: caption3 2018/09/12 v1.8c caption3 kernel (AR)
Package caption3 Info: TeX engine: e-TeX on input line 64.
\captionmargin=\dimen270
\captionmargin@=\dimen271
\captionwidth=\dimen272
\caption@tempdima=\dimen273
\caption@indent=\dimen274
\caption@parindent=\dimen275
\caption@hangindent=\dimen276
)
\c@caption@flags=\count179
\c@ContinuedFloat=\count180
Package caption Info: beamer document class.
Package caption Info: hyperref package is loaded.
Package caption Info: Hyperref support is turned off
(caption)             because hyperref has stopped early.
)
(/usr/share/texlive/texmf-dist/tex/latex/tools/multicol.sty
Package: multicol 2018/12/27 v1.8v multicolumn formatting (FMi)
\c@tracingmulticols=\count181
\mult@box=\box61
\multicol@leftmargin=\dimen277
\c@unbalance=\count182
\c@collectmore=\count183
\doublecol@number=\count184
\multicoltolerance=\count185
\multicolpretolerance=\count186
\full@width=\dimen278
\page@free=\dimen279
\premulticols=\dimen280
\postmulticols=\dimen281
\multicolsep=\skip62
\multicolbaselineskip=\skip63
\partial@page=\box62
\last@line=\box63
\maxbalancingoverflow=\dimen282
\mult@rightbox=\box64
\mult@grightbox=\box65
\mult@gfirstbox=\box66
\mult@firstbox=\box67
\@tempa=\box68
\@tempa=\box69
\@tempa=\box70
\@tempa=\box71
\@tempa=\box72
\@tempa=\box73
\@tempa=\box74
\@tempa=\box75
\@tempa=\box76
\@tempa=\box77
\@tempa=\box78
\@tempa=\box79
\@tempa=\box80
\@tempa=\box81
\@tempa=\box82
\@tempa=\box83
\@tempa=\box84
\c@columnbadness=\count187
\c@finalcolumnbadness=\count188
\last@try=\dimen283
\multicolovershoot=\dimen284
\multicolundershoot=\dimen285
\mult@nat@firstbox=\box85
\colbreak@box=\box86
\mc@col@check@num=\count189
)
(/usr/share/texlive/texmf-dist/tex/latex/bbding/bbding.sty
Package: bbding 1999/04/15 v1.01 Dingbats symbols
)
(/usr/share/texlive/texmf-dist/tex/latex/wasysym/wasysym.sty
Package: wasysym 2003/10/30 v2.0 Wasy-2 symbol support package
\symwasy=\mathgroup6
LaTeX Font Info:    Overwriting symbol font `wasy' in version `bold'
(Font)                  U/wasy/m/n --> U/wasy/b/n on input line 90.
)
(/usr/share/texlive/texmf-dist/tex/latex/oberdiek/picture.sty
Package: picture 2016/05/16 v1.4 Dimens for picture macros (HO)
Package picture Info: Calculation method: calc.
)
(/usr/share/texlive/texmf-dist/tex/latex/graphics/rotating.sty
Package: rotating 2016/08/11 v2.16d rotated objects in LaTeX
\c@r@tfl@t=\count190
\rotFPtop=\skip64
\rotFPbot=\skip65
\rot@float@box=\box87
\rot@mess@toks=\toks53
)

Package hyperref Warning: Token not allowed in a PDF string (PDFDocEncoding):
(hyperref)                removing `\\' on input line 95.


Package hyperref Warning: Token not allowed in a PDF string (PDFDocEncoding):
(hyperref)                removing `\\' on input line 95.

(./Lukas_Bauer_SeminarTalk.aux)
\openout1 = `Lukas_Bauer_SeminarTalk.aux'.

LaTeX Font Info:    Checking defaults for OML/cmm/m/it on input line 106.
LaTeX Font Info:    ... okay on input line 106.
LaTeX Font Info:    Checking defaults for T1/cmr/m/n on input line 106.
LaTeX Font Info:    ... okay on input line 106.
LaTeX Font Info:    Checking defaults for OT1/cmr/m/n on input line 106.
LaTeX Font Info:    ... okay on input line 106.
LaTeX Font Info:    Checking defaults for OMS/cmsy/m/n on input line 106.
LaTeX Font Info:    ... okay on input line 106.
LaTeX Font Info:    Checking defaults for OMX/cmex/m/n on input line 106.
LaTeX Font Info:    ... okay on input line 106.
LaTeX Font Info:    Checking defaults for U/cmr/m/n on input line 106.
LaTeX Font Info:    ... okay on input line 106.
LaTeX Font Info:    Checking defaults for PD1/pdf/m/n on input line 106.
LaTeX Font Info:    ... okay on input line 106.
LaTeX Font Info:    Try loading font information for OT1+phv on input line 106.


(/usr/share/texlive/texmf-dist/tex/latex/psnfss/ot1phv.fd
File: ot1phv.fd 2001/06/04 scalable font definitions for OT1/phv.
)
*geometry* driver: auto-detecting
*geometry* detected driver: pdftex
*geometry* verbose mode - [ preamble ] result:
* driver: pdftex
* paper: custom
* layout: <same size as paper>
* layoutoffset:(h,v)=(0.0pt,0.0pt)
* modes: includehead includefoot 
* h-part:(L,W,R)=(28.45274pt, 307.28987pt, 28.45274pt)
* v-part:(T,H,B)=(0.0pt, 273.14662pt, 0.0pt)
* \paperwidth=364.19536pt
* \paperheight=273.14662pt
* \textwidth=307.28987pt
* \textheight=244.6939pt
* \oddsidemargin=-43.81725pt
* \evensidemargin=-43.81725pt
* \topmargin=-72.26999pt
* \headheight=14.22636pt
* \headsep=0.0pt
* \topskip=11.0pt
* \footskip=14.22636pt
* \marginparwidth=4.0pt
* \marginparsep=10.0pt
* \columnsep=10.0pt
* \skip\footins=11.69997pt plus 5.19942pt minus 2.60054pt
* \hoffset=0.0pt
* \voffset=0.0pt
* \mag=1000
* \@twocolumnfalse
* \@twosidefalse
* \@mparswitchfalse
* \@reversemarginfalse
* (1in=72.27pt=25.4mm, 1cm=28.453pt)

(/usr/share/texlive/texmf-dist/tex/context/base/mkii/supp-pdf.mkii
[Loading MPS to PDF converter (version 2006.09.02).]
\scratchcounter=\count191
\scratchdimen=\dimen286
\scratchbox=\box88
\nofMPsegments=\count192
\nofMParguments=\count193
\everyMPshowfont=\toks54
\MPscratchCnt=\count194
\MPscratchDim=\dimen287
\MPnumerator=\count195
\makeMPintoPDFobject=\count196
\everyMPtoPDFconversion=\toks55
) (/usr/share/texlive/texmf-dist/tex/latex/oberdiek/epstopdf-base.sty
Package: epstopdf-base 2016/05/15 v2.6 Base part for package epstopdf

(/usr/share/texlive/texmf-dist/tex/latex/oberdiek/grfext.sty
Package: grfext 2016/05/16 v1.2 Manage graphics extensions (HO)
)
Package epstopdf-base Info: Redefining graphics rule for `.eps' on input line 4
38.
Package grfext Info: Graphics extension search list:
(grfext)             [.pdf,.png,.jpg,.mps,.jpeg,.jbig2,.jb2,.PDF,.PNG,.JPG,.JPE
G,.JBIG2,.JB2,.eps]
(grfext)             \AppendGraphicsExtensions on input line 456.

(/usr/share/texlive/texmf-dist/tex/latex/latexconfig/epstopdf-sys.cfg
File: epstopdf-sys.cfg 2010/07/13 v1.3 Configuration of (r)epstopdf for TeX Liv
e
))
ABD: EveryShipout initializing macros
\AtBeginShipoutBox=\box89
Package hyperref Info: Link coloring OFF on input line 106.

(/usr/share/texlive/texmf-dist/tex/latex/hyperref/nameref.sty
Package: nameref 2016/05/21 v2.44 Cross-referencing by name of section

(/usr/share/texlive/texmf-dist/tex/generic/oberdiek/gettitlestring.sty
Package: gettitlestring 2016/05/16 v1.5 Cleanup title references (HO)
)
\c@section@level=\count197
)
LaTeX Info: Redefining \ref on input line 106.
LaTeX Info: Redefining \pageref on input line 106.
LaTeX Info: Redefining \nameref on input line 106.

(./Lukas_Bauer_SeminarTalk.out) (./Lukas_Bauer_SeminarTalk.out)
\@outlinefile=\write5
\openout5 = `Lukas_Bauer_SeminarTalk.out'.

LaTeX Font Info:    Overwriting symbol font `operators' in version `normal'
(Font)                  OT1/cmr/m/n --> OT1/cmss/m/n on input line 106.
LaTeX Font Info:    Overwriting symbol font `operators' in version `bold'
(Font)                  OT1/cmr/bx/n --> OT1/cmss/bx/n on input line 106.
\symnumbers=\mathgroup7
\sympureletters=\mathgroup8
LaTeX Font Info:    Overwriting math alphabet `\mathrm' in version `normal'
(Font)                  OT1/cmss/m/n --> OT1/cmr/m/n on input line 106.
LaTeX Font Info:    Redeclaring math alphabet \mathbf on input line 106.
LaTeX Font Info:    Overwriting math alphabet `\mathbf' in version `normal'
(Font)                  OT1/cmr/bx/n --> OT1/phv/bx/n on input line 106.
LaTeX Font Info:    Overwriting math alphabet `\mathbf' in version `bold'
(Font)                  OT1/cmr/bx/n --> OT1/phv/bx/n on input line 106.
LaTeX Font Info:    Redeclaring math alphabet \mathsf on input line 106.
LaTeX Font Info:    Overwriting math alphabet `\mathsf' in version `normal'
(Font)                  OT1/cmss/m/n --> OT1/phv/m/n on input line 106.
LaTeX Font Info:    Overwriting math alphabet `\mathsf' in version `bold'
(Font)                  OT1/cmss/bx/n --> OT1/phv/m/n on input line 106.
LaTeX Font Info:    Redeclaring math alphabet \mathit on input line 106.
LaTeX Font Info:    Overwriting math alphabet `\mathit' in version `normal'
(Font)                  OT1/cmr/m/it --> OT1/phv/m/it on input line 106.
LaTeX Font Info:    Overwriting math alphabet `\mathit' in version `bold'
(Font)                  OT1/cmr/bx/it --> OT1/phv/m/it on input line 106.
LaTeX Font Info:    Redeclaring math alphabet \mathtt on input line 106.
LaTeX Font Info:    Overwriting math alphabet `\mathtt' in version `normal'
(Font)                  OT1/cmtt/m/n --> OT1/cmtt/m/n on input line 106.
LaTeX Font Info:    Overwriting math alphabet `\mathtt' in version `bold'
(Font)                  OT1/cmtt/m/n --> OT1/cmtt/m/n on input line 106.
LaTeX Font Info:    Overwriting symbol font `numbers' in version `bold'
(Font)                  OT1/phv/m/n --> OT1/phv/bx/n on input line 106.
LaTeX Font Info:    Overwriting symbol font `pureletters' in version `bold'
(Font)                  OT1/phv/m/it --> OT1/phv/bx/it on input line 106.
LaTeX Font Info:    Overwriting math alphabet `\mathrm' in version `bold'
(Font)                  OT1/cmss/bx/n --> OT1/cmr/bx/n on input line 106.
LaTeX Font Info:    Overwriting math alphabet `\mathbf' in version `bold'
(Font)                  OT1/phv/bx/n --> OT1/phv/bx/n on input line 106.
LaTeX Font Info:    Overwriting math alphabet `\mathsf' in version `bold'
(Font)                  OT1/phv/m/n --> OT1/phv/bx/n on input line 106.
LaTeX Font Info:    Overwriting math alphabet `\mathit' in version `bold'
(Font)                  OT1/phv/m/it --> OT1/phv/bx/it on input line 106.
LaTeX Font Info:    Overwriting math alphabet `\mathtt' in version `bold'
(Font)                  OT1/cmtt/m/n --> OT1/cmtt/bx/n on input line 106.

(/usr/share/texlive/texmf-dist/tex/latex/translator/translator-basic-dictionary
-English.dict
Dictionary: translator-basic-dictionary, Language: English 
)
(/usr/share/texlive/texmf-dist/tex/latex/translator/translator-bibliography-dic
tionary-English.dict
Dictionary: translator-bibliography-dictionary, Language: English 
)
(/usr/share/texlive/texmf-dist/tex/latex/translator/translator-environment-dict
ionary-English.dict
Dictionary: translator-environment-dictionary, Language: English 
)
(/usr/share/texlive/texmf-dist/tex/latex/translator/translator-months-dictionar
y-English.dict
Dictionary: translator-months-dictionary, Language: English 
)
(/usr/share/texlive/texmf-dist/tex/latex/translator/translator-numbers-dictiona
ry-English.dict
Dictionary: translator-numbers-dictionary, Language: English 
)
(/usr/share/texlive/texmf-dist/tex/latex/translator/translator-theorem-dictiona
ry-English.dict
Dictionary: translator-theorem-dictionary, Language: English 
)
Package caption Info: Begin \AtBeginDocument code.
Package caption Info: rotating package is loaded.
Package caption Info: End \AtBeginDocument code.
 (./Lukas_Bauer_SeminarTalk.nav)
<merged_logos_m.png, id=61, 6022.5pt x 1023.825pt>
File: merged_logos_m.png Graphic file (type png)
<use merged_logos_m.png>
Package pdftex.def Info: merged_logos_m.png  used on input line 106.
(pdftex.def)             Requested size: 83.6252pt x 14.22636pt.
<logo.pdf, id=63, 113.42375pt x 43.16125pt>
File: logo.pdf Graphic file (type pdf)
<use logo.pdf>
Package pdftex.def Info: logo.pdf  used on input line 106.
(pdftex.def)             Requested size: 34.42784pt x 13.1006pt.
LaTeX Font Info:    Calculating math sizes for size <13> on input line 110.


LaTeX Font Warning: Font shape `OT1/cmss/m/n' in size <6.5> not available
(Font)              size <6> substituted on input line 110.


LaTeX Font Warning: Font shape `OML/cmm/m/it' in size <13> not available
(Font)              size <12> substituted on input line 110.


LaTeX Font Warning: Font shape `OML/cmm/m/it' in size <6.5> not available
(Font)              size <6> substituted on input line 110.


LaTeX Font Warning: Font shape `OMS/cmsy/m/n' in size <13> not available
(Font)              size <12> substituted on input line 110.


LaTeX Font Warning: Font shape `OMS/cmsy/m/n' in size <6.5> not available
(Font)              size <6> substituted on input line 110.

LaTeX Font Info:    Try loading font information for U+msa on input line 110.
(/usr/share/texlive/texmf-dist/tex/latex/amsfonts/umsa.fd
File: umsa.fd 2013/01/14 v3.01 AMS symbols A
)
LaTeX Font Info:    Try loading font information for U+msb on input line 110.

(/usr/share/texlive/texmf-dist/tex/latex/amsfonts/umsb.fd
File: umsb.fd 2013/01/14 v3.01 AMS symbols B
)
LaTeX Font Info:    Try loading font information for U+wasy on input line 110.

(/usr/share/texlive/texmf-dist/tex/latex/wasysym/uwasy.fd
File: uwasy.fd 2003/10/30 v2.0 Wasy-2 symbol font definitions
)

LaTeX Font Warning: Font shape `U/wasy/m/n' in size <13> not available
(Font)              size <12> substituted on input line 110.


LaTeX Font Warning: Font shape `U/wasy/m/n' in size <6.5> not available
(Font)              size <6> substituted on input line 110.

LaTeX Font Info:    Font shape `OT1/phv/m/it' in size <13> not available
(Font)              Font shape `OT1/phv/m/sl' tried instead on input line 110.
LaTeX Font Info:    Font shape `OT1/phv/m/it' in size <9.09996> not available
(Font)              Font shape `OT1/phv/m/sl' tried instead on input line 110.
LaTeX Font Info:    Font shape `OT1/phv/m/it' in size <6.5> not available
(Font)              Font shape `OT1/phv/m/sl' tried instead on input line 110.
LaTeX Font Info:    Font shape `OT1/phv/bx/n' in size <10> not available
(Font)              Font shape `OT1/phv/b/n' tried instead on input line 110.
LaTeX Font Info:    Font shape `OT1/phv/bx/n' in size <8.66673> not available
(Font)              Font shape `OT1/phv/b/n' tried instead on input line 110.
<background.png, id=67, 860.9766pt x 417.2388pt>
File: background.png Graphic file (type png)
<use background.png>
Package pdftex.def Info: background.png  used on input line 110.
(pdftex.def)             Requested size: 433.90453pt x 210.27419pt.
File: logo.pdf Graphic file (type pdf)
<use logo.pdf>
Package pdftex.def Info: logo.pdf  used on input line 110.
(pdftex.def)             Requested size: 46.66249pt x 17.75615pt.
File: merged_logos_m.png Graphic file (type png)
<use merged_logos_m.png>
Package pdftex.def Info: merged_logos_m.png  used on input line 110.
(pdftex.def)             Requested size: 83.6252pt x 14.22636pt.
[1{/var/lib/texmf/fonts/map/pdftex/updmap/pdftex.map}

 <./background.png> <./logo.pdf> <./merged_logos_m.png>]
<FIGURES/Deuterium-tritium_fusion.png, id=80, 1927.2pt x 2274.4975pt>
File: FIGURES/Deuterium-tritium_fusion.png Graphic file (type png)
<use FIGURES/Deuterium-tritium_fusion.png>
Package pdftex.def Info: FIGURES/Deuterium-tritium_fusion.png  used on input li
ne 155.
(pdftex.def)             Requested size: 110.62401pt x 127.26353pt.
LaTeX Font Info:    Calculating math sizes for size <11.86258> on input line 15
5.
LaTeX Font Info:    Font shape `OT1/phv/m/it' in size <11.86258> not available
(Font)              Font shape `OT1/phv/m/sl' tried instead on input line 155.
LaTeX Font Info:    Font shape `OT1/phv/m/it' in size <8.30376> not available
(Font)              Font shape `OT1/phv/m/sl' tried instead on input line 155.
LaTeX Font Info:    Font shape `OT1/phv/m/it' in size <5.93129> not available
(Font)              Font shape `OT1/phv/m/sl' tried instead on input line 155.

Overfull \hbox (19.91681pt too wide) in paragraph at lines 155--155
[][][] 
 []

File: logo.pdf Graphic file (type pdf)
<use logo.pdf>
Package pdftex.def Info: logo.pdf  used on input line 155.
(pdftex.def)             Requested size: 34.42784pt x 13.1006pt.
File: merged_logos_m.png Graphic file (type png)
<use merged_logos_m.png>
Package pdftex.def Info: merged_logos_m.png  used on input line 155.
(pdftex.def)             Requested size: 83.6252pt x 14.22636pt.
[2

 <./FIGURES/Deuterium-tritium_fusion.png>]
Package epstopdf Info: Source file: <FIGURES/Schematic-of-a-Tokamak-fusion-reac
tor-Source-Fusion-for-energy.eps>
(epstopdf)                    date: 2020-06-24 11:31:45
(epstopdf)                    size: 207711 bytes
(epstopdf)             Output file: <FIGURES/Schematic-of-a-Tokamak-fusion-reac
tor-Source-Fusion-for-energy-eps-converted-to.pdf>
(epstopdf)                    date: 2020-06-24 11:32:51
(epstopdf)                    size: 54784 bytes
(epstopdf)             Command: <repstopdf --outfile=FIGURES/Schematic-of-a-Tok
amak-fusion-reactor-Source-Fusion-for-energy-eps-converted-to.pdf FIGURES/Schem
atic-of-a-Tokamak-fusion-reactor-Source-Fusion-for-energy.eps>
(epstopdf)             \includegraphics on input line 185.
Package epstopdf Info: Output file is already uptodate.
<FIGURES/Schematic-of-a-Tokamak-fusion-reactor-Source-Fusion-for-energy-eps-con
verted-to.pdf, id=91, 97.36375pt x 61.22874pt>
File: FIGURES/Schematic-of-a-Tokamak-fusion-reactor-Source-Fusion-for-energy-ep
s-converted-to.pdf Graphic file (type pdf)
<use FIGURES/Schematic-of-a-Tokamak-fusion-reactor-Source-Fusion-for-energy-eps
-converted-to.pdf>
Package pdftex.def Info: FIGURES/Schematic-of-a-Tokamak-fusion-reactor-Source-F
usion-for-energy-eps-converted-to.pdf  used on input line 185.
(pdftex.def)             Requested size: 110.62401pt x 69.56976pt.
<FIGURES/W7X-Spulen_Plasma_blau_gelb.jpg, id=93, 542.025pt x 337.26pt>
File: FIGURES/W7X-Spulen_Plasma_blau_gelb.jpg Graphic file (type jpg)
<use FIGURES/W7X-Spulen_Plasma_blau_gelb.jpg>
Package pdftex.def Info: FIGURES/W7X-Spulen_Plasma_blau_gelb.jpg  used on input
 line 185.
(pdftex.def)             Requested size: 124.4507pt x 77.43436pt.
LaTeX Font Info:    Font shape `OT1/phv/m/it' in size <12> not available
(Font)              Font shape `OT1/phv/m/sl' tried instead on input line 185.
LaTeX Font Info:    Font shape `OT1/phv/m/it' in size <8> not available
(Font)              Font shape `OT1/phv/m/sl' tried instead on input line 185.
LaTeX Font Info:    Font shape `OT1/phv/m/it' in size <6> not available
(Font)              Font shape `OT1/phv/m/sl' tried instead on input line 185.

Overfull \hbox (19.91681pt too wide) in paragraph at lines 185--185
[][][] 
 []


Overfull \vbox (8.65402pt too high) detected at line 185
 []

File: logo.pdf Graphic file (type pdf)
<use logo.pdf>
Package pdftex.def Info: logo.pdf  used on input line 185.
(pdftex.def)             Requested size: 34.42784pt x 13.1006pt.
File: merged_logos_m.png Graphic file (type png)
<use merged_logos_m.png>
Package pdftex.def Info: merged_logos_m.png  used on input line 185.
(pdftex.def)             Requested size: 83.6252pt x 14.22636pt.
[3

 <./FIGURES/Schematic-of-a-Tokamak-fusion-reactor-Source-Fusion-for-energy-eps-
converted-to.pdf> <./FIGURES/W7X-Spulen_Plasma_blau_gelb.jpg>]
LaTeX Font Info:    Font shape `OT1/phv/m/it' in size <10> not available
(Font)              Font shape `OT1/phv/m/sl' tried instead on input line 220.
LaTeX Font Info:    Font shape `OT1/phv/m/it' in size <7> not available
(Font)              Font shape `OT1/phv/m/sl' tried instead on input line 220.
LaTeX Font Info:    Font shape `OT1/phv/m/it' in size <5> not available
(Font)              Font shape `OT1/phv/m/sl' tried instead on input line 220.

Overfull \hbox (19.91681pt too wide) in paragraph at lines 220--220
[][][] 
 []

File: logo.pdf Graphic file (type pdf)
<use logo.pdf>
Package pdftex.def Info: logo.pdf  used on input line 220.
(pdftex.def)             Requested size: 34.42784pt x 13.1006pt.
File: merged_logos_m.png Graphic file (type png)
<use merged_logos_m.png>
Package pdftex.def Info: merged_logos_m.png  used on input line 220.
(pdftex.def)             Requested size: 83.6252pt x 14.22636pt.
[4

]
<FIGURES/guiding_center.jpg, id=117, 678.1335pt x 508.299pt>
File: FIGURES/guiding_center.jpg Graphic file (type jpg)
<use FIGURES/guiding_center.jpg>
Package pdftex.def Info: FIGURES/guiding_center.jpg  used on input line 245.
(pdftex.def)             Requested size: 152.10828pt x 101.2492pt.

Overfull \hbox (13.82878pt too wide) in paragraph at lines 245--245
 [] 
 []


Overfull \hbox (19.91681pt too wide) in paragraph at lines 245--245
[][][] 
 []

File: logo.pdf Graphic file (type pdf)
<use logo.pdf>
Package pdftex.def Info: logo.pdf  used on input line 245.
(pdftex.def)             Requested size: 34.42784pt x 13.1006pt.
File: merged_logos_m.png Graphic file (type png)
<use merged_logos_m.png>
Package pdftex.def Info: merged_logos_m.png  used on input line 245.
(pdftex.def)             Requested size: 83.6252pt x 14.22636pt.
[5

 <./FIGURES/guiding_center.jpg>]

pdfTeX warning: /usr/bin/pdflatex (file ./FIGURES/guiding_center_drawn2.pdf): P
DF inclusion: found PDF version <1.7>, but at most version <1.5> allowed
<FIGURES/guiding_center_drawn2.pdf, id=126, 597.50804pt x 845.0471pt>
File: FIGURES/guiding_center_drawn2.pdf Graphic file (type pdf)
<use FIGURES/guiding_center_drawn2.pdf>
Package pdftex.def Info: FIGURES/guiding_center_drawn2.pdf  used on input line 
269.
(pdftex.def)             Requested size: 153.64493pt x 130.086pt.
LaTeX Font Info:    Font shape `OT1/phv/bx/n' in size <12> not available
(Font)              Font shape `OT1/phv/b/n' tried instead on input line 269.
LaTeX Font Info:    Font shape `OT1/phv/bx/n' in size <16> not available
(Font)              Font shape `OT1/phv/b/n' tried instead on input line 269.

Overfull \hbox (19.91681pt too wide) in paragraph at lines 269--269
[][][] 
 []

File: logo.pdf Graphic file (type pdf)
<use logo.pdf>
Package pdftex.def Info: logo.pdf  used on input line 269.
(pdftex.def)             Requested size: 34.42784pt x 13.1006pt.
File: merged_logos_m.png Graphic file (type png)
<use merged_logos_m.png>
Package pdftex.def Info: merged_logos_m.png  used on input line 269.
(pdftex.def)             Requested size: 83.6252pt x 14.22636pt.
[6

 <./FIGURES/guiding_center_drawn2.pdf>]
Overfull \hbox (19.91681pt too wide) in paragraph at lines 283--283
[][][] 
 []

File: logo.pdf Graphic file (type pdf)
<use logo.pdf>
Package pdftex.def Info: logo.pdf  used on input line 283.
(pdftex.def)             Requested size: 34.42784pt x 13.1006pt.
File: merged_logos_m.png Graphic file (type png)
<use merged_logos_m.png>
Package pdftex.def Info: merged_logos_m.png  used on input line 283.
(pdftex.def)             Requested size: 83.6252pt x 14.22636pt.
[7

]
<FIGURES/cycle01.pdf, id=160, 963.6pt x 542.025pt>
File: FIGURES/cycle01.pdf Graphic file (type pdf)
<use FIGURES/cycle01.pdf>
Package pdftex.def Info: FIGURES/cycle01.pdf  used on input line 292.
(pdftex.def)             Requested size: 307.28987pt x 145.62766pt.

Overfull \hbox (19.91681pt too wide) in paragraph at lines 292--292
[][][] 
 []

File: logo.pdf Graphic file (type pdf)
<use logo.pdf>
Package pdftex.def Info: logo.pdf  used on input line 292.
(pdftex.def)             Requested size: 34.42784pt x 13.1006pt.
File: merged_logos_m.png Graphic file (type png)
<use merged_logos_m.png>
Package pdftex.def Info: merged_logos_m.png  used on input line 292.
(pdftex.def)             Requested size: 83.6252pt x 14.22636pt.
[8

 <./FIGURES/cycle01.pdf>]
Overfull \hbox (19.91681pt too wide) in paragraph at lines 316--316
[][][] 
 []

File: logo.pdf Graphic file (type pdf)
<use logo.pdf>
Package pdftex.def Info: logo.pdf  used on input line 316.
(pdftex.def)             Requested size: 34.42784pt x 13.1006pt.
File: merged_logos_m.png Graphic file (type png)
<use merged_logos_m.png>
Package pdftex.def Info: merged_logos_m.png  used on input line 316.
(pdftex.def)             Requested size: 83.6252pt x 14.22636pt.
[9

]
Overfull \hbox (19.91681pt too wide) in paragraph at lines 336--336
[][][] 
 []

File: logo.pdf Graphic file (type pdf)
<use logo.pdf>
Package pdftex.def Info: logo.pdf  used on input line 336.
(pdftex.def)             Requested size: 34.42784pt x 13.1006pt.
File: merged_logos_m.png Graphic file (type png)
<use merged_logos_m.png>
Package pdftex.def Info: merged_logos_m.png  used on input line 336.
(pdftex.def)             Requested size: 83.6252pt x 14.22636pt.
[10

]

Package hyperref Warning: Ignoring empty anchor on input line 354.


LaTeX Font Warning: Font shape `OT1/cmr/m/n' in size <13> not available
(Font)              size <12> substituted on input line 354.


LaTeX Font Warning: Font shape `OT1/cmr/m/n' in size <6.5> not available
(Font)              size <6> substituted on input line 354.


Overfull \hbox (19.91681pt too wide) in paragraph at lines 354--354
[][][] 
 []


Overfull \vbox (6.89772pt too high) detected at line 354
 []

File: logo.pdf Graphic file (type pdf)
<use logo.pdf>
Package pdftex.def Info: logo.pdf  used on input line 354.
(pdftex.def)             Requested size: 34.42784pt x 13.1006pt.
File: merged_logos_m.png Graphic file (type png)
<use merged_logos_m.png>
Package pdftex.def Info: merged_logos_m.png  used on input line 354.
(pdftex.def)             Requested size: 83.6252pt x 14.22636pt.
[11

]
LaTeX Font Info:    Font shape `OT1/phv/bx/n' in size <8> not available
(Font)              Font shape `OT1/phv/b/n' tried instead on input line 371.
LaTeX Font Info:    Font shape `OT1/phv/bx/n' in size <6> not available
(Font)              Font shape `OT1/phv/b/n' tried instead on input line 371.

Overfull \hbox (19.91681pt too wide) in paragraph at lines 371--371
[][][] 
 []

File: logo.pdf Graphic file (type pdf)
<use logo.pdf>
Package pdftex.def Info: logo.pdf  used on input line 371.
(pdftex.def)             Requested size: 34.42784pt x 13.1006pt.
File: merged_logos_m.png Graphic file (type png)
<use merged_logos_m.png>
Package pdftex.def Info: merged_logos_m.png  used on input line 371.
(pdftex.def)             Requested size: 83.6252pt x 14.22636pt.
[12

]
Overfull \hbox (19.91681pt too wide) in paragraph at lines 385--385
[][][] 
 []

File: logo.pdf Graphic file (type pdf)
<use logo.pdf>
Package pdftex.def Info: logo.pdf  used on input line 385.
(pdftex.def)             Requested size: 34.42784pt x 13.1006pt.
File: merged_logos_m.png Graphic file (type png)
<use merged_logos_m.png>
Package pdftex.def Info: merged_logos_m.png  used on input line 385.
(pdftex.def)             Requested size: 83.6252pt x 14.22636pt.
[13

]
Overfull \hbox (19.91681pt too wide) in paragraph at lines 408--408
[][][] 
 []

File: logo.pdf Graphic file (type pdf)
<use logo.pdf>
Package pdftex.def Info: logo.pdf  used on input line 408.
(pdftex.def)             Requested size: 34.42784pt x 13.1006pt.
File: merged_logos_m.png Graphic file (type png)
<use merged_logos_m.png>
Package pdftex.def Info: merged_logos_m.png  used on input line 408.
(pdftex.def)             Requested size: 83.6252pt x 14.22636pt.
[14

]
Package epstopdf Info: Source file: <FIGURES/linearization.eps>
(epstopdf)                    date: 2020-07-02 17:28:11
(epstopdf)                    size: 27906 bytes
(epstopdf)             Output file: <FIGURES/linearization-eps-converted-to.pdf
>
(epstopdf)                    date: 2020-07-04 11:53:53
(epstopdf)                    size: 28669 bytes
(epstopdf)             Command: <repstopdf --outfile=FIGURES/linearization-eps-
converted-to.pdf FIGURES/linearization.eps>
(epstopdf)             \includegraphics on input line 430.
Package epstopdf Info: Output file is already uptodate.
<FIGURES/linearization-eps-converted-to.pdf, id=291, 679.53876pt x 545.03625pt>

File: FIGURES/linearization-eps-converted-to.pdf Graphic file (type pdf)
<use FIGURES/linearization-eps-converted-to.pdf>
Package pdftex.def Info: FIGURES/linearization-eps-converted-to.pdf  used on in
put line 430.
(pdftex.def)             Requested size: 152.10828pt x 113.78804pt.

Overfull \hbox (13.82878pt too wide) in paragraph at lines 430--430
 [] 
 []

LaTeX Font Info:    Try loading font information for OMS+phv on input line 430.

(/usr/share/texlive/texmf-dist/tex/latex/psnfss/omsphv.fd
File: omsphv.fd 
)
LaTeX Font Info:    Font shape `OMS/phv/m/n' in size <12> not available
(Font)              Font shape `OMS/cmsy/m/n' tried instead on input line 430.
LaTeX Font Info:    Calculating math sizes for size <16> on input line 430.


LaTeX Font Warning: Font shape `OT1/cmss/m/n' in size <16> not available
(Font)              size <17.28> substituted on input line 430.


LaTeX Font Warning: Font shape `OT1/cmr/m/n' in size <16> not available
(Font)              size <17.28> substituted on input line 430.


LaTeX Font Warning: Font shape `OML/cmm/m/it' in size <16> not available
(Font)              size <17.28> substituted on input line 430.


LaTeX Font Warning: Font shape `OMS/cmsy/m/n' in size <16> not available
(Font)              size <17.28> substituted on input line 430.

LaTeX Font Info:    Font shape `OT1/phv/bx/n' in size <11.19995> not available
(Font)              Font shape `OT1/phv/b/n' tried instead on input line 430.

LaTeX Font Warning: Font shape `U/wasy/m/n' in size <16> not available
(Font)              size <17.28> substituted on input line 430.

LaTeX Font Info:    Font shape `OT1/phv/m/it' in size <16> not available
(Font)              Font shape `OT1/phv/m/sl' tried instead on input line 430.
LaTeX Font Info:    Font shape `OT1/phv/m/it' in size <11.19995> not available
(Font)              Font shape `OT1/phv/m/sl' tried instead on input line 430.

Overfull \hbox (19.91681pt too wide) in paragraph at lines 430--430
[][][] 
 []

File: logo.pdf Graphic file (type pdf)
<use logo.pdf>
Package pdftex.def Info: logo.pdf  used on input line 430.
(pdftex.def)             Requested size: 34.42784pt x 13.1006pt.
File: merged_logos_m.png Graphic file (type png)
<use merged_logos_m.png>
Package pdftex.def Info: merged_logos_m.png  used on input line 430.
(pdftex.def)             Requested size: 83.6252pt x 14.22636pt.
[15

 <./FIGURES/linearization-eps-converted-to.pdf>]
Package epstopdf Info: Source file: <FIGURES/HangingNode.eps>
(epstopdf)                    date: 2020-06-22 13:42:05
(epstopdf)                    size: 13897 bytes
(epstopdf)             Output file: <FIGURES/HangingNode-eps-converted-to.pdf>
(epstopdf)                    date: 2020-06-22 13:43:35
(epstopdf)                    size: 3259 bytes
(epstopdf)             Command: <repstopdf --outfile=FIGURES/HangingNode-eps-co
nverted-to.pdf FIGURES/HangingNode.eps>
(epstopdf)             \includegraphics on input line 451.
Package epstopdf Info: Output file is already uptodate.
<FIGURES/HangingNode-eps-converted-to.pdf, id=306, 421.575pt x 316.18124pt>
File: FIGURES/HangingNode-eps-converted-to.pdf Graphic file (type pdf)
<use FIGURES/HangingNode-eps-converted-to.pdf>
Package pdftex.def Info: FIGURES/HangingNode-eps-converted-to.pdf  used on inpu
t line 451.
(pdftex.def)             Requested size: 152.10828pt x 109.89447pt.

Overfull \hbox (13.82878pt too wide) in paragraph at lines 451--451
 [] 
 []


Overfull \hbox (19.91681pt too wide) in paragraph at lines 451--451
[][][] 
 []

File: logo.pdf Graphic file (type pdf)
<use logo.pdf>
Package pdftex.def Info: logo.pdf  used on input line 451.
(pdftex.def)             Requested size: 34.42784pt x 13.1006pt.
File: merged_logos_m.png Graphic file (type png)
<use merged_logos_m.png>
Package pdftex.def Info: merged_logos_m.png  used on input line 451.
(pdftex.def)             Requested size: 83.6252pt x 14.22636pt.
[16

 <./FIGURES/HangingNode-eps-converted-to.pdf>]
Overfull \hbox (19.91681pt too wide) in paragraph at lines 460--460
[][][] 
 []

File: logo.pdf Graphic file (type pdf)
<use logo.pdf>
Package pdftex.def Info: logo.pdf  used on input line 460.
(pdftex.def)             Requested size: 34.42784pt x 13.1006pt.
File: merged_logos_m.png Graphic file (type png)
<use merged_logos_m.png>
Package pdftex.def Info: merged_logos_m.png  used on input line 460.
(pdftex.def)             Requested size: 83.6252pt x 14.22636pt.
[17

]
<FIGURES/3d_grid_sketch_torus.pdf, id=323, 404.93584pt x 293.71834pt>
File: FIGURES/3d_grid_sketch_torus.pdf Graphic file (type pdf)
<use FIGURES/3d_grid_sketch_torus.pdf>
Package pdftex.def Info: FIGURES/3d_grid_sketch_torus.pdf  used on input line 4
89.
(pdftex.def)             Requested size: 110.62401pt x 56.91927pt.
Package epstopdf Info: Source file: <FIGURES/Tetra_split.eps>
(epstopdf)                    date: 2020-06-21 13:37:22
(epstopdf)                    size: 80380 bytes
(epstopdf)             Output file: <FIGURES/Tetra_split-eps-converted-to.pdf>
(epstopdf)                    date: 2020-06-28 09:21:57
(epstopdf)                    size: 76898 bytes
(epstopdf)             Command: <repstopdf --outfile=FIGURES/Tetra_split-eps-co
nverted-to.pdf FIGURES/Tetra_split.eps>
(epstopdf)             \includegraphics on input line 489.
Package epstopdf Info: Output file is already uptodate.
<FIGURES/Tetra_split-eps-converted-to.pdf, id=325, 1152.305pt x 1018.80624pt>
File: FIGURES/Tetra_split-eps-converted-to.pdf Graphic file (type pdf)
<use FIGURES/Tetra_split-eps-converted-to.pdf>
Package pdftex.def Info: FIGURES/Tetra_split-eps-converted-to.pdf  used on inpu
t line 489.
(pdftex.def)             Requested size: 110.62401pt x 84.14177pt.

Overfull \hbox (19.91681pt too wide) in paragraph at lines 489--489
[][][] 
 []


Overfull \vbox (2.83896pt too high) detected at line 489
 []

File: logo.pdf Graphic file (type pdf)
<use logo.pdf>
Package pdftex.def Info: logo.pdf  used on input line 489.
(pdftex.def)             Requested size: 34.42784pt x 13.1006pt.
File: merged_logos_m.png Graphic file (type png)
<use merged_logos_m.png>
Package pdftex.def Info: merged_logos_m.png  used on input line 489.
(pdftex.def)             Requested size: 83.6252pt x 14.22636pt.
[18

 <./FIGURES/3d_grid_sketch_torus.pdf> <./FIGURES/Tetra_split-eps-converted-to.p
df>]
<FIGURES/slice_grid_rect.png, id=358, 978.65625pt x 1032.85875pt>
File: FIGURES/slice_grid_rect.png Graphic file (type png)
<use FIGURES/slice_grid_rect.png>
Package pdftex.def Info: FIGURES/slice_grid_rect.png  used on input line 513.
(pdftex.def)             Requested size: 153.64493pt x 144.28801pt.
<FIGURES/full_grid_rect.png, id=360, 1018.80624pt x 809.0225pt>
File: FIGURES/full_grid_rect.png Graphic file (type png)
<use FIGURES/full_grid_rect.png>
Package pdftex.def Info: FIGURES/full_grid_rect.png  used on input line 513.
(pdftex.def)             Requested size: 153.64493pt x 109.13019pt.

Overfull \hbox (19.91681pt too wide) in paragraph at lines 513--513
[][][] 
 []

File: logo.pdf Graphic file (type pdf)
<use logo.pdf>
Package pdftex.def Info: logo.pdf  used on input line 513.
(pdftex.def)             Requested size: 34.42784pt x 13.1006pt.
File: merged_logos_m.png Graphic file (type png)
<use merged_logos_m.png>
Package pdftex.def Info: merged_logos_m.png  used on input line 513.
(pdftex.def)             Requested size: 83.6252pt x 14.22636pt.
[19

 <./FIGURES/slice_grid_rect.png> <./FIGURES/full_grid_rect.png>]
Package epstopdf Info: Source file: <FIGURES/field_lines_rect_grid2.eps>
(epstopdf)                    date: 2020-06-28 09:40:06
(epstopdf)                    size: 104556 bytes
(epstopdf)             Output file: <FIGURES/field_lines_rect_grid2-eps-convert
ed-to.pdf>
(epstopdf)                    date: 2020-06-28 09:40:13
(epstopdf)                    size: 100292 bytes
(epstopdf)             Command: <repstopdf --outfile=FIGURES/field_lines_rect_g
rid2-eps-converted-to.pdf FIGURES/field_lines_rect_grid2.eps>
(epstopdf)             \includegraphics on input line 538.
Package epstopdf Info: Output file is already uptodate.
<FIGURES/field_lines_rect_grid2-eps-converted-to.pdf, id=373, 568.1225pt x 422.
57875pt>
File: FIGURES/field_lines_rect_grid2-eps-converted-to.pdf Graphic file (type pd
f)
<use FIGURES/field_lines_rect_grid2-eps-converted-to.pdf>
Package pdftex.def Info: FIGURES/field_lines_rect_grid2-eps-converted-to.pdf  u
sed on input line 538.
(pdftex.def)             Requested size: 169.01036pt x 125.71068pt.

Overfull \hbox (19.91681pt too wide) in paragraph at lines 538--538
[][][] 
 []

File: logo.pdf Graphic file (type pdf)
<use logo.pdf>
Package pdftex.def Info: logo.pdf  used on input line 538.
(pdftex.def)             Requested size: 34.42784pt x 13.1006pt.
File: merged_logos_m.png Graphic file (type png)
<use merged_logos_m.png>
Package pdftex.def Info: merged_logos_m.png  used on input line 538.
(pdftex.def)             Requested size: 83.6252pt x 14.22636pt.
[20

 <./FIGURES/field_lines_rect_grid2-eps-converted-to.pdf>]
Package epstopdf Info: Source file: <FIGURES/field_lines_fine_rect_grid.eps>
(epstopdf)                    date: 2020-03-17 16:03:28
(epstopdf)                    size: 73620 bytes
(epstopdf)             Output file: <FIGURES/field_lines_fine_rect_grid-eps-con
verted-to.pdf>
(epstopdf)                    date: 2020-07-04 13:25:12
(epstopdf)                    size: 67797 bytes
(epstopdf)             Command: <repstopdf --outfile=FIGURES/field_lines_fine_r
ect_grid-eps-converted-to.pdf FIGURES/field_lines_fine_rect_grid.eps>
(epstopdf)             \includegraphics on input line 564.
Package epstopdf Info: Output file is already uptodate.
<FIGURES/field_lines_fine_rect_grid-eps-converted-to.pdf, id=388, 422.57875pt x
 317.185pt>
File: FIGURES/field_lines_fine_rect_grid-eps-converted-to.pdf Graphic file (typ
e pdf)
<use FIGURES/field_lines_fine_rect_grid-eps-converted-to.pdf>
Package pdftex.def Info: FIGURES/field_lines_fine_rect_grid-eps-converted-to.pd
f  used on input line 564.
(pdftex.def)             Requested size: 169.01036pt x 126.86206pt.

Overfull \hbox (19.91681pt too wide) in paragraph at lines 564--564
[][][] 
 []

File: logo.pdf Graphic file (type pdf)
<use logo.pdf>
Package pdftex.def Info: logo.pdf  used on input line 564.
(pdftex.def)             Requested size: 34.42784pt x 13.1006pt.
File: merged_logos_m.png Graphic file (type png)
<use merged_logos_m.png>
Package pdftex.def Info: merged_logos_m.png  used on input line 564.
(pdftex.def)             Requested size: 83.6252pt x 14.22636pt.
[21

 <./FIGURES/field_lines_fine_rect_grid-eps-converted-to.pdf>]
<FIGURES/magnetic_field_labeled0.jpg, id=403, 732.7375pt x 550.055pt>
File: FIGURES/magnetic_field_labeled0.jpg Graphic file (type jpg)
<use FIGURES/magnetic_field_labeled0.jpg>
Package pdftex.def Info: FIGURES/magnetic_field_labeled0.jpg  used on input lin
e 598.
(pdftex.def)             Requested size: 153.64493pt x 115.3387pt.
LaTeX Font Info:    Font shape `OT1/phv/bx/n' in size <7> not available
(Font)              Font shape `OT1/phv/b/n' tried instead on input line 598.
LaTeX Font Info:    Font shape `OT1/phv/bx/n' in size <5> not available
(Font)              Font shape `OT1/phv/b/n' tried instead on input line 598.

Overfull \hbox (19.91681pt too wide) in paragraph at lines 598--598
[][][] 
 []

File: logo.pdf Graphic file (type pdf)
<use logo.pdf>
Package pdftex.def Info: logo.pdf  used on input line 598.
(pdftex.def)             Requested size: 34.42784pt x 13.1006pt.
File: merged_logos_m.png Graphic file (type png)
<use merged_logos_m.png>
Package pdftex.def Info: merged_logos_m.png  used on input line 598.
(pdftex.def)             Requested size: 83.6252pt x 14.22636pt.
[22

 <./FIGURES/magnetic_field_labeled0.jpg>]
File: FIGURES/magnetic_field_labeled0.jpg Graphic file (type jpg)
<use FIGURES/magnetic_field_labeled0.jpg>
Package pdftex.def Info: FIGURES/magnetic_field_labeled0.jpg  used on input lin
e 631.
(pdftex.def)             Requested size: 153.64493pt x 115.3387pt.
LaTeX Font Info:    Font shape `OT1/phv/bx/n' in size <13> not available
(Font)              Font shape `OT1/phv/b/n' tried instead on input line 631.

Overfull \hbox (19.91681pt too wide) in paragraph at lines 631--631
[][][] 
 []

File: logo.pdf Graphic file (type pdf)
<use logo.pdf>
Package pdftex.def Info: logo.pdf  used on input line 631.
(pdftex.def)             Requested size: 34.42784pt x 13.1006pt.
File: merged_logos_m.png Graphic file (type png)
<use merged_logos_m.png>
Package pdftex.def Info: merged_logos_m.png  used on input line 631.
(pdftex.def)             Requested size: 83.6252pt x 14.22636pt.
[23

]
<FIGURES/magnetic_field_labeled.jpg, id=420, 733.74126pt x 551.05875pt>
File: FIGURES/magnetic_field_labeled.jpg Graphic file (type jpg)
<use FIGURES/magnetic_field_labeled.jpg>
Package pdftex.def Info: FIGURES/magnetic_field_labeled.jpg  used on input line
 660.
(pdftex.def)             Requested size: 153.64493pt x 115.3894pt.

Overfull \hbox (19.91681pt too wide) in paragraph at lines 660--660
[][][] 
 []

File: logo.pdf Graphic file (type pdf)
<use logo.pdf>
Package pdftex.def Info: logo.pdf  used on input line 660.
(pdftex.def)             Requested size: 34.42784pt x 13.1006pt.
File: merged_logos_m.png Graphic file (type png)
<use merged_logos_m.png>
Package pdftex.def Info: merged_logos_m.png  used on input line 660.
(pdftex.def)             Requested size: 83.6252pt x 14.22636pt.
[24

 <./FIGURES/magnetic_field_labeled.jpg>]
<FIGURES/field_lines_torus.pdf, id=429, 867.24pt x 578.16pt>
File: FIGURES/field_lines_torus.pdf Graphic file (type pdf)
<use FIGURES/field_lines_torus.pdf>
Package pdftex.def Info: FIGURES/field_lines_torus.pdf  used on input line 691.

(pdftex.def)             Requested size: 153.64493pt x 102.42342pt.

Overfull \hbox (19.91681pt too wide) in paragraph at lines 691--691
[][][] 
 []

File: logo.pdf Graphic file (type pdf)
<use logo.pdf>
Package pdftex.def Info: logo.pdf  used on input line 691.
(pdftex.def)             Requested size: 34.42784pt x 13.1006pt.
File: merged_logos_m.png Graphic file (type png)
<use merged_logos_m.png>
Package pdftex.def Info: merged_logos_m.png  used on input line 691.
(pdftex.def)             Requested size: 83.6252pt x 14.22636pt.
[25

 <./FIGURES/field_lines_torus.pdf>]

pdfTeX warning: /usr/bin/pdflatex (file ./FIGURES/getOpoint.pdf): PDF inclusion
: found PDF version <1.7>, but at most version <1.5> allowed
<FIGURES/getOpoint.pdf, id=467, 597.50804pt x 845.0471pt>
File: FIGURES/getOpoint.pdf Graphic file (type pdf)
<use FIGURES/getOpoint.pdf>
Package pdftex.def Info: FIGURES/getOpoint.pdf  used on input line 718.
(pdftex.def)             Requested size: 92.18788pt x 134.51889pt.
LaTeX Font Info:    Font shape `OT1/phv/bx/n' in size <11.86258> not available
(Font)              Font shape `OT1/phv/b/n' tried instead on input line 718.
LaTeX Font Info:    Font shape `OT1/phv/bx/n' in size <8.30376> not available
(Font)              Font shape `OT1/phv/b/n' tried instead on input line 718.
LaTeX Font Info:    Font shape `OT1/phv/bx/n' in size <5.93129> not available
(Font)              Font shape `OT1/phv/b/n' tried instead on input line 718.

Overfull \hbox (19.91681pt too wide) in paragraph at lines 718--718
[][][] 
 []

File: logo.pdf Graphic file (type pdf)
<use logo.pdf>
Package pdftex.def Info: logo.pdf  used on input line 718.
(pdftex.def)             Requested size: 34.42784pt x 13.1006pt.
File: merged_logos_m.png Graphic file (type png)
<use merged_logos_m.png>
Package pdftex.def Info: merged_logos_m.png  used on input line 718.
(pdftex.def)             Requested size: 83.6252pt x 14.22636pt.
[26

 <./FIGURES/getOpoint.pdf>]

pdfTeX warning: /usr/bin/pdflatex (file ./FIGURES/getXpoint.pdf): PDF inclusion
: found PDF version <1.7>, but at most version <1.5> allowed
<FIGURES/getXpoint.pdf, id=493, 597.50804pt x 845.0471pt>
File: FIGURES/getXpoint.pdf Graphic file (type pdf)
<use FIGURES/getXpoint.pdf>
Package pdftex.def Info: FIGURES/getXpoint.pdf  used on input line 744.
(pdftex.def)             Requested size: 92.18788pt x 151.5898pt.

Overfull \hbox (19.91681pt too wide) in paragraph at lines 744--744
[][][] 
 []


Overfull \vbox (12.59412pt too high) detected at line 744
 []

File: logo.pdf Graphic file (type pdf)
<use logo.pdf>
Package pdftex.def Info: logo.pdf  used on input line 744.
(pdftex.def)             Requested size: 34.42784pt x 13.1006pt.
File: merged_logos_m.png Graphic file (type png)
<use merged_logos_m.png>
Package pdftex.def Info: merged_logos_m.png  used on input line 744.
(pdftex.def)             Requested size: 83.6252pt x 14.22636pt.
[27

 <./FIGURES/getXpoint.pdf>]
Overfull \hbox (19.91681pt too wide) in paragraph at lines 774--774
[][][] 
 []

File: logo.pdf Graphic file (type pdf)
<use logo.pdf>
Package pdftex.def Info: logo.pdf  used on input line 774.
(pdftex.def)             Requested size: 34.42784pt x 13.1006pt.
File: merged_logos_m.png Graphic file (type png)
<use merged_logos_m.png>
Package pdftex.def Info: merged_logos_m.png  used on input line 774.
(pdftex.def)             Requested size: 83.6252pt x 14.22636pt.
[28

]
Package epstopdf Info: Source file: <FIGURES/Delaunay_Connected_PrismFaces.eps>

(epstopdf)                    date: 2020-06-21 13:37:22
(epstopdf)                    size: 105413 bytes
(epstopdf)             Output file: <FIGURES/Delaunay_Connected_PrismFaces-eps-
converted-to.pdf>
(epstopdf)                    date: 2020-06-28 15:28:01
(epstopdf)                    size: 8141 bytes
(epstopdf)             Command: <repstopdf --outfile=FIGURES/Delaunay_Connected
_PrismFaces-eps-converted-to.pdf FIGURES/Delaunay_Connected_PrismFaces.eps>
(epstopdf)             \includegraphics on input line 884.
Package epstopdf Info: Output file is already uptodate.
<FIGURES/Delaunay_Connected_PrismFaces-eps-converted-to.pdf, id=526, 414.54875p
t x 321.2pt>
File: FIGURES/Delaunay_Connected_PrismFaces-eps-converted-to.pdf Graphic file (
type pdf)
<use FIGURES/Delaunay_Connected_PrismFaces-eps-converted-to.pdf>
Package pdftex.def Info: FIGURES/Delaunay_Connected_PrismFaces-eps-converted-to
.pdf  used on input line 884.
(pdftex.def)             Requested size: 153.64493pt x 137.98587pt.

Overfull \hbox (19.91681pt too wide) in paragraph at lines 884--884
[][][] 
 []

File: logo.pdf Graphic file (type pdf)
<use logo.pdf>
Package pdftex.def Info: logo.pdf  used on input line 884.
(pdftex.def)             Requested size: 34.42784pt x 13.1006pt.
File: merged_logos_m.png Graphic file (type png)
<use merged_logos_m.png>
Package pdftex.def Info: merged_logos_m.png  used on input line 884.
(pdftex.def)             Requested size: 83.6252pt x 14.22636pt.
[29

 <./FIGURES/Delaunay_Connected_PrismFaces-eps-converted-to.pdf>]
Package epstopdf Info: Source file: <FIGURES/Delaunay_Connected_PrismFaces.eps>

(epstopdf)                    date: 2020-06-21 13:37:22
(epstopdf)                    size: 105413 bytes
(epstopdf)             Output file: <FIGURES/Delaunay_Connected_PrismFaces-eps-
converted-to.pdf>
(epstopdf)                    date: 2020-06-28 15:28:01
(epstopdf)                    size: 8141 bytes
(epstopdf)             Command: <repstopdf --outfile=FIGURES/Delaunay_Connected
_PrismFaces-eps-converted-to.pdf FIGURES/Delaunay_Connected_PrismFaces.eps>
(epstopdf)             \includegraphics on input line 912.
Package epstopdf Info: Output file is already uptodate.
File: FIGURES/Delaunay_Connected_PrismFaces-eps-converted-to.pdf Graphic file (
type pdf)
<use FIGURES/Delaunay_Connected_PrismFaces-eps-converted-to.pdf>
Package pdftex.def Info: FIGURES/Delaunay_Connected_PrismFaces-eps-converted-to
.pdf  used on input line 912.
(pdftex.def)             Requested size: 138.2795pt x 107.13828pt.
Package epstopdf Info: Source file: <FIGURES/uvpq_Delaunay.eps>
(epstopdf)                    date: 2020-06-21 13:37:22
(epstopdf)                    size: 101337 bytes
(epstopdf)             Output file: <FIGURES/uvpq_Delaunay-eps-converted-to.pdf
>
(epstopdf)                    date: 2020-06-28 15:47:07
(epstopdf)                    size: 8367 bytes
(epstopdf)             Command: <repstopdf --outfile=FIGURES/uvpq_Delaunay-eps-
converted-to.pdf FIGURES/uvpq_Delaunay.eps>
(epstopdf)             \includegraphics on input line 912.
Package epstopdf Info: Output file is already uptodate.
<FIGURES/uvpq_Delaunay-eps-converted-to.pdf, id=549, 421.575pt x 316.18124pt>
File: FIGURES/uvpq_Delaunay-eps-converted-to.pdf Graphic file (type pdf)
<use FIGURES/uvpq_Delaunay-eps-converted-to.pdf>
Package pdftex.def Info: FIGURES/uvpq_Delaunay-eps-converted-to.pdf  used on in
put line 912.
(pdftex.def)             Requested size: 115.23369pt x 86.42181pt.
Package epstopdf Info: Source file: <FIGURES/2Prisms_comparison.eps>
(epstopdf)                    date: 2020-06-21 13:37:22
(epstopdf)                    size: 106777 bytes
(epstopdf)             Output file: <FIGURES/2Prisms_comparison-eps-converted-t
o.pdf>
(epstopdf)                    date: 2020-06-28 15:47:07
(epstopdf)                    size: 8278 bytes
(epstopdf)             Command: <repstopdf --outfile=FIGURES/2Prisms_comparison
-eps-converted-to.pdf FIGURES/2Prisms_comparison.eps>
(epstopdf)             \includegraphics on input line 912.
Package epstopdf Info: Output file is already uptodate.
<FIGURES/2Prisms_comparison-eps-converted-to.pdf, id=551, 845.1575pt x 550.055p
t>
File: FIGURES/2Prisms_comparison-eps-converted-to.pdf Graphic file (type pdf)
<use FIGURES/2Prisms_comparison-eps-converted-to.pdf>
Package pdftex.def Info: FIGURES/2Prisms_comparison-eps-converted-to.pdf  used 
on input line 912.
(pdftex.def)             Requested size: 153.64493pt x 99.99602pt.

Overfull \hbox (19.91681pt too wide) in paragraph at lines 912--912
[][][] 
 []


Overfull \vbox (4.86229pt too high) detected at line 912
 []

File: logo.pdf Graphic file (type pdf)
<use logo.pdf>
Package pdftex.def Info: logo.pdf  used on input line 912.
(pdftex.def)             Requested size: 34.42784pt x 13.1006pt.
File: merged_logos_m.png Graphic file (type png)
<use merged_logos_m.png>
Package pdftex.def Info: merged_logos_m.png  used on input line 912.
(pdftex.def)             Requested size: 83.6252pt x 14.22636pt.
[30

 <./FIGURES/uvpq_Delaunay-eps-converted-to.pdf> <./FIGURES/2Prisms_comparison-e
ps-converted-to.pdf>]
Package epstopdf Info: Source file: <FIGURES/Comparison_smin_annulus.eps>
(epstopdf)                    date: 2020-07-04 13:02:53
(epstopdf)                    size: 31772 bytes
(epstopdf)             Output file: <FIGURES/Comparison_smin_annulus-eps-conver
ted-to.pdf>
(epstopdf)                    date: 2020-07-04 13:03:25
(epstopdf)                    size: 5267 bytes
(epstopdf)             Command: <repstopdf --outfile=FIGURES/Comparison_smin_an
nulus-eps-converted-to.pdf FIGURES/Comparison_smin_annulus.eps>
(epstopdf)             \includegraphics on input line 936.
Package epstopdf Info: Output file is already uptodate.
<FIGURES/Comparison_smin_annulus-eps-converted-to.pdf, id=588, 414.54875pt x 32
1.2pt>
File: FIGURES/Comparison_smin_annulus-eps-converted-to.pdf Graphic file (type p
df)
<use FIGURES/Comparison_smin_annulus-eps-converted-to.pdf>
Package pdftex.def Info: FIGURES/Comparison_smin_annulus-eps-converted-to.pdf  
used on input line 936.
(pdftex.def)             Requested size: 307.28987pt x 178.19601pt.

Overfull \hbox (19.91681pt too wide) in paragraph at lines 936--936
[][][] 
 []


Overfull \vbox (6.56409pt too high) detected at line 936
 []

File: logo.pdf Graphic file (type pdf)
<use logo.pdf>
Package pdftex.def Info: logo.pdf  used on input line 936.
(pdftex.def)             Requested size: 34.42784pt x 13.1006pt.
File: merged_logos_m.png Graphic file (type png)
<use merged_logos_m.png>
Package pdftex.def Info: merged_logos_m.png  used on input line 936.
(pdftex.def)             Requested size: 83.6252pt x 14.22636pt.
[31

 <./FIGURES/Comparison_smin_annulus-eps-converted-to.pdf>]
Package epstopdf Info: Source file: <FIGURES/curvilinear_grid_02.eps>
(epstopdf)                    date: 2020-06-26 14:00:16
(epstopdf)                    size: 409485 bytes
(epstopdf)             Output file: <FIGURES/curvilinear_grid_02-eps-converted-
to.pdf>
(epstopdf)                    date: 2020-06-30 16:36:28
(epstopdf)                    size: 377873 bytes
(epstopdf)             Command: <repstopdf --outfile=FIGURES/curvilinear_grid_0
2-eps-converted-to.pdf FIGURES/curvilinear_grid_02.eps>
(epstopdf)             \includegraphics on input line 961.
Package epstopdf Info: Output file is already uptodate.
<FIGURES/curvilinear_grid_02-eps-converted-to.pdf, id=603, 1927.2pt x 1108.14pt
>
File: FIGURES/curvilinear_grid_02-eps-converted-to.pdf Graphic file (type pdf)
<use FIGURES/curvilinear_grid_02-eps-converted-to.pdf>
Package pdftex.def Info: FIGURES/curvilinear_grid_02-eps-converted-to.pdf  used
 on input line 961.
(pdftex.def)             Requested size: 307.28987pt x 167.60745pt.

Overfull \hbox (19.91681pt too wide) in paragraph at lines 961--961
[][][] 
 []


Overfull \vbox (16.1332pt too high) detected at line 961
 []

File: logo.pdf Graphic file (type pdf)
<use logo.pdf>
Package pdftex.def Info: logo.pdf  used on input line 961.
(pdftex.def)             Requested size: 34.42784pt x 13.1006pt.
File: merged_logos_m.png Graphic file (type png)
<use merged_logos_m.png>
Package pdftex.def Info: merged_logos_m.png  used on input line 961.
(pdftex.def)             Requested size: 83.6252pt x 14.22636pt.
[32

 <./FIGURES/curvilinear_grid_02-eps-converted-to.pdf>]
Overfull \hbox (19.91681pt too wide) in paragraph at lines 985--985
[][][] 
 []

File: logo.pdf Graphic file (type pdf)
<use logo.pdf>
Package pdftex.def Info: logo.pdf  used on input line 985.
(pdftex.def)             Requested size: 34.42784pt x 13.1006pt.
File: merged_logos_m.png Graphic file (type png)
<use merged_logos_m.png>
Package pdftex.def Info: merged_logos_m.png  used on input line 985.
(pdftex.def)             Requested size: 83.6252pt x 14.22636pt.
[33

]
LaTeX Font Info:    Font shape `OT1/phv/bx/n' in size <9.09996> not available
(Font)              Font shape `OT1/phv/b/n' tried instead on input line 998.
LaTeX Font Info:    Font shape `OT1/phv/bx/n' in size <6.5> not available
(Font)              Font shape `OT1/phv/b/n' tried instead on input line 998.

Overfull \hbox (19.91681pt too wide) in paragraph at lines 998--998
[][][] 
 []

File: logo.pdf Graphic file (type pdf)
<use logo.pdf>
Package pdftex.def Info: logo.pdf  used on input line 998.
(pdftex.def)             Requested size: 34.42784pt x 13.1006pt.
File: merged_logos_m.png Graphic file (type png)
<use merged_logos_m.png>
Package pdftex.def Info: merged_logos_m.png  used on input line 998.
(pdftex.def)             Requested size: 83.6252pt x 14.22636pt.
[34

]
Overfull \hbox (19.91681pt too wide) in paragraph at lines 1013--1013
[][][] 
 []

File: logo.pdf Graphic file (type pdf)
<use logo.pdf>
Package pdftex.def Info: logo.pdf  used on input line 1013.
(pdftex.def)             Requested size: 34.42784pt x 13.1006pt.
File: merged_logos_m.png Graphic file (type png)
<use merged_logos_m.png>
Package pdftex.def Info: merged_logos_m.png  used on input line 1013.
(pdftex.def)             Requested size: 83.6252pt x 14.22636pt.
[35

]
Overfull \hbox (19.91681pt too wide) in paragraph at lines 1022--1022
[][][] 
 []

File: logo.pdf Graphic file (type pdf)
<use logo.pdf>
Package pdftex.def Info: logo.pdf  used on input line 1022.
(pdftex.def)             Requested size: 34.42784pt x 13.1006pt.
File: merged_logos_m.png Graphic file (type png)
<use merged_logos_m.png>
Package pdftex.def Info: merged_logos_m.png  used on input line 1022.
(pdftex.def)             Requested size: 83.6252pt x 14.22636pt.
[36

]
<FIGURES/RK4_alpha555_cyl.pdf, id=646, 1129.21875pt x 602.25pt>
File: FIGURES/RK4_alpha555_cyl.pdf Graphic file (type pdf)
<use FIGURES/RK4_alpha555_cyl.pdf>
Package pdftex.def Info: FIGURES/RK4_alpha555_cyl.pdf  used on input line 1050.

(pdftex.def)             Requested size: 153.64493pt x 157.197pt.
<FIGURES/RK4_alpha121212_cyl.pdf, id=648, 1129.21875pt x 602.25pt>
File: FIGURES/RK4_alpha121212_cyl.pdf Graphic file (type pdf)
<use FIGURES/RK4_alpha121212_cyl.pdf>
Package pdftex.def Info: FIGURES/RK4_alpha121212_cyl.pdf  used on input line 10
50.
(pdftex.def)             Requested size: 153.64493pt x 157.197pt.

Overfull \hbox (19.91681pt too wide) in paragraph at lines 1050--1050
[][][] 
 []

File: logo.pdf Graphic file (type pdf)
<use logo.pdf>
Package pdftex.def Info: logo.pdf  used on input line 1050.
(pdftex.def)             Requested size: 34.42784pt x 13.1006pt.
File: merged_logos_m.png Graphic file (type png)
<use merged_logos_m.png>
Package pdftex.def Info: merged_logos_m.png  used on input line 1050.
(pdftex.def)             Requested size: 83.6252pt x 14.22636pt.
[37

 <./FIGURES/RK4_alpha555_cyl.pdf> <./FIGURES/RK4_alpha121212_cyl.pdf>]
<FIGURES/RK4_alpha555_SFC.pdf, id=700, 1129.21875pt x 602.25pt>
File: FIGURES/RK4_alpha555_SFC.pdf Graphic file (type pdf)
<use FIGURES/RK4_alpha555_SFC.pdf>
Package pdftex.def Info: FIGURES/RK4_alpha555_SFC.pdf  used on input line 1078.

(pdftex.def)             Requested size: 153.64493pt x 157.197pt.
<FIGURES/RK4_alpha121212_SFC.pdf, id=702, 1129.21875pt x 602.25pt>
File: FIGURES/RK4_alpha121212_SFC.pdf Graphic file (type pdf)
<use FIGURES/RK4_alpha121212_SFC.pdf>
Package pdftex.def Info: FIGURES/RK4_alpha121212_SFC.pdf  used on input line 10
78.
(pdftex.def)             Requested size: 153.64493pt x 157.197pt.

Overfull \hbox (19.91681pt too wide) in paragraph at lines 1078--1078
[][][] 
 []

File: logo.pdf Graphic file (type pdf)
<use logo.pdf>
Package pdftex.def Info: logo.pdf  used on input line 1078.
(pdftex.def)             Requested size: 34.42784pt x 13.1006pt.
File: merged_logos_m.png Graphic file (type png)
<use merged_logos_m.png>
Package pdftex.def Info: merged_logos_m.png  used on input line 1078.
(pdftex.def)             Requested size: 83.6252pt x 14.22636pt.
[38

 <./FIGURES/RK4_alpha555_SFC.pdf> <./FIGURES/RK4_alpha121212_SFC.pdf>]
Package epstopdf Info: Source file: <FIGURES/orbit_plot.eps>
(epstopdf)                    date: 2020-06-26 14:00:26
(epstopdf)                    size: 2988272 bytes
(epstopdf)             Output file: <FIGURES/orbit_plot-eps-converted-to.pdf>
(epstopdf)                    date: 2020-06-30 17:01:36
(epstopdf)                    size: 2230055 bytes
(epstopdf)             Command: <repstopdf --outfile=FIGURES/orbit_plot-eps-con
verted-to.pdf FIGURES/orbit_plot.eps>
(epstopdf)             \includegraphics on input line 1134.
Package epstopdf Info: Output file is already uptodate.
<FIGURES/orbit_plot-eps-converted-to.pdf, id=752, 961.5925pt x 521.95pt>
File: FIGURES/orbit_plot-eps-converted-to.pdf Graphic file (type pdf)
<use FIGURES/orbit_plot-eps-converted-to.pdf>
Package pdftex.def Info: FIGURES/orbit_plot-eps-converted-to.pdf  used on input
 line 1134.
(pdftex.def)             Requested size: 261.19826pt x 141.78056pt.

Overfull \hbox (19.91681pt too wide) in paragraph at lines 1134--1134
[][][] 
 []

File: logo.pdf Graphic file (type pdf)
<use logo.pdf>
Package pdftex.def Info: logo.pdf  used on input line 1134.
(pdftex.def)             Requested size: 34.42784pt x 13.1006pt.
File: merged_logos_m.png Graphic file (type png)
<use merged_logos_m.png>
Package pdftex.def Info: merged_logos_m.png  used on input line 1134.
(pdftex.def)             Requested size: 83.6252pt x 14.22636pt.
[39

 <./FIGURES/orbit_plot-eps-converted-to.pdf>]
Package epstopdf Info: Source file: <FIGURES/axissymetric_noise.eps>
(epstopdf)                    date: 2020-06-26 14:00:14
(epstopdf)                    size: 109271 bytes
(epstopdf)             Output file: <FIGURES/axissymetric_noise-eps-converted-t
o.pdf>
(epstopdf)                    date: 2020-06-30 17:01:37
(epstopdf)                    size: 166923 bytes
(epstopdf)             Command: <repstopdf --outfile=FIGURES/axissymetric_noise
-eps-converted-to.pdf FIGURES/axissymetric_noise.eps>
(epstopdf)             \includegraphics on input line 1148.
Package epstopdf Info: Output file is already uptodate.
<FIGURES/axissymetric_noise-eps-converted-to.pdf, id=766, 748.7975pt x 379.4175
pt>
File: FIGURES/axissymetric_noise-eps-converted-to.pdf Graphic file (type pdf)
<use FIGURES/axissymetric_noise-eps-converted-to.pdf>
Package pdftex.def Info: FIGURES/axissymetric_noise-eps-converted-to.pdf  used 
on input line 1148.
(pdftex.def)             Requested size: 307.28987pt x 155.70691pt.

Overfull \hbox (19.91681pt too wide) in paragraph at lines 1148--1148
[][][] 
 []


Overfull \vbox (8.62639pt too high) detected at line 1148
 []

File: logo.pdf Graphic file (type pdf)
<use logo.pdf>
Package pdftex.def Info: logo.pdf  used on input line 1148.
(pdftex.def)             Requested size: 34.42784pt x 13.1006pt.
File: merged_logos_m.png Graphic file (type png)
<use merged_logos_m.png>
Package pdftex.def Info: merged_logos_m.png  used on input line 1148.
(pdftex.def)             Requested size: 83.6252pt x 14.22636pt.
[40

 <./FIGURES/axissymetric_noise-eps-converted-to.pdf>]
Package epstopdf Info: Source file: <FIGURES/transport_coefficient_electrons_di
ons.eps>
(epstopdf)                    date: 2020-06-23 18:00:36
(epstopdf)                    size: 228875 bytes
(epstopdf)             Output file: <FIGURES/transport_coefficient_electrons_di
ons-eps-converted-to.pdf>
(epstopdf)                    date: 2020-06-29 13:20:37
(epstopdf)                    size: 94258 bytes
(epstopdf)             Command: <repstopdf --outfile=FIGURES/transport_coeffici
ent_electrons_dions-eps-converted-to.pdf FIGURES/transport_coefficient_electron
s_dions.eps>
(epstopdf)             \includegraphics on input line 1273.
Package epstopdf Info: Output file is already uptodate.
<FIGURES/transport_coefficient_electrons_dions-eps-converted-to.pdf, id=781, 13
18.9275pt x 873.2625pt>
File: FIGURES/transport_coefficient_electrons_dions-eps-converted-to.pdf Graphi
c file (type pdf)
<use FIGURES/transport_coefficient_electrons_dions-eps-converted-to.pdf>
Package pdftex.def Info: FIGURES/transport_coefficient_electrons_dions-eps-conv
erted-to.pdf  used on input line 1273.
(pdftex.def)             Requested size: 245.83282pt x 162.7636pt.

Overfull \hbox (10.29437pt too wide) in alignment at lines 1273--1273
 [][][] []
 []


Overfull \hbox (19.91681pt too wide) in paragraph at lines 1273--1273
[][][] 
 []

File: logo.pdf Graphic file (type pdf)
<use logo.pdf>
Package pdftex.def Info: logo.pdf  used on input line 1273.
(pdftex.def)             Requested size: 34.42784pt x 13.1006pt.
File: merged_logos_m.png Graphic file (type png)
<use merged_logos_m.png>
Package pdftex.def Info: merged_logos_m.png  used on input line 1273.
(pdftex.def)             Requested size: 83.6252pt x 14.22636pt.
[41

 <./FIGURES/transport_coefficient_electrons_dions-eps-converted-to.pdf>]
Overfull \hbox (19.91681pt too wide) in paragraph at lines 1292--1292
[][][] 
 []

File: logo.pdf Graphic file (type pdf)
<use logo.pdf>
Package pdftex.def Info: logo.pdf  used on input line 1292.
(pdftex.def)             Requested size: 34.42784pt x 13.1006pt.
File: merged_logos_m.png Graphic file (type png)
<use merged_logos_m.png>
Package pdftex.def Info: merged_logos_m.png  used on input line 1292.
(pdftex.def)             Requested size: 83.6252pt x 14.22636pt.
[42

]
File: logo.pdf Graphic file (type pdf)
<use logo.pdf>
Package pdftex.def Info: logo.pdf  used on input line 1308.
(pdftex.def)             Requested size: 34.42784pt x 13.1006pt.
File: merged_logos_m.png Graphic file (type png)
<use merged_logos_m.png>
Package pdftex.def Info: merged_logos_m.png  used on input line 1308.
(pdftex.def)             Requested size: 83.6252pt x 14.22636pt.
 [43

]
\tf@nav=\write6
\openout6 = `Lukas_Bauer_SeminarTalk.nav'.

\tf@toc=\write7
\openout7 = `Lukas_Bauer_SeminarTalk.toc'.

\tf@snm=\write8
\openout8 = `Lukas_Bauer_SeminarTalk.snm'.

Package atveryend Info: Empty hook `BeforeClearDocument' on input line 1313.
Package atveryend Info: Empty hook `AfterLastShipout' on input line 1313.
 (./Lukas_Bauer_SeminarTalk.aux)
Package atveryend Info: Executing hook `AtVeryEndDocument' on input line 1313.
Package atveryend Info: Executing hook `AtEndAfterFileList' on input line 1313.

Package rerunfilecheck Info: File `Lukas_Bauer_SeminarTalk.out' has not changed
.
(rerunfilecheck)             Checksum: 47754A6852377E73C1DC0DFC83CCCFE3;700.


LaTeX Font Warning: Size substitutions with differences
(Font)              up to 1.28pt have occurred.

 ) 
Here is how much of TeX's memory you used:
 24629 strings out of 492609
 476771 string characters out of 6131462
 585421 words of memory out of 5000000
 27839 multiletter control sequences out of 15000+600000
 81113 words of font info for 166 fonts, out of 8000000 for 9000
 1141 hyphenation exceptions out of 8191
 63i,22n,71p,966b,1731s stack positions out of 5000i,500n,10000p,200000b,80000s
{/usr/share/texlive/texmf-dist/fonts/enc/dvips/base/8r.enc}</usr/share/texliv
e/texmf-dist/fonts/type1/public/amsfonts/cm/cmex10.pfb></usr/share/texlive/texm
f-dist/fonts/type1/public/amsfonts/cm/cmmi10.pfb></usr/share/texlive/texmf-dist
/fonts/type1/public/amsfonts/cm/cmmi12.pfb></usr/share/texlive/texmf-dist/fonts
/type1/public/amsfonts/cm/cmmi6.pfb></usr/share/texlive/texmf-dist/fonts/type1/
public/amsfonts/cm/cmmi8.pfb></usr/share/texlive/texmf-dist/fonts/type1/public/
amsfonts/cm/cmmi9.pfb></usr/share/texlive/texmf-dist/fonts/type1/public/amsfont
s/cm/cmr10.pfb></usr/share/texlive/texmf-dist/fonts/type1/public/amsfonts/cm/cm
r12.pfb></usr/share/texlive/texmf-dist/fonts/type1/public/amsfonts/cm/cmr8.pfb>
</usr/share/texlive/texmf-dist/fonts/type1/public/amsfonts/cm/cmss10.pfb></usr/
share/texlive/texmf-dist/fonts/type1/public/amsfonts/cm/cmss12.pfb></usr/share/
texlive/texmf-dist/fonts/type1/public/amsfonts/cm/cmss9.pfb></usr/share/texlive
/texmf-dist/fonts/type1/public/amsfonts/cm/cmsy10.pfb></usr/share/texlive/texmf
-dist/fonts/type1/public/amsfonts/cm/cmsy7.pfb></usr/share/texlive/texmf-dist/f
onts/type1/public/amsfonts/cm/cmsy8.pfb></usr/share/texlive/texmf-dist/fonts/ty
pe1/public/amsfonts/cm/cmsy9.pfb></usr/share/texlive/texmf-dist/fonts/type1/pub
lic/amsfonts/cm/cmtt8.pfb></usr/share/texmf/fonts/type1/public/cm-super/sfrm109
5.pfb></usr/share/texlive/texmf-dist/fonts/type1/urw/helvetic/uhvb8a.pfb></usr/
share/texlive/texmf-dist/fonts/type1/urw/helvetic/uhvr8a.pfb></usr/share/texliv
e/texmf-dist/fonts/type1/urw/helvetic/uhvro8a.pfb>
Output written on Lukas_Bauer_SeminarTalk.pdf (43 pages, 10745652 bytes).
PDF statistics:
 897 PDF objects out of 1000 (max. 8388607)
 636 compressed objects within 7 object streams
 103 named destinations out of 1000 (max. 500000)
 507 words of extra memory for PDF output out of 10000 (max. 10000000)

