This is pdfTeX, Version 3.14159265-2.6-1.40.19 (TeX Live 2019/dev/Debian) (preloaded format=pdflatex 2019.11.21)  22 JUN 2020 12:16
entering extended mode
 restricted \write18 enabled.
 %&-line parsing enabled.
**bauer_eder_fusionstag.tex
(./bauer_eder_fusionstag.tex
LaTeX2e <2018-12-01>
(/usr/share/texlive/texmf-dist/tex/latex/beamer/beamer.cls
Document Class: beamer 2018/12/02 v3.55 A class for typesetting presentations
(/usr/share/texlive/texmf-dist/tex/latex/beamer/beamerbasemodes.sty
(/usr/share/texlive/texmf-dist/tex/latex/etoolbox/etoolbox.sty
Package: etoolbox 2018/08/19 v2.5f e-TeX tools for LaTeX (JAW)
\etb@tempcnta=\count80
)
\beamer@tempbox=\box27
\beamer@tempcount=\count81
\c@beamerpauses=\count82

(/usr/share/texlive/texmf-dist/tex/latex/beamer/beamerbasedecode.sty
\beamer@slideinframe=\count83
\beamer@minimum=\count84
)
\beamer@commentbox=\box28
\beamer@modecount=\count85
)
(/usr/share/texlive/texmf-dist/tex/generic/oberdiek/ifpdf.sty
Package: ifpdf 2018/09/07 v3.3 Provides the ifpdf switch
)
\headdp=\dimen102
\footheight=\dimen103
\sidebarheight=\dimen104
\beamer@tempdim=\dimen105
\beamer@finalheight=\dimen106
\beamer@animht=\dimen107
\beamer@animdp=\dimen108
\beamer@animwd=\dimen109
\beamer@leftmargin=\dimen110
\beamer@rightmargin=\dimen111
\beamer@leftsidebar=\dimen112
\beamer@rightsidebar=\dimen113
\beamer@boxsize=\dimen114
\beamer@vboxoffset=\dimen115
\beamer@descdefault=\dimen116
\beamer@descriptionwidth=\dimen117
\beamer@lastskip=\skip41
\beamer@areabox=\box29
\beamer@animcurrent=\box30
\beamer@animshowbox=\box31
\beamer@sectionbox=\box32
\beamer@logobox=\box33
\beamer@linebox=\box34
\beamer@sectioncount=\count86
\beamer@subsubsectionmax=\count87
\beamer@subsectionmax=\count88
\beamer@sectionmax=\count89
\beamer@totalheads=\count90
\beamer@headcounter=\count91
\beamer@partstartpage=\count92
\beamer@sectionstartpage=\count93
\beamer@subsectionstartpage=\count94
\beamer@animationtempa=\count95
\beamer@animationtempb=\count96
\beamer@xpos=\count97
\beamer@ypos=\count98
\beamer@ypos@offset=\count99
\beamer@showpartnumber=\count100
\beamer@currentsubsection=\count101
\beamer@coveringdepth=\count102
\beamer@sectionadjust=\count103
\beamer@tocsectionnumber=\count104

(/usr/share/texlive/texmf-dist/tex/latex/beamer/beamerbaseoptions.sty
(/usr/share/texlive/texmf-dist/tex/latex/graphics/keyval.sty
Package: keyval 2014/10/28 v1.15 key=value parser (DPC)
\KV@toks@=\toks14
))
\beamer@paperwidth=\skip42
\beamer@paperheight=\skip43

(/usr/share/texlive/texmf-dist/tex/latex/geometry/geometry.sty
Package: geometry 2018/04/16 v5.8 Page Geometry

(/usr/share/texlive/texmf-dist/tex/generic/oberdiek/ifvtex.sty
Package: ifvtex 2016/05/16 v1.6 Detect VTeX and its facilities (HO)
Package ifvtex Info: VTeX not detected.
)
(/usr/share/texlive/texmf-dist/tex/generic/ifxetex/ifxetex.sty
Package: ifxetex 2010/09/12 v0.6 Provides ifxetex conditional
)
\Gm@cnth=\count105
\Gm@cntv=\count106
\c@Gm@tempcnt=\count107
\Gm@bindingoffset=\dimen118
\Gm@wd@mp=\dimen119
\Gm@odd@mp=\dimen120
\Gm@even@mp=\dimen121
\Gm@layoutwidth=\dimen122
\Gm@layoutheight=\dimen123
\Gm@layouthoffset=\dimen124
\Gm@layoutvoffset=\dimen125
\Gm@dimlist=\toks15
)
(/usr/share/texlive/texmf-dist/tex/latex/base/size11.clo
File: size11.clo 2018/09/03 v1.4i Standard LaTeX file (size option)
)
(/usr/share/texlive/texmf-dist/tex/latex/pgf/basiclayer/pgfcore.sty
(/usr/share/texlive/texmf-dist/tex/latex/graphics/graphicx.sty
Package: graphicx 2017/06/01 v1.1a Enhanced LaTeX Graphics (DPC,SPQR)

(/usr/share/texlive/texmf-dist/tex/latex/graphics/graphics.sty
Package: graphics 2017/06/25 v1.2c Standard LaTeX Graphics (DPC,SPQR)

(/usr/share/texlive/texmf-dist/tex/latex/graphics/trig.sty
Package: trig 2016/01/03 v1.10 sin cos tan (DPC)
)
(/usr/share/texlive/texmf-dist/tex/latex/graphics-cfg/graphics.cfg
File: graphics.cfg 2016/06/04 v1.11 sample graphics configuration
)
Package graphics Info: Driver file: pdftex.def on input line 99.

(/usr/share/texlive/texmf-dist/tex/latex/graphics-def/pdftex.def
File: pdftex.def 2018/01/08 v1.0l Graphics/color driver for pdftex
))
\Gin@req@height=\dimen126
\Gin@req@width=\dimen127
)
(/usr/share/texlive/texmf-dist/tex/latex/pgf/systemlayer/pgfsys.sty
(/usr/share/texlive/texmf-dist/tex/latex/pgf/utilities/pgfrcs.sty
(/usr/share/texlive/texmf-dist/tex/generic/pgf/utilities/pgfutil-common.tex
\pgfutil@everybye=\toks16
\pgfutil@tempdima=\dimen128
\pgfutil@tempdimb=\dimen129

(/usr/share/texlive/texmf-dist/tex/generic/pgf/utilities/pgfutil-common-lists.t
ex)) (/usr/share/texlive/texmf-dist/tex/generic/pgf/utilities/pgfutil-latex.def
\pgfutil@abb=\box35
(/usr/share/texlive/texmf-dist/tex/latex/ms/everyshi.sty
Package: everyshi 2001/05/15 v3.00 EveryShipout Package (MS)
))
(/usr/share/texlive/texmf-dist/tex/generic/pgf/utilities/pgfrcs.code.tex
(/usr/share/texlive/texmf-dist/tex/generic/pgf/pgf.revision.tex)
Package: pgfrcs 2019/02/02 v3.1.1 (3.1.1)
))
(/usr/share/texlive/texmf-dist/tex/generic/pgf/systemlayer/pgfsys.code.tex
Package: pgfsys 2019/02/02 v3.1.1 (3.1.1)

(/usr/share/texlive/texmf-dist/tex/generic/pgf/utilities/pgfkeys.code.tex
\pgfkeys@pathtoks=\toks17
\pgfkeys@temptoks=\toks18

(/usr/share/texlive/texmf-dist/tex/generic/pgf/utilities/pgfkeysfiltered.code.t
ex
\pgfkeys@tmptoks=\toks19
))
\pgf@x=\dimen130
\pgf@y=\dimen131
\pgf@xa=\dimen132
\pgf@ya=\dimen133
\pgf@xb=\dimen134
\pgf@yb=\dimen135
\pgf@xc=\dimen136
\pgf@yc=\dimen137
\w@pgf@writea=\write3
\r@pgf@reada=\read1
\c@pgf@counta=\count108
\c@pgf@countb=\count109
\c@pgf@countc=\count110
\c@pgf@countd=\count111
\t@pgf@toka=\toks20
\t@pgf@tokb=\toks21
\t@pgf@tokc=\toks22
\pgf@sys@id@count=\count112
 (/usr/share/texlive/texmf-dist/tex/generic/pgf/systemlayer/pgf.cfg
File: pgf.cfg 2019/02/02 v3.1.1 (3.1.1)
)
Driver file for pgf: pgfsys-pdftex.def

(/usr/share/texlive/texmf-dist/tex/generic/pgf/systemlayer/pgfsys-pdftex.def
File: pgfsys-pdftex.def 2019/02/02 v3.1.1 (3.1.1)

(/usr/share/texlive/texmf-dist/tex/generic/pgf/systemlayer/pgfsys-common-pdf.de
f
File: pgfsys-common-pdf.def 2019/02/02 v3.1.1 (3.1.1)
)))
(/usr/share/texlive/texmf-dist/tex/generic/pgf/systemlayer/pgfsyssoftpath.code.
tex
File: pgfsyssoftpath.code.tex 2019/02/02 v3.1.1 (3.1.1)
\pgfsyssoftpath@smallbuffer@items=\count113
\pgfsyssoftpath@bigbuffer@items=\count114
)
(/usr/share/texlive/texmf-dist/tex/generic/pgf/systemlayer/pgfsysprotocol.code.
tex
File: pgfsysprotocol.code.tex 2019/02/02 v3.1.1 (3.1.1)
)) (/usr/share/texlive/texmf-dist/tex/latex/xcolor/xcolor.sty
Package: xcolor 2016/05/11 v2.12 LaTeX color extensions (UK)

(/usr/share/texlive/texmf-dist/tex/latex/graphics-cfg/color.cfg
File: color.cfg 2016/01/02 v1.6 sample color configuration
)
Package xcolor Info: Driver file: pdftex.def on input line 225.
Package xcolor Info: Model `cmy' substituted by `cmy0' on input line 1348.
Package xcolor Info: Model `hsb' substituted by `rgb' on input line 1352.
Package xcolor Info: Model `RGB' extended on input line 1364.
Package xcolor Info: Model `HTML' substituted by `rgb' on input line 1366.
Package xcolor Info: Model `Hsb' substituted by `hsb' on input line 1367.
Package xcolor Info: Model `tHsb' substituted by `hsb' on input line 1368.
Package xcolor Info: Model `HSB' substituted by `hsb' on input line 1369.
Package xcolor Info: Model `Gray' substituted by `gray' on input line 1370.
Package xcolor Info: Model `wave' substituted by `hsb' on input line 1371.
)
(/usr/share/texlive/texmf-dist/tex/generic/pgf/basiclayer/pgfcore.code.tex
Package: pgfcore 2019/02/02 v3.1.1 (3.1.1)

(/usr/share/texlive/texmf-dist/tex/generic/pgf/math/pgfmath.code.tex
(/usr/share/texlive/texmf-dist/tex/generic/pgf/math/pgfmathcalc.code.tex
(/usr/share/texlive/texmf-dist/tex/generic/pgf/math/pgfmathutil.code.tex)
(/usr/share/texlive/texmf-dist/tex/generic/pgf/math/pgfmathparser.code.tex
\pgfmath@dimen=\dimen138
\pgfmath@count=\count115
\pgfmath@box=\box36
\pgfmath@toks=\toks23
\pgfmath@stack@operand=\toks24
\pgfmath@stack@operation=\toks25
)
(/usr/share/texlive/texmf-dist/tex/generic/pgf/math/pgfmathfunctions.code.tex
(/usr/share/texlive/texmf-dist/tex/generic/pgf/math/pgfmathfunctions.basic.code
.tex)
(/usr/share/texlive/texmf-dist/tex/generic/pgf/math/pgfmathfunctions.trigonomet
ric.code.tex)
(/usr/share/texlive/texmf-dist/tex/generic/pgf/math/pgfmathfunctions.random.cod
e.tex)
(/usr/share/texlive/texmf-dist/tex/generic/pgf/math/pgfmathfunctions.comparison
.code.tex)
(/usr/share/texlive/texmf-dist/tex/generic/pgf/math/pgfmathfunctions.base.code.
tex)
(/usr/share/texlive/texmf-dist/tex/generic/pgf/math/pgfmathfunctions.round.code
.tex)
(/usr/share/texlive/texmf-dist/tex/generic/pgf/math/pgfmathfunctions.misc.code.
tex)
(/usr/share/texlive/texmf-dist/tex/generic/pgf/math/pgfmathfunctions.integerari
thmetics.code.tex)))
(/usr/share/texlive/texmf-dist/tex/generic/pgf/math/pgfmathfloat.code.tex
\c@pgfmathroundto@lastzeros=\count116
))
(/usr/share/texlive/texmf-dist/tex/generic/pgf/basiclayer/pgfcorepoints.code.te
x
File: pgfcorepoints.code.tex 2019/02/02 v3.1.1 (3.1.1)
\pgf@picminx=\dimen139
\pgf@picmaxx=\dimen140
\pgf@picminy=\dimen141
\pgf@picmaxy=\dimen142
\pgf@pathminx=\dimen143
\pgf@pathmaxx=\dimen144
\pgf@pathminy=\dimen145
\pgf@pathmaxy=\dimen146
\pgf@xx=\dimen147
\pgf@xy=\dimen148
\pgf@yx=\dimen149
\pgf@yy=\dimen150
\pgf@zx=\dimen151
\pgf@zy=\dimen152
)
(/usr/share/texlive/texmf-dist/tex/generic/pgf/basiclayer/pgfcorepathconstruct.
code.tex
File: pgfcorepathconstruct.code.tex 2019/02/02 v3.1.1 (3.1.1)
\pgf@path@lastx=\dimen153
\pgf@path@lasty=\dimen154
)
(/usr/share/texlive/texmf-dist/tex/generic/pgf/basiclayer/pgfcorepathusage.code
.tex
File: pgfcorepathusage.code.tex 2019/02/02 v3.1.1 (3.1.1)
\pgf@shorten@end@additional=\dimen155
\pgf@shorten@start@additional=\dimen156
)
(/usr/share/texlive/texmf-dist/tex/generic/pgf/basiclayer/pgfcorescopes.code.te
x
File: pgfcorescopes.code.tex 2019/02/02 v3.1.1 (3.1.1)
\pgfpic=\box37
\pgf@hbox=\box38
\pgf@layerbox@main=\box39
\pgf@picture@serial@count=\count117
)
(/usr/share/texlive/texmf-dist/tex/generic/pgf/basiclayer/pgfcoregraphicstate.c
ode.tex
File: pgfcoregraphicstate.code.tex 2019/02/02 v3.1.1 (3.1.1)
\pgflinewidth=\dimen157
)
(/usr/share/texlive/texmf-dist/tex/generic/pgf/basiclayer/pgfcoretransformation
s.code.tex
File: pgfcoretransformations.code.tex 2019/02/02 v3.1.1 (3.1.1)
\pgf@pt@x=\dimen158
\pgf@pt@y=\dimen159
\pgf@pt@temp=\dimen160
)
(/usr/share/texlive/texmf-dist/tex/generic/pgf/basiclayer/pgfcorequick.code.tex
File: pgfcorequick.code.tex 2019/02/02 v3.1.1 (3.1.1)
)
(/usr/share/texlive/texmf-dist/tex/generic/pgf/basiclayer/pgfcoreobjects.code.t
ex
File: pgfcoreobjects.code.tex 2019/02/02 v3.1.1 (3.1.1)
)
(/usr/share/texlive/texmf-dist/tex/generic/pgf/basiclayer/pgfcorepathprocessing
.code.tex
File: pgfcorepathprocessing.code.tex 2019/02/02 v3.1.1 (3.1.1)
)
(/usr/share/texlive/texmf-dist/tex/generic/pgf/basiclayer/pgfcorearrows.code.te
x
File: pgfcorearrows.code.tex 2019/02/02 v3.1.1 (3.1.1)
\pgfarrowsep=\dimen161
)
(/usr/share/texlive/texmf-dist/tex/generic/pgf/basiclayer/pgfcoreshade.code.tex
File: pgfcoreshade.code.tex 2019/02/02 v3.1.1 (3.1.1)
\pgf@max=\dimen162
\pgf@sys@shading@range@num=\count118
)
(/usr/share/texlive/texmf-dist/tex/generic/pgf/basiclayer/pgfcoreimage.code.tex
File: pgfcoreimage.code.tex 2019/02/02 v3.1.1 (3.1.1)

(/usr/share/texlive/texmf-dist/tex/generic/pgf/basiclayer/pgfcoreexternal.code.
tex
File: pgfcoreexternal.code.tex 2019/02/02 v3.1.1 (3.1.1)
\pgfexternal@startupbox=\box40
))
(/usr/share/texlive/texmf-dist/tex/generic/pgf/basiclayer/pgfcorelayers.code.te
x
File: pgfcorelayers.code.tex 2019/02/02 v3.1.1 (3.1.1)
)
(/usr/share/texlive/texmf-dist/tex/generic/pgf/basiclayer/pgfcoretransparency.c
ode.tex
File: pgfcoretransparency.code.tex 2019/02/02 v3.1.1 (3.1.1)
)
(/usr/share/texlive/texmf-dist/tex/generic/pgf/basiclayer/pgfcorepatterns.code.
tex
File: pgfcorepatterns.code.tex 2019/02/02 v3.1.1 (3.1.1)
)
(/usr/share/texlive/texmf-dist/tex/generic/pgf/basiclayer/pgfcorerdf.code.tex
File: pgfcorerdf.code.tex 2019/02/02 v3.1.1 (3.1.1)
))) (/usr/share/texlive/texmf-dist/tex/latex/pgf/utilities/xxcolor.sty
Package: xxcolor 2003/10/24 ver 0.1
\XC@nummixins=\count119
\XC@countmixins=\count120
)
(/usr/share/texlive/texmf-dist/tex/generic/oberdiek/atbegshi.sty
Package: atbegshi 2016/06/09 v1.18 At begin shipout hook (HO)

(/usr/share/texlive/texmf-dist/tex/generic/oberdiek/infwarerr.sty
Package: infwarerr 2016/05/16 v1.4 Providing info/warning/error messages (HO)
)
(/usr/share/texlive/texmf-dist/tex/generic/oberdiek/ltxcmds.sty
Package: ltxcmds 2016/05/16 v1.23 LaTeX kernel commands for general use (HO)
))
(/usr/share/texlive/texmf-dist/tex/latex/hyperref/hyperref.sty
Package: hyperref 2018/11/30 v6.88e Hypertext links for LaTeX

(/usr/share/texlive/texmf-dist/tex/generic/oberdiek/hobsub-hyperref.sty
Package: hobsub-hyperref 2016/05/16 v1.14 Bundle oberdiek, subset hyperref (HO)


(/usr/share/texlive/texmf-dist/tex/generic/oberdiek/hobsub-generic.sty
Package: hobsub-generic 2016/05/16 v1.14 Bundle oberdiek, subset generic (HO)
Package: hobsub 2016/05/16 v1.14 Construct package bundles (HO)
Package hobsub Info: Skipping package `infwarerr' (already loaded).
Package hobsub Info: Skipping package `ltxcmds' (already loaded).
Package: ifluatex 2016/05/16 v1.4 Provides the ifluatex switch (HO)
Package ifluatex Info: LuaTeX not detected.
Package hobsub Info: Skipping package `ifvtex' (already loaded).
Package: intcalc 2016/05/16 v1.2 Expandable calculations with integers (HO)
Package hobsub Info: Skipping package `ifpdf' (already loaded).
Package: etexcmds 2016/05/16 v1.6 Avoid name clashes with e-TeX commands (HO)
Package: kvsetkeys 2016/05/16 v1.17 Key value parser (HO)
Package: kvdefinekeys 2016/05/16 v1.4 Define keys (HO)
Package: pdftexcmds 2018/09/10 v0.29 Utility functions of pdfTeX for LuaTeX (HO
)
Package pdftexcmds Info: LuaTeX not detected.
Package pdftexcmds Info: \pdf@primitive is available.
Package pdftexcmds Info: \pdf@ifprimitive is available.
Package pdftexcmds Info: \pdfdraftmode found.
Package: pdfescape 2016/05/16 v1.14 Implements pdfTeX's escape features (HO)
Package: bigintcalc 2016/05/16 v1.4 Expandable calculations on big integers (HO
)
Package: bitset 2016/05/16 v1.2 Handle bit-vector datatype (HO)
Package: uniquecounter 2016/05/16 v1.3 Provide unlimited unique counter (HO)
)
Package hobsub Info: Skipping package `hobsub' (already loaded).
Package: letltxmacro 2016/05/16 v1.5 Let assignment for LaTeX macros (HO)
Package: hopatch 2016/05/16 v1.3 Wrapper for package hooks (HO)
Package: xcolor-patch 2016/05/16 xcolor patch
Package: atveryend 2016/05/16 v1.9 Hooks at the very end of document (HO)
Package hobsub Info: Skipping package `atbegshi' (already loaded).
Package: refcount 2016/05/16 v3.5 Data extraction from label references (HO)
Package: hycolor 2016/05/16 v1.8 Color options for hyperref/bookmark (HO)
)
(/usr/share/texlive/texmf-dist/tex/latex/oberdiek/auxhook.sty
Package: auxhook 2016/05/16 v1.4 Hooks for auxiliary files (HO)
)
(/usr/share/texlive/texmf-dist/tex/latex/oberdiek/kvoptions.sty
Package: kvoptions 2016/05/16 v3.12 Key value format for package options (HO)
)
\@linkdim=\dimen163
\Hy@linkcounter=\count121
\Hy@pagecounter=\count122

(/usr/share/texlive/texmf-dist/tex/latex/hyperref/pd1enc.def
File: pd1enc.def 2018/11/30 v6.88e Hyperref: PDFDocEncoding definition (HO)
Now handling font encoding PD1 ...
... no UTF-8 mapping file for font encoding PD1
)
\Hy@SavedSpaceFactor=\count123

(/usr/share/texlive/texmf-dist/tex/latex/latexconfig/hyperref.cfg
File: hyperref.cfg 2002/06/06 v1.2 hyperref configuration of TeXLive
)
Package hyperref Info: Option `bookmarks' set `true' on input line 4393.
Package hyperref Info: Option `bookmarksopen' set `true' on input line 4393.
Package hyperref Info: Option `implicit' set `false' on input line 4393.
Package hyperref Info: Hyper figures OFF on input line 4519.
Package hyperref Info: Link nesting OFF on input line 4524.
Package hyperref Info: Hyper index ON on input line 4527.
Package hyperref Info: Plain pages OFF on input line 4534.
Package hyperref Info: Backreferencing OFF on input line 4539.
Package hyperref Info: Implicit mode OFF; no redefinition of LaTeX internals.
Package hyperref Info: Bookmarks ON on input line 4772.
\c@Hy@tempcnt=\count124

(/usr/share/texlive/texmf-dist/tex/latex/url/url.sty
\Urlmuskip=\muskip10
Package: url 2013/09/16  ver 3.4  Verb mode for urls, etc.
)
LaTeX Info: Redefining \url on input line 5125.
\XeTeXLinkMargin=\dimen164
\Fld@menulength=\count125
\Field@Width=\dimen165
\Fld@charsize=\dimen166
Package hyperref Info: Hyper figures OFF on input line 6380.
Package hyperref Info: Link nesting OFF on input line 6385.
Package hyperref Info: Hyper index ON on input line 6388.
Package hyperref Info: backreferencing OFF on input line 6395.
Package hyperref Info: Link coloring OFF on input line 6400.
Package hyperref Info: Link coloring with OCG OFF on input line 6405.
Package hyperref Info: PDF/A mode OFF on input line 6410.
LaTeX Info: Redefining \ref on input line 6450.
LaTeX Info: Redefining \pageref on input line 6454.
\Hy@abspage=\count126


Package hyperref Message: Stopped early.

)
Package hyperref Info: Driver (autodetected): hpdftex.
 (/usr/share/texlive/texmf-dist/tex/latex/hyperref/hpdftex.def
File: hpdftex.def 2018/11/30 v6.88e Hyperref driver for pdfTeX
\Fld@listcount=\count127
\c@bookmark@seq@number=\count128

(/usr/share/texlive/texmf-dist/tex/latex/oberdiek/rerunfilecheck.sty
Package: rerunfilecheck 2016/05/16 v1.8 Rerun checks for auxiliary files (HO)
Package uniquecounter Info: New unique counter `rerunfilecheck' on input line 2
82.
))
(/usr/share/texlive/texmf-dist/tex/latex/beamer/beamerbaserequires.sty
(/usr/share/texlive/texmf-dist/tex/latex/beamer/beamerbasecompatibility.sty)
(/usr/share/texlive/texmf-dist/tex/latex/beamer/beamerbasefont.sty
(/usr/share/texlive/texmf-dist/tex/latex/amsfonts/amssymb.sty
Package: amssymb 2013/01/14 v3.01 AMS font symbols

(/usr/share/texlive/texmf-dist/tex/latex/amsfonts/amsfonts.sty
Package: amsfonts 2013/01/14 v3.01 Basic AMSFonts support
\@emptytoks=\toks26
\symAMSa=\mathgroup4
\symAMSb=\mathgroup5
LaTeX Font Info:    Overwriting math alphabet `\mathfrak' in version `bold'
(Font)                  U/euf/m/n --> U/euf/b/n on input line 106.
))
(/usr/share/texlive/texmf-dist/tex/latex/sansmathaccent/sansmathaccent.sty
Package: sansmathaccent 2013/03/28

(/usr/share/texlive/texmf-dist/tex/latex/filehook/filehook.sty
Package: filehook 2011/10/12 v0.5d Hooks for input files
)))
(/usr/share/texlive/texmf-dist/tex/latex/beamer/beamerbasetranslator.sty
(/usr/share/texlive/texmf-dist/tex/latex/translator/translator.sty
Package: translator 2018/01/04 v1.12 Easy translation of strings in LaTeX
))
(/usr/share/texlive/texmf-dist/tex/latex/beamer/beamerbasemisc.sty)
(/usr/share/texlive/texmf-dist/tex/latex/beamer/beamerbasetwoscreens.sty)
(/usr/share/texlive/texmf-dist/tex/latex/beamer/beamerbaseoverlay.sty
\beamer@argscount=\count129
\beamer@lastskipcover=\skip44
\beamer@trivlistdepth=\count130
)
(/usr/share/texlive/texmf-dist/tex/latex/beamer/beamerbasetitle.sty)
(/usr/share/texlive/texmf-dist/tex/latex/beamer/beamerbasesection.sty
\c@lecture=\count131
\c@part=\count132
\c@section=\count133
\c@subsection=\count134
\c@subsubsection=\count135
)
(/usr/share/texlive/texmf-dist/tex/latex/beamer/beamerbaseframe.sty
\beamer@framebox=\box41
\beamer@frametitlebox=\box42
\beamer@zoombox=\box43
\beamer@zoomcount=\count136
\beamer@zoomframecount=\count137
\beamer@frametextheight=\dimen167
\c@subsectionslide=\count138
\beamer@frametopskip=\skip45
\beamer@framebottomskip=\skip46
\beamer@frametopskipautobreak=\skip47
\beamer@framebottomskipautobreak=\skip48
\beamer@envbody=\toks27
\framewidth=\dimen168
\c@framenumber=\count139
)
(/usr/share/texlive/texmf-dist/tex/latex/beamer/beamerbaseverbatim.sty
\beamer@verbatimfileout=\write4
)
(/usr/share/texlive/texmf-dist/tex/latex/beamer/beamerbaseframesize.sty
\beamer@splitbox=\box44
\beamer@autobreakcount=\count140
\beamer@autobreaklastheight=\dimen169
\beamer@frametitletoks=\toks28
\beamer@framesubtitletoks=\toks29
)
(/usr/share/texlive/texmf-dist/tex/latex/beamer/beamerbaseframecomponents.sty
\beamer@footins=\box45
)
(/usr/share/texlive/texmf-dist/tex/latex/beamer/beamerbasecolor.sty)
(/usr/share/texlive/texmf-dist/tex/latex/beamer/beamerbasenotes.sty
\beamer@frameboxcopy=\box46
)
(/usr/share/texlive/texmf-dist/tex/latex/beamer/beamerbasetoc.sty)
(/usr/share/texlive/texmf-dist/tex/latex/beamer/beamerbasetemplates.sty
\beamer@sbttoks=\toks30

(/usr/share/texlive/texmf-dist/tex/latex/beamer/beamerbaseauxtemplates.sty
(/usr/share/texlive/texmf-dist/tex/latex/beamer/beamerbaseboxes.sty
\bmb@box=\box47
\bmb@colorbox=\box48
\bmb@boxshadow=\box49
\bmb@boxshadowball=\box50
\bmb@boxshadowballlarge=\box51
\bmb@temp=\dimen170
\bmb@dima=\dimen171
\bmb@dimb=\dimen172
\bmb@prevheight=\dimen173
)
\beamer@blockheadheight=\dimen174
))
(/usr/share/texlive/texmf-dist/tex/latex/beamer/beamerbaselocalstructure.sty
(/usr/share/texlive/texmf-dist/tex/latex/tools/enumerate.sty
Package: enumerate 2015/07/23 v3.00 enumerate extensions (DPC)
\@enLab=\toks31
)
\c@figure=\count141
\c@table=\count142
\abovecaptionskip=\skip49
\belowcaptionskip=\skip50
)
(/usr/share/texlive/texmf-dist/tex/latex/beamer/beamerbasenavigation.sty
\beamer@section@min@dim=\dimen175
)
(/usr/share/texlive/texmf-dist/tex/latex/beamer/beamerbasetheorems.sty
(/usr/share/texlive/texmf-dist/tex/latex/amsmath/amsmath.sty
Package: amsmath 2018/12/01 v2.17b AMS math features
\@mathmargin=\skip51

For additional information on amsmath, use the `?' option.
(/usr/share/texlive/texmf-dist/tex/latex/amsmath/amstext.sty
Package: amstext 2000/06/29 v2.01 AMS text

(/usr/share/texlive/texmf-dist/tex/latex/amsmath/amsgen.sty
File: amsgen.sty 1999/11/30 v2.0 generic functions
\@emptytoks=\toks32
\ex@=\dimen176
))
(/usr/share/texlive/texmf-dist/tex/latex/amsmath/amsbsy.sty
Package: amsbsy 1999/11/29 v1.2d Bold Symbols
\pmbraise@=\dimen177
)
(/usr/share/texlive/texmf-dist/tex/latex/amsmath/amsopn.sty
Package: amsopn 2016/03/08 v2.02 operator names
)
\inf@bad=\count143
LaTeX Info: Redefining \frac on input line 223.
\uproot@=\count144
\leftroot@=\count145
LaTeX Info: Redefining \overline on input line 385.
\classnum@=\count146
\DOTSCASE@=\count147
LaTeX Info: Redefining \ldots on input line 482.
LaTeX Info: Redefining \dots on input line 485.
LaTeX Info: Redefining \cdots on input line 606.
\Mathstrutbox@=\box52
\strutbox@=\box53
\big@size=\dimen178
LaTeX Font Info:    Redeclaring font encoding OML on input line 729.
LaTeX Font Info:    Redeclaring font encoding OMS on input line 730.
\macc@depth=\count148
\c@MaxMatrixCols=\count149
\dotsspace@=\muskip11
\c@parentequation=\count150
\dspbrk@lvl=\count151
\tag@help=\toks33
\row@=\count152
\column@=\count153
\maxfields@=\count154
\andhelp@=\toks34
\eqnshift@=\dimen179
\alignsep@=\dimen180
\tagshift@=\dimen181
\tagwidth@=\dimen182
\totwidth@=\dimen183
\lineht@=\dimen184
\@envbody=\toks35
\multlinegap=\skip52
\multlinetaggap=\skip53
\mathdisplay@stack=\toks36
LaTeX Info: Redefining \[ on input line 2844.
LaTeX Info: Redefining \] on input line 2845.
)
(/usr/share/texlive/texmf-dist/tex/latex/amscls/amsthm.sty
Package: amsthm 2017/10/31 v2.20.4
\thm@style=\toks37
\thm@bodyfont=\toks38
\thm@headfont=\toks39
\thm@notefont=\toks40
\thm@headpunct=\toks41
\thm@preskip=\skip54
\thm@postskip=\skip55
\thm@headsep=\skip56
\dth@everypar=\toks42
)
\c@theorem=\count155
)
(/usr/share/texlive/texmf-dist/tex/latex/beamer/beamerbasethemes.sty))
(/usr/share/texlive/texmf-dist/tex/latex/beamer/beamerthemedefault.sty
(/usr/share/texlive/texmf-dist/tex/latex/beamer/beamerfontthemedefault.sty)
(/usr/share/texlive/texmf-dist/tex/latex/beamer/beamercolorthemedefault.sty)
(/usr/share/texlive/texmf-dist/tex/latex/beamer/beamerinnerthemedefault.sty
\beamer@dima=\dimen185
\beamer@dimb=\dimen186
)
(/usr/share/texlive/texmf-dist/tex/latex/beamer/beamerouterthemedefault.sty)))
(./beamerthemetugraz2013.sty
Package: beamerthemetugraz2013 2012/10/22 TU Graz beamer theme rev12

(/usr/share/texlive/texmf-dist/tex/latex/koma-script/scrextend.sty
Package: scrextend 2019/02/01 v3.26b KOMA-Script package (extend other classes 
with features of KOMA-Script classes)

(/usr/share/texlive/texmf-dist/tex/latex/koma-script/scrkbase.sty
Package: scrkbase 2019/02/01 v3.26b KOMA-Script package (KOMA-Script-dependent 
basics and keyval usage)

(/usr/share/texlive/texmf-dist/tex/latex/koma-script/scrbase.sty
Package: scrbase 2019/02/01 v3.26b KOMA-Script package (KOMA-Script-independent
 basics and keyval usage)

(/usr/share/texlive/texmf-dist/tex/latex/koma-script/scrlfile.sty
Package: scrlfile 2019/02/01 v3.26b KOMA-Script package (loading files)
)
(/usr/share/texlive/texmf-dist/tex/latex/filehook/filehook-scrlfile.sty
Package: filehook-scrlfile 2011/01/03 v0.1 filehook patch for scrlfile package
Package filehook Info: Package 'scrlfile' detected and compensated for on input
 line 102.
)))
Package scrextend Info: unexpected definition of `\@makefnmark'.
(scrextend)             Trying to patch it on input line 1575.
Package scrextend Info: patch seems to be successfull on input line 1575.
)
(/usr/share/texlive/texmf-dist/tex/latex/tools/calc.sty
Package: calc 2017/05/25 v4.3 Infix arithmetic (KKT,FJ)
\calc@Acount=\count156
\calc@Bcount=\count157
\calc@Adimen=\dimen187
\calc@Bdimen=\dimen188
\calc@Askip=\skip57
\calc@Bskip=\skip58
LaTeX Info: Redefining \setlength on input line 80.
LaTeX Info: Redefining \addtolength on input line 81.
\calc@Ccount=\count158
\calc@Cskip=\skip59
)
(/usr/share/texlive/texmf-dist/tex/latex/textpos/textpos.sty
Package: textpos 2016/06/07 v1.8

Package: textpos 2016/06/07 1.8, absolute positioning of text on the page
\TP@textbox=\box54
\TPHorizModule=\dimen189
\TPVertModule=\dimen190
\TP@margin=\dimen191
\TP@absmargin=\dimen192
Grid set 16 x 16 = 22.7622pt x 17.07166pt
\TPboxrulesize=\dimen193
\TP@tbargs=\toks43
\TP@prevdepth=\dimen194
) (/usr/share/texlive/texmf-dist/tex/latex/setspace/setspace.sty
Package: setspace 2011/12/19 v6.7a set line spacing
)
(/usr/share/texlive/texmf-dist/tex/latex/psnfss/helvet.sty
Package: helvet 2005/04/12 PSNFSS-v9.2a (WaS) 
)
(/usr/share/texlive/texmf-dist/tex/generic/german/ngerman.sty v2.5e 1998-07-08
Package: ngerman 1998/07/08 v2.5e Support for writing german texts (br)
\grmnU@D=\dimen195
ngerman -- \language number for naustrian undefined, default 4 used.
ngerman -- \language number for French undefined, default 255 used.
) (/usr/share/texlive/texmf-dist/tex/latex/base/inputenc.sty
Package: inputenc 2018/08/11 v1.3c Input encoding file
\inpenc@prehook=\toks44
\inpenc@posthook=\toks45
)
(/usr/share/texlive/texmf-dist/tex/latex/pgf/frontendlayer/tikz.sty
(/usr/share/texlive/texmf-dist/tex/latex/pgf/basiclayer/pgf.sty
Package: pgf 2019/02/02 v3.1.1 (3.1.1)

(/usr/share/texlive/texmf-dist/tex/generic/pgf/modules/pgfmoduleshapes.code.tex
File: pgfmoduleshapes.code.tex 2019/02/02 v3.1.1 (3.1.1)
\pgfnodeparttextbox=\box55
) (/usr/share/texlive/texmf-dist/tex/generic/pgf/modules/pgfmoduleplot.code.tex
File: pgfmoduleplot.code.tex 2019/02/02 v3.1.1 (3.1.1)
)
(/usr/share/texlive/texmf-dist/tex/latex/pgf/compatibility/pgfcomp-version-0-65
.sty
Package: pgfcomp-version-0-65 2019/02/02 v3.1.1 (3.1.1)
\pgf@nodesepstart=\dimen196
\pgf@nodesepend=\dimen197
)
(/usr/share/texlive/texmf-dist/tex/latex/pgf/compatibility/pgfcomp-version-1-18
.sty
Package: pgfcomp-version-1-18 2019/02/02 v3.1.1 (3.1.1)
)) (/usr/share/texlive/texmf-dist/tex/latex/pgf/utilities/pgffor.sty
(/usr/share/texlive/texmf-dist/tex/latex/pgf/utilities/pgfkeys.sty
(/usr/share/texlive/texmf-dist/tex/generic/pgf/utilities/pgfkeys.code.tex))
(/usr/share/texlive/texmf-dist/tex/latex/pgf/math/pgfmath.sty
(/usr/share/texlive/texmf-dist/tex/generic/pgf/math/pgfmath.code.tex))
(/usr/share/texlive/texmf-dist/tex/generic/pgf/utilities/pgffor.code.tex
Package: pgffor 2019/02/02 v3.1.1 (3.1.1)

(/usr/share/texlive/texmf-dist/tex/generic/pgf/math/pgfmath.code.tex)
\pgffor@iter=\dimen198
\pgffor@skip=\dimen199
\pgffor@stack=\toks46
\pgffor@toks=\toks47
))
(/usr/share/texlive/texmf-dist/tex/generic/pgf/frontendlayer/tikz/tikz.code.tex
Package: tikz 2019/02/02 v3.1.1 (3.1.1)

(/usr/share/texlive/texmf-dist/tex/generic/pgf/libraries/pgflibraryplothandlers
.code.tex
File: pgflibraryplothandlers.code.tex 2019/02/02 v3.1.1 (3.1.1)
\pgf@plot@mark@count=\count159
\pgfplotmarksize=\dimen256
)
\tikz@lastx=\dimen257
\tikz@lasty=\dimen258
\tikz@lastxsaved=\dimen259
\tikz@lastysaved=\dimen260
\tikzleveldistance=\dimen261
\tikzsiblingdistance=\dimen262
\tikz@figbox=\box56
\tikz@figbox@bg=\box57
\tikz@tempbox=\box58
\tikz@tempbox@bg=\box59
\tikztreelevel=\count160
\tikznumberofchildren=\count161
\tikznumberofcurrentchild=\count162
\tikz@fig@count=\count163

(/usr/share/texlive/texmf-dist/tex/generic/pgf/modules/pgfmodulematrix.code.tex
File: pgfmodulematrix.code.tex 2019/02/02 v3.1.1 (3.1.1)
\pgfmatrixcurrentrow=\count164
\pgfmatrixcurrentcolumn=\count165
\pgf@matrix@numberofcolumns=\count166
)
\tikz@expandcount=\count167

(/usr/share/texlive/texmf-dist/tex/generic/pgf/frontendlayer/tikz/libraries/tik
zlibrarytopaths.code.tex
File: tikzlibrarytopaths.code.tex 2019/02/02 v3.1.1 (3.1.1)
)))
(/usr/share/texlive/texmf-dist/tex/generic/pgf/frontendlayer/tikz/libraries/tik
zlibrarycalc.code.tex
File: tikzlibrarycalc.code.tex 2019/02/02 v3.1.1 (3.1.1)
)
(/usr/share/texlive/texmf-dist/tex/latex/xifthen/xifthen.sty
Package: xifthen 2015/11/05 v1.4.0 Extended ifthen features

(/usr/share/texlive/texmf-dist/tex/latex/base/ifthen.sty
Package: ifthen 2014/09/29 v1.1c Standard LaTeX ifthen package (DPC)
)
(/usr/share/texlive/texmf-dist/tex/latex/ifmtarg/ifmtarg.sty
Package: ifmtarg 2018/04/16 v1.2b check for an empty argument
))
(./pgfmorepages.sty
Package: pgfmorepages 2012/06/07 ver 0.01
\pgf@logicalpages=\count168
\pgf@physicalpages=\count169
\pgf@firstshipout=\count170
\pgf@lastshipout=\count171
\pgf@currentshipout=\count172
\pgf@cpn=\count173
\pgf@clpn=\count174
\pgf@cppn=\count175
\pgfactualpage=\count176
\pgf@shipoutnextto=\count177
\pgfphysicalheight=\dimen263
\pgfphysicalwidth=\dimen264
\pgfpages@shipoutbox=\box60
) (/usr/share/texlive/texmf-dist/tex/latex/soul/soul.sty
Package: soul 2003/11/17 v2.4 letterspacing/underlining (mf)
\SOUL@word=\toks48
\SOUL@lasttoken=\toks49
\SOUL@cmds=\toks50
\SOUL@buffer=\toks51
\SOUL@token=\toks52
\SOUL@spaceskip=\skip60
\SOUL@ttwidth=\dimen265
\SOUL@uldp=\dimen266
\SOUL@ulht=\dimen267
)

LaTeX Font Warning: Font shape `OT1/cmss/m/n' in size <13> not available
(Font)              size <12> substituted on input line 24.

(/usr/share/texlive/texmf-dist/tex/latex/beamer/beamerinnerthemerounded.sty)
\myitemsep=\skip61
LaTeX Info: Redefining \so on input line 436.
)
(/usr/share/texlive/texmf-dist/tex/latex/tools/multicol.sty
Package: multicol 2018/12/27 v1.8v multicolumn formatting (FMi)
\c@tracingmulticols=\count178
\mult@box=\box61
\multicol@leftmargin=\dimen268
\c@unbalance=\count179
\c@collectmore=\count180
\doublecol@number=\count181
\multicoltolerance=\count182
\multicolpretolerance=\count183
\full@width=\dimen269
\page@free=\dimen270
\premulticols=\dimen271
\postmulticols=\dimen272
\multicolsep=\skip62
\multicolbaselineskip=\skip63
\partial@page=\box62
\last@line=\box63
\maxbalancingoverflow=\dimen273
\mult@rightbox=\box64
\mult@grightbox=\box65
\mult@gfirstbox=\box66
\mult@firstbox=\box67
\@tempa=\box68
\@tempa=\box69
\@tempa=\box70
\@tempa=\box71
\@tempa=\box72
\@tempa=\box73
\@tempa=\box74
\@tempa=\box75
\@tempa=\box76
\@tempa=\box77
\@tempa=\box78
\@tempa=\box79
\@tempa=\box80
\@tempa=\box81
\@tempa=\box82
\@tempa=\box83
\@tempa=\box84
\c@columnbadness=\count184
\c@finalcolumnbadness=\count185
\last@try=\dimen274
\multicolovershoot=\dimen275
\multicolundershoot=\dimen276
\mult@nat@firstbox=\box85
\colbreak@box=\box86
\mc@col@check@num=\count186
)
(/usr/share/texlive/texmf-dist/tex/latex/bbding/bbding.sty
Package: bbding 1999/04/15 v1.01 Dingbats symbols
)
(/usr/share/texlive/texmf-dist/tex/latex/wasysym/wasysym.sty
Package: wasysym 2003/10/30 v2.0 Wasy-2 symbol support package
\symwasy=\mathgroup6
LaTeX Font Info:    Overwriting symbol font `wasy' in version `bold'
(Font)                  U/wasy/m/n --> U/wasy/b/n on input line 90.
)
(/usr/share/texlive/texmf-dist/tex/latex/oberdiek/picture.sty
Package: picture 2016/05/16 v1.4 Dimens for picture macros (HO)
Package picture Info: Calculation method: calc.
)
(/usr/share/texlive/texmf-dist/tex/latex/graphics/rotating.sty
Package: rotating 2016/08/11 v2.16d rotated objects in LaTeX
\c@r@tfl@t=\count187
\rotFPtop=\skip64
\rotFPbot=\skip65
\rot@float@box=\box87
\rot@mess@toks=\toks53
)

Package hyperref Warning: Token not allowed in a PDF string (PDFDocEncoding):
(hyperref)                removing `\\' on input line 93.


Package hyperref Warning: Token not allowed in a PDF string (PDFDocEncoding):
(hyperref)                removing `\\' on input line 93.

(./bauer_eder_fusionstag.aux)
\openout1 = `bauer_eder_fusionstag.aux'.

LaTeX Font Info:    Checking defaults for OML/cmm/m/it on input line 104.
LaTeX Font Info:    ... okay on input line 104.
LaTeX Font Info:    Checking defaults for T1/cmr/m/n on input line 104.
LaTeX Font Info:    ... okay on input line 104.
LaTeX Font Info:    Checking defaults for OT1/cmr/m/n on input line 104.
LaTeX Font Info:    ... okay on input line 104.
LaTeX Font Info:    Checking defaults for OMS/cmsy/m/n on input line 104.
LaTeX Font Info:    ... okay on input line 104.
LaTeX Font Info:    Checking defaults for OMX/cmex/m/n on input line 104.
LaTeX Font Info:    ... okay on input line 104.
LaTeX Font Info:    Checking defaults for U/cmr/m/n on input line 104.
LaTeX Font Info:    ... okay on input line 104.
LaTeX Font Info:    Checking defaults for PD1/pdf/m/n on input line 104.
LaTeX Font Info:    ... okay on input line 104.
LaTeX Font Info:    Try loading font information for OT1+phv on input line 104.


(/usr/share/texlive/texmf-dist/tex/latex/psnfss/ot1phv.fd
File: ot1phv.fd 2001/06/04 scalable font definitions for OT1/phv.
)
*geometry* driver: auto-detecting
*geometry* detected driver: pdftex
*geometry* verbose mode - [ preamble ] result:
* driver: pdftex
* paper: custom
* layout: <same size as paper>
* layoutoffset:(h,v)=(0.0pt,0.0pt)
* modes: includehead includefoot 
* h-part:(L,W,R)=(28.45274pt, 307.28987pt, 28.45274pt)
* v-part:(T,H,B)=(0.0pt, 273.14662pt, 0.0pt)
* \paperwidth=364.19536pt
* \paperheight=273.14662pt
* \textwidth=307.28987pt
* \textheight=244.6939pt
* \oddsidemargin=-43.81725pt
* \evensidemargin=-43.81725pt
* \topmargin=-72.26999pt
* \headheight=14.22636pt
* \headsep=0.0pt
* \topskip=11.0pt
* \footskip=14.22636pt
* \marginparwidth=4.0pt
* \marginparsep=10.0pt
* \columnsep=10.0pt
* \skip\footins=11.69997pt plus 5.19942pt minus 2.60054pt
* \hoffset=0.0pt
* \voffset=0.0pt
* \mag=1000
* \@twocolumnfalse
* \@twosidefalse
* \@mparswitchfalse
* \@reversemarginfalse
* (1in=72.27pt=25.4mm, 1cm=28.453pt)

(/usr/share/texlive/texmf-dist/tex/context/base/mkii/supp-pdf.mkii
[Loading MPS to PDF converter (version 2006.09.02).]
\scratchcounter=\count188
\scratchdimen=\dimen277
\scratchbox=\box88
\nofMPsegments=\count189
\nofMParguments=\count190
\everyMPshowfont=\toks54
\MPscratchCnt=\count191
\MPscratchDim=\dimen278
\MPnumerator=\count192
\makeMPintoPDFobject=\count193
\everyMPtoPDFconversion=\toks55
) (/usr/share/texlive/texmf-dist/tex/latex/oberdiek/epstopdf-base.sty
Package: epstopdf-base 2016/05/15 v2.6 Base part for package epstopdf

(/usr/share/texlive/texmf-dist/tex/latex/oberdiek/grfext.sty
Package: grfext 2016/05/16 v1.2 Manage graphics extensions (HO)
)
Package epstopdf-base Info: Redefining graphics rule for `.eps' on input line 4
38.
Package grfext Info: Graphics extension search list:
(grfext)             [.pdf,.png,.jpg,.mps,.jpeg,.jbig2,.jb2,.PDF,.PNG,.JPG,.JPE
G,.JBIG2,.JB2,.eps]
(grfext)             \AppendGraphicsExtensions on input line 456.

(/usr/share/texlive/texmf-dist/tex/latex/latexconfig/epstopdf-sys.cfg
File: epstopdf-sys.cfg 2010/07/13 v1.3 Configuration of (r)epstopdf for TeX Liv
e
))
ABD: EveryShipout initializing macros
\AtBeginShipoutBox=\box89
Package hyperref Info: Link coloring OFF on input line 104.

(/usr/share/texlive/texmf-dist/tex/latex/hyperref/nameref.sty
Package: nameref 2016/05/21 v2.44 Cross-referencing by name of section

(/usr/share/texlive/texmf-dist/tex/generic/oberdiek/gettitlestring.sty
Package: gettitlestring 2016/05/16 v1.5 Cleanup title references (HO)
)
\c@section@level=\count194
)
LaTeX Info: Redefining \ref on input line 104.
LaTeX Info: Redefining \pageref on input line 104.
LaTeX Info: Redefining \nameref on input line 104.

(./bauer_eder_fusionstag.out) (./bauer_eder_fusionstag.out)
\@outlinefile=\write5
\openout5 = `bauer_eder_fusionstag.out'.

LaTeX Font Info:    Overwriting symbol font `operators' in version `normal'
(Font)                  OT1/cmr/m/n --> OT1/cmss/m/n on input line 104.
LaTeX Font Info:    Overwriting symbol font `operators' in version `bold'
(Font)                  OT1/cmr/bx/n --> OT1/cmss/bx/n on input line 104.
\symnumbers=\mathgroup7
\sympureletters=\mathgroup8
LaTeX Font Info:    Overwriting math alphabet `\mathrm' in version `normal'
(Font)                  OT1/cmss/m/n --> OT1/cmr/m/n on input line 104.
LaTeX Font Info:    Redeclaring math alphabet \mathbf on input line 104.
LaTeX Font Info:    Overwriting math alphabet `\mathbf' in version `normal'
(Font)                  OT1/cmr/bx/n --> OT1/phv/bx/n on input line 104.
LaTeX Font Info:    Overwriting math alphabet `\mathbf' in version `bold'
(Font)                  OT1/cmr/bx/n --> OT1/phv/bx/n on input line 104.
LaTeX Font Info:    Redeclaring math alphabet \mathsf on input line 104.
LaTeX Font Info:    Overwriting math alphabet `\mathsf' in version `normal'
(Font)                  OT1/cmss/m/n --> OT1/phv/m/n on input line 104.
LaTeX Font Info:    Overwriting math alphabet `\mathsf' in version `bold'
(Font)                  OT1/cmss/bx/n --> OT1/phv/m/n on input line 104.
LaTeX Font Info:    Redeclaring math alphabet \mathit on input line 104.
LaTeX Font Info:    Overwriting math alphabet `\mathit' in version `normal'
(Font)                  OT1/cmr/m/it --> OT1/phv/m/it on input line 104.
LaTeX Font Info:    Overwriting math alphabet `\mathit' in version `bold'
(Font)                  OT1/cmr/bx/it --> OT1/phv/m/it on input line 104.
LaTeX Font Info:    Redeclaring math alphabet \mathtt on input line 104.
LaTeX Font Info:    Overwriting math alphabet `\mathtt' in version `normal'
(Font)                  OT1/cmtt/m/n --> OT1/cmtt/m/n on input line 104.
LaTeX Font Info:    Overwriting math alphabet `\mathtt' in version `bold'
(Font)                  OT1/cmtt/m/n --> OT1/cmtt/m/n on input line 104.
LaTeX Font Info:    Overwriting symbol font `numbers' in version `bold'
(Font)                  OT1/phv/m/n --> OT1/phv/bx/n on input line 104.
LaTeX Font Info:    Overwriting symbol font `pureletters' in version `bold'
(Font)                  OT1/phv/m/it --> OT1/phv/bx/it on input line 104.
LaTeX Font Info:    Overwriting math alphabet `\mathrm' in version `bold'
(Font)                  OT1/cmss/bx/n --> OT1/cmr/bx/n on input line 104.
LaTeX Font Info:    Overwriting math alphabet `\mathbf' in version `bold'
(Font)                  OT1/phv/bx/n --> OT1/phv/bx/n on input line 104.
LaTeX Font Info:    Overwriting math alphabet `\mathsf' in version `bold'
(Font)                  OT1/phv/m/n --> OT1/phv/bx/n on input line 104.
LaTeX Font Info:    Overwriting math alphabet `\mathit' in version `bold'
(Font)                  OT1/phv/m/it --> OT1/phv/bx/it on input line 104.
LaTeX Font Info:    Overwriting math alphabet `\mathtt' in version `bold'
(Font)                  OT1/cmtt/m/n --> OT1/cmtt/bx/n on input line 104.

(/usr/share/texlive/texmf-dist/tex/latex/translator/translator-basic-dictionary
-English.dict
Dictionary: translator-basic-dictionary, Language: English 
)
(/usr/share/texlive/texmf-dist/tex/latex/translator/translator-bibliography-dic
tionary-English.dict
Dictionary: translator-bibliography-dictionary, Language: English 
)
(/usr/share/texlive/texmf-dist/tex/latex/translator/translator-environment-dict
ionary-English.dict
Dictionary: translator-environment-dictionary, Language: English 
)
(/usr/share/texlive/texmf-dist/tex/latex/translator/translator-months-dictionar
y-English.dict
Dictionary: translator-months-dictionary, Language: English 
)
(/usr/share/texlive/texmf-dist/tex/latex/translator/translator-numbers-dictiona
ry-English.dict
Dictionary: translator-numbers-dictionary, Language: English 
)
(/usr/share/texlive/texmf-dist/tex/latex/translator/translator-theorem-dictiona
ry-English.dict
Dictionary: translator-theorem-dictionary, Language: English 
) (./bauer_eder_fusionstag.nav)
<merged_logos_m.png, id=49, 6022.5pt x 1023.825pt>
File: merged_logos_m.png Graphic file (type png)
<use merged_logos_m.png>
Package pdftex.def Info: merged_logos_m.png  used on input line 104.
(pdftex.def)             Requested size: 83.6252pt x 14.22636pt.
<logo.pdf, id=51, 113.42375pt x 43.16125pt>
File: logo.pdf Graphic file (type pdf)
<use logo.pdf>
Package pdftex.def Info: logo.pdf  used on input line 104.
(pdftex.def)             Requested size: 34.42784pt x 13.1006pt.
LaTeX Font Info:    Calculating math sizes for size <13> on input line 108.


LaTeX Font Warning: Font shape `OT1/cmss/m/n' in size <6.5> not available
(Font)              size <6> substituted on input line 108.


LaTeX Font Warning: Font shape `OML/cmm/m/it' in size <13> not available
(Font)              size <12> substituted on input line 108.


LaTeX Font Warning: Font shape `OML/cmm/m/it' in size <6.5> not available
(Font)              size <6> substituted on input line 108.


LaTeX Font Warning: Font shape `OMS/cmsy/m/n' in size <13> not available
(Font)              size <12> substituted on input line 108.


LaTeX Font Warning: Font shape `OMS/cmsy/m/n' in size <6.5> not available
(Font)              size <6> substituted on input line 108.

LaTeX Font Info:    Try loading font information for U+msa on input line 108.
(/usr/share/texlive/texmf-dist/tex/latex/amsfonts/umsa.fd
File: umsa.fd 2013/01/14 v3.01 AMS symbols A
)
LaTeX Font Info:    Try loading font information for U+msb on input line 108.

(/usr/share/texlive/texmf-dist/tex/latex/amsfonts/umsb.fd
File: umsb.fd 2013/01/14 v3.01 AMS symbols B
)
LaTeX Font Info:    Try loading font information for U+wasy on input line 108.

(/usr/share/texlive/texmf-dist/tex/latex/wasysym/uwasy.fd
File: uwasy.fd 2003/10/30 v2.0 Wasy-2 symbol font definitions
)

LaTeX Font Warning: Font shape `U/wasy/m/n' in size <13> not available
(Font)              size <12> substituted on input line 108.


LaTeX Font Warning: Font shape `U/wasy/m/n' in size <6.5> not available
(Font)              size <6> substituted on input line 108.

LaTeX Font Info:    Font shape `OT1/phv/m/it' in size <13> not available
(Font)              Font shape `OT1/phv/m/sl' tried instead on input line 108.
LaTeX Font Info:    Font shape `OT1/phv/m/it' in size <9.09996> not available
(Font)              Font shape `OT1/phv/m/sl' tried instead on input line 108.
LaTeX Font Info:    Font shape `OT1/phv/m/it' in size <6.5> not available
(Font)              Font shape `OT1/phv/m/sl' tried instead on input line 108.
LaTeX Font Info:    Font shape `OT1/phv/bx/n' in size <10> not available
(Font)              Font shape `OT1/phv/b/n' tried instead on input line 108.
LaTeX Font Info:    Font shape `OT1/phv/bx/n' in size <8.66673> not available
(Font)              Font shape `OT1/phv/b/n' tried instead on input line 108.
<background.png, id=55, 860.9766pt x 417.2388pt>
File: background.png Graphic file (type png)
<use background.png>
Package pdftex.def Info: background.png  used on input line 108.
(pdftex.def)             Requested size: 433.90453pt x 210.27419pt.
File: logo.pdf Graphic file (type pdf)
<use logo.pdf>
Package pdftex.def Info: logo.pdf  used on input line 108.
(pdftex.def)             Requested size: 46.66249pt x 17.75615pt.
File: merged_logos_m.png Graphic file (type png)
<use merged_logos_m.png>
Package pdftex.def Info: merged_logos_m.png  used on input line 108.
(pdftex.def)             Requested size: 83.6252pt x 14.22636pt.
[1{/var/lib/texmf/fonts/map/pdftex/updmap/pdftex.map}

 <./background.png> <./logo.pdf> <./merged_logos_m.png>]
LaTeX Font Info:    Font shape `OT1/phv/m/it' in size <10> not available
(Font)              Font shape `OT1/phv/m/sl' tried instead on input line 147.
LaTeX Font Info:    Font shape `OT1/phv/m/it' in size <7> not available
(Font)              Font shape `OT1/phv/m/sl' tried instead on input line 147.
LaTeX Font Info:    Font shape `OT1/phv/m/it' in size <5> not available
(Font)              Font shape `OT1/phv/m/sl' tried instead on input line 147.

Overfull \hbox (19.91681pt too wide) in paragraph at lines 147--147
[][][] 
 []

File: logo.pdf Graphic file (type pdf)
<use logo.pdf>
Package pdftex.def Info: logo.pdf  used on input line 147.
(pdftex.def)             Requested size: 34.42784pt x 13.1006pt.
File: merged_logos_m.png Graphic file (type png)
<use merged_logos_m.png>
Package pdftex.def Info: merged_logos_m.png  used on input line 147.
(pdftex.def)             Requested size: 83.6252pt x 14.22636pt.
[2

]
<FIGURES/cycle01.pdf, id=75, 963.6pt x 542.025pt>
File: FIGURES/cycle01.pdf Graphic file (type pdf)
<use FIGURES/cycle01.pdf>
Package pdftex.def Info: FIGURES/cycle01.pdf  used on input line 161.
(pdftex.def)             Requested size: 307.28987pt x 145.62766pt.

Overfull \hbox (19.91681pt too wide) in paragraph at lines 161--161
[][][] 
 []

File: logo.pdf Graphic file (type pdf)
<use logo.pdf>
Package pdftex.def Info: logo.pdf  used on input line 161.
(pdftex.def)             Requested size: 34.42784pt x 13.1006pt.
File: merged_logos_m.png Graphic file (type png)
<use merged_logos_m.png>
Package pdftex.def Info: merged_logos_m.png  used on input line 161.
(pdftex.def)             Requested size: 83.6252pt x 14.22636pt.
[3

 <./FIGURES/cycle01.pdf>]
<FIGURES/cycle02.pdf, id=158, 963.6pt x 542.025pt>
File: FIGURES/cycle02.pdf Graphic file (type pdf)
<use FIGURES/cycle02.pdf>
Package pdftex.def Info: FIGURES/cycle02.pdf  used on input line 168.
(pdftex.def)             Requested size: 307.28987pt x 145.62766pt.

Overfull \hbox (19.91681pt too wide) in paragraph at lines 168--168
[][][] 
 []

File: logo.pdf Graphic file (type pdf)
<use logo.pdf>
Package pdftex.def Info: logo.pdf  used on input line 168.
(pdftex.def)             Requested size: 34.42784pt x 13.1006pt.
File: merged_logos_m.png Graphic file (type png)
<use merged_logos_m.png>
Package pdftex.def Info: merged_logos_m.png  used on input line 168.
(pdftex.def)             Requested size: 83.6252pt x 14.22636pt.
[4

 <./FIGURES/cycle02.pdf>]
LaTeX Font Info:    Font shape `OT1/phv/bx/n' in size <12> not available
(Font)              Font shape `OT1/phv/b/n' tried instead on input line 184.

Overfull \hbox (19.91681pt too wide) in paragraph at lines 184--184
[][][] 
 []

File: logo.pdf Graphic file (type pdf)
<use logo.pdf>
Package pdftex.def Info: logo.pdf  used on input line 184.
(pdftex.def)             Requested size: 34.42784pt x 13.1006pt.
File: merged_logos_m.png Graphic file (type png)
<use merged_logos_m.png>
Package pdftex.def Info: merged_logos_m.png  used on input line 184.
(pdftex.def)             Requested size: 83.6252pt x 14.22636pt.
[5

]
Overfull \hbox (19.91681pt too wide) in paragraph at lines 203--203
[][][] 
 []

File: logo.pdf Graphic file (type pdf)
<use logo.pdf>
Package pdftex.def Info: logo.pdf  used on input line 203.
(pdftex.def)             Requested size: 34.42784pt x 13.1006pt.
File: merged_logos_m.png Graphic file (type png)
<use merged_logos_m.png>
Package pdftex.def Info: merged_logos_m.png  used on input line 203.
(pdftex.def)             Requested size: 83.6252pt x 14.22636pt.
[6

]

Package hyperref Warning: Ignoring empty anchor on input line 221.


LaTeX Font Warning: Font shape `OT1/cmr/m/n' in size <13> not available
(Font)              size <12> substituted on input line 221.


LaTeX Font Warning: Font shape `OT1/cmr/m/n' in size <6.5> not available
(Font)              size <6> substituted on input line 221.


Overfull \hbox (19.91681pt too wide) in paragraph at lines 221--221
[][][] 
 []


Overfull \vbox (6.89772pt too high) detected at line 221
 []

File: logo.pdf Graphic file (type pdf)
<use logo.pdf>
Package pdftex.def Info: logo.pdf  used on input line 221.
(pdftex.def)             Requested size: 34.42784pt x 13.1006pt.
File: merged_logos_m.png Graphic file (type png)
<use merged_logos_m.png>
Package pdftex.def Info: merged_logos_m.png  used on input line 221.
(pdftex.def)             Requested size: 83.6252pt x 14.22636pt.
[7

]
Package epstopdf Info: Source file: <FIGURES/curvilinear_grid.eps>
(epstopdf)                    date: 2020-06-21 13:37:46
(epstopdf)                    size: 222367 bytes
(epstopdf)             Output file: <FIGURES/curvilinear_grid-eps-converted-to.
pdf>
(epstopdf)                    date: 2020-06-21 13:37:46
(epstopdf)                    size: 179685 bytes
(epstopdf)             Command: <repstopdf --outfile=FIGURES/curvilinear_grid-e
ps-converted-to.pdf FIGURES/curvilinear_grid.eps>
(epstopdf)             \includegraphics on input line 232.
Package epstopdf Info: Output file is already uptodate.
<FIGURES/curvilinear_grid-eps-converted-to.pdf, id=277, 1928.20375pt x 980.6637
6pt>
File: FIGURES/curvilinear_grid-eps-converted-to.pdf Graphic file (type pdf)
<use FIGURES/curvilinear_grid-eps-converted-to.pdf>
Package pdftex.def Info: FIGURES/curvilinear_grid-eps-converted-to.pdf  used on
 input line 232.
(pdftex.def)             Requested size: 384.11234pt x 195.35117pt.

Overfull \hbox (29.8756pt too wide) in paragraph at lines 232--232
 | [] 
 []


Overfull \hbox (19.91681pt too wide) in paragraph at lines 232--232
[][][] 
 []

File: logo.pdf Graphic file (type pdf)
<use logo.pdf>
Package pdftex.def Info: logo.pdf  used on input line 232.
(pdftex.def)             Requested size: 34.42784pt x 13.1006pt.
File: merged_logos_m.png Graphic file (type png)
<use merged_logos_m.png>
Package pdftex.def Info: merged_logos_m.png  used on input line 232.
(pdftex.def)             Requested size: 83.6252pt x 14.22636pt.
[8

 <./FIGURES/curvilinear_grid-eps-converted-to.pdf>]
LaTeX Font Info:    Font shape `OT1/phv/m/it' in size <12> not available
(Font)              Font shape `OT1/phv/m/sl' tried instead on input line 250.
LaTeX Font Info:    Font shape `OT1/phv/m/it' in size <8> not available
(Font)              Font shape `OT1/phv/m/sl' tried instead on input line 250.
LaTeX Font Info:    Font shape `OT1/phv/m/it' in size <6> not available
(Font)              Font shape `OT1/phv/m/sl' tried instead on input line 250.
LaTeX Font Info:    Font shape `OT1/phv/bx/n' in size <8> not available
(Font)              Font shape `OT1/phv/b/n' tried instead on input line 250.
LaTeX Font Info:    Font shape `OT1/phv/bx/n' in size <6> not available
(Font)              Font shape `OT1/phv/b/n' tried instead on input line 250.

Overfull \hbox (19.91681pt too wide) in paragraph at lines 250--250
[][][] 
 []

File: logo.pdf Graphic file (type pdf)
<use logo.pdf>
Package pdftex.def Info: logo.pdf  used on input line 250.
(pdftex.def)             Requested size: 34.42784pt x 13.1006pt.
File: merged_logos_m.png Graphic file (type png)
<use merged_logos_m.png>
Package pdftex.def Info: merged_logos_m.png  used on input line 250.
(pdftex.def)             Requested size: 83.6252pt x 14.22636pt.
[9

]
Overfull \hbox (19.91681pt too wide) in paragraph at lines 266--266
[][][] 
 []

File: logo.pdf Graphic file (type pdf)
<use logo.pdf>
Package pdftex.def Info: logo.pdf  used on input line 266.
(pdftex.def)             Requested size: 34.42784pt x 13.1006pt.
File: merged_logos_m.png Graphic file (type png)
<use merged_logos_m.png>
Package pdftex.def Info: merged_logos_m.png  used on input line 266.
(pdftex.def)             Requested size: 83.6252pt x 14.22636pt.
[10

]
Overfull \hbox (19.91681pt too wide) in paragraph at lines 283--283
[][][] 
 []

File: logo.pdf Graphic file (type pdf)
<use logo.pdf>
Package pdftex.def Info: logo.pdf  used on input line 283.
(pdftex.def)             Requested size: 34.42784pt x 13.1006pt.
File: merged_logos_m.png Graphic file (type png)
<use merged_logos_m.png>
Package pdftex.def Info: merged_logos_m.png  used on input line 283.
(pdftex.def)             Requested size: 83.6252pt x 14.22636pt.
[11

]
Package epstopdf Info: Source file: <FIGURES/orbit_plot.eps>
(epstopdf)                    date: 2020-06-21 13:37:46
(epstopdf)                    size: 3341172 bytes
(epstopdf)             Output file: <FIGURES/orbit_plot-eps-converted-to.pdf>
(epstopdf)                    date: 2020-06-21 13:37:46
(epstopdf)                    size: 2323819 bytes
(epstopdf)             Command: <repstopdf --outfile=FIGURES/orbit_plot-eps-con
verted-to.pdf FIGURES/orbit_plot.eps>
(epstopdf)             \includegraphics on input line 298.
Package epstopdf Info: Output file is already uptodate.
<FIGURES/orbit_plot-eps-converted-to.pdf, id=312, 767.86874pt x 372.39125pt>
File: FIGURES/orbit_plot-eps-converted-to.pdf Graphic file (type pdf)
<use FIGURES/orbit_plot-eps-converted-to.pdf>
Package pdftex.def Info: FIGURES/orbit_plot-eps-converted-to.pdf  used on input
 line 298.
(pdftex.def)             Requested size: 307.28987pt x 149.02773pt.

Overfull \hbox (19.91681pt too wide) in paragraph at lines 298--298
[][][] 
 []

File: logo.pdf Graphic file (type pdf)
<use logo.pdf>
Package pdftex.def Info: logo.pdf  used on input line 298.
(pdftex.def)             Requested size: 34.42784pt x 13.1006pt.
File: merged_logos_m.png Graphic file (type png)
<use merged_logos_m.png>
Package pdftex.def Info: merged_logos_m.png  used on input line 298.
(pdftex.def)             Requested size: 83.6252pt x 14.22636pt.
[12

 <./FIGURES/orbit_plot-eps-converted-to.pdf>]
Package epstopdf Info: Source file: <FIGURES/axissymetric_noise.eps>
(epstopdf)                    date: 2020-06-21 13:37:46
(epstopdf)                    size: 109271 bytes
(epstopdf)             Output file: <FIGURES/axissymetric_noise-eps-converted-t
o.pdf>
(epstopdf)                    date: 2020-06-21 13:37:46
(epstopdf)                    size: 166923 bytes
(epstopdf)             Command: <repstopdf --outfile=FIGURES/axissymetric_noise
-eps-converted-to.pdf FIGURES/axissymetric_noise.eps>
(epstopdf)             \includegraphics on input line 312.
Package epstopdf Info: Output file is already uptodate.
<FIGURES/axissymetric_noise-eps-converted-to.pdf, id=324, 748.7975pt x 379.4175
pt>
File: FIGURES/axissymetric_noise-eps-converted-to.pdf Graphic file (type pdf)
<use FIGURES/axissymetric_noise-eps-converted-to.pdf>
Package pdftex.def Info: FIGURES/axissymetric_noise-eps-converted-to.pdf  used 
on input line 312.
(pdftex.def)             Requested size: 307.28987pt x 155.70691pt.

Overfull \hbox (19.91681pt too wide) in paragraph at lines 312--312
[][][] 
 []


Overfull \vbox (8.62639pt too high) detected at line 312
 []

File: logo.pdf Graphic file (type pdf)
<use logo.pdf>
Package pdftex.def Info: logo.pdf  used on input line 312.
(pdftex.def)             Requested size: 34.42784pt x 13.1006pt.
File: merged_logos_m.png Graphic file (type png)
<use merged_logos_m.png>
Package pdftex.def Info: merged_logos_m.png  used on input line 312.
(pdftex.def)             Requested size: 83.6252pt x 14.22636pt.
[13

 <./FIGURES/axissymetric_noise-eps-converted-to.pdf>]
Overfull \hbox (19.91681pt too wide) in paragraph at lines 335--335
[][][] 
 []


Overfull \vbox (7.1882pt too high) detected at line 335
 []

File: logo.pdf Graphic file (type pdf)
<use logo.pdf>
Package pdftex.def Info: logo.pdf  used on input line 335.
(pdftex.def)             Requested size: 34.42784pt x 13.1006pt.
File: merged_logos_m.png Graphic file (type png)
<use merged_logos_m.png>
Package pdftex.def Info: merged_logos_m.png  used on input line 335.
(pdftex.def)             Requested size: 83.6252pt x 14.22636pt.
[14

]
Package epstopdf Info: Source file: <FIGURES/diffusion.eps>
(epstopdf)                    date: 2020-06-21 13:37:46
(epstopdf)                    size: 160338 bytes
(epstopdf)             Output file: <FIGURES/diffusion-eps-converted-to.pdf>
(epstopdf)                    date: 2020-06-21 13:37:46
(epstopdf)                    size: 151868 bytes
(epstopdf)             Command: <repstopdf --outfile=FIGURES/diffusion-eps-conv
erted-to.pdf FIGURES/diffusion.eps>
(epstopdf)             \includegraphics on input line 345.
Package epstopdf Info: Output file is already uptodate.
<FIGURES/diffusion-eps-converted-to.pdf, id=346, 774.895pt x 333.245pt>
File: FIGURES/diffusion-eps-converted-to.pdf Graphic file (type pdf)
<use FIGURES/diffusion-eps-converted-to.pdf>
Package pdftex.def Info: FIGURES/diffusion-eps-converted-to.pdf  used on input 
line 345.
(pdftex.def)             Requested size: 384.11234pt x 165.18814pt.

Overfull \hbox (36.98878pt too wide) in paragraph at lines 345--345
 | [] 
 []


Overfull \hbox (19.91681pt too wide) in paragraph at lines 345--345
[][][] 
 []

File: logo.pdf Graphic file (type pdf)
<use logo.pdf>
Package pdftex.def Info: logo.pdf  used on input line 345.
(pdftex.def)             Requested size: 34.42784pt x 13.1006pt.
File: merged_logos_m.png Graphic file (type png)
<use merged_logos_m.png>
Package pdftex.def Info: merged_logos_m.png  used on input line 345.
(pdftex.def)             Requested size: 83.6252pt x 14.22636pt.
[15

 <./FIGURES/diffusion-eps-converted-to.pdf>]
LaTeX Font Info:    Font shape `OT1/phv/bx/n' in size <7> not available
(Font)              Font shape `OT1/phv/b/n' tried instead on input line 362.
LaTeX Font Info:    Font shape `OT1/phv/bx/n' in size <5> not available
(Font)              Font shape `OT1/phv/b/n' tried instead on input line 362.

Overfull \hbox (19.91681pt too wide) in paragraph at lines 362--362
[][][] 
 []

File: logo.pdf Graphic file (type pdf)
<use logo.pdf>
Package pdftex.def Info: logo.pdf  used on input line 362.
(pdftex.def)             Requested size: 34.42784pt x 13.1006pt.
File: merged_logos_m.png Graphic file (type png)
<use merged_logos_m.png>
Package pdftex.def Info: merged_logos_m.png  used on input line 362.
(pdftex.def)             Requested size: 83.6252pt x 14.22636pt.
[16

]
LaTeX Font Info:    Font shape `OT1/phv/bx/it' in size <13> not available
(Font)              Font shape `OT1/phv/b/it' tried instead on input line 376.
LaTeX Font Info:    Font shape `OT1/phv/b/it' in size <13> not available
(Font)              Font shape `OT1/phv/b/sl' tried instead on input line 376.

Overfull \hbox (19.91681pt too wide) in paragraph at lines 376--376
[][][] 
 []

File: logo.pdf Graphic file (type pdf)
<use logo.pdf>
Package pdftex.def Info: logo.pdf  used on input line 376.
(pdftex.def)             Requested size: 34.42784pt x 13.1006pt.
File: merged_logos_m.png Graphic file (type png)
<use merged_logos_m.png>
Package pdftex.def Info: merged_logos_m.png  used on input line 376.
(pdftex.def)             Requested size: 83.6252pt x 14.22636pt.
[17

]

Package hyperref Warning: Ignoring empty anchor on input line 394.


Package hyperref Warning: Ignoring empty anchor on input line 394.


Underfull \hbox (badness 1043) in paragraph at lines 394--394
[]\OT1/phv/m/n/16 Application: Mono-energetic ra-di-al trans-port
 []


Overfull \hbox (19.91681pt too wide) in paragraph at lines 394--394
[][][] 
 []

File: logo.pdf Graphic file (type pdf)
<use logo.pdf>
Package pdftex.def Info: logo.pdf  used on input line 394.
(pdftex.def)             Requested size: 34.42784pt x 13.1006pt.
File: merged_logos_m.png Graphic file (type png)
<use merged_logos_m.png>
Package pdftex.def Info: merged_logos_m.png  used on input line 394.
(pdftex.def)             Requested size: 83.6252pt x 14.22636pt.
[18

]
Package epstopdf Info: Source file: <FIGURES/transport_coefficient.eps>
(epstopdf)                    date: 2020-06-21 13:37:47
(epstopdf)                    size: 88015 bytes
(epstopdf)             Output file: <FIGURES/transport_coefficient-eps-converte
d-to.pdf>
(epstopdf)                    date: 2020-06-21 13:37:47
(epstopdf)                    size: 35161 bytes
(epstopdf)             Command: <repstopdf --outfile=FIGURES/transport_coeffici
ent-eps-converted-to.pdf FIGURES/transport_coefficient.eps>
(epstopdf)             \includegraphics on input line 422.
Package epstopdf Info: Output file is already uptodate.
<FIGURES/transport_coefficient-eps-converted-to.pdf, id=379, 478.78876pt x 378.
41376pt>
File: FIGURES/transport_coefficient-eps-converted-to.pdf Graphic file (type pdf
)
<use FIGURES/transport_coefficient-eps-converted-to.pdf>
Package pdftex.def Info: FIGURES/transport_coefficient-eps-converted-to.pdf  us
ed on input line 422.
(pdftex.def)             Requested size: 245.83282pt x 194.29341pt.
LaTeX Font Info:    Font shape `OT1/phv/bx/n' in size <13> not available
(Font)              Font shape `OT1/phv/b/n' tried instead on input line 422.
LaTeX Font Info:    Font shape `OT1/phv/bx/n' in size <9.09996> not available
(Font)              Font shape `OT1/phv/b/n' tried instead on input line 422.
LaTeX Font Info:    Font shape `OT1/phv/bx/n' in size <6.5> not available
(Font)              Font shape `OT1/phv/b/n' tried instead on input line 422.

Overfull \hbox (10.29437pt too wide) in alignment at lines 422--422
 [][][] []
 []


Overfull \hbox (19.91681pt too wide) in paragraph at lines 422--422
[][][] 
 []

File: logo.pdf Graphic file (type pdf)
<use logo.pdf>
Package pdftex.def Info: logo.pdf  used on input line 422.
(pdftex.def)             Requested size: 34.42784pt x 13.1006pt.
File: merged_logos_m.png Graphic file (type png)
<use merged_logos_m.png>
Package pdftex.def Info: merged_logos_m.png  used on input line 422.
(pdftex.def)             Requested size: 83.6252pt x 14.22636pt.
[19

 <./FIGURES/transport_coefficient-eps-converted-to.pdf>]
Overfull \hbox (19.91681pt too wide) in paragraph at lines 440--440
[][][] 
 []

File: logo.pdf Graphic file (type pdf)
<use logo.pdf>
Package pdftex.def Info: logo.pdf  used on input line 440.
(pdftex.def)             Requested size: 34.42784pt x 13.1006pt.
File: merged_logos_m.png Graphic file (type png)
<use merged_logos_m.png>
Package pdftex.def Info: merged_logos_m.png  used on input line 440.
(pdftex.def)             Requested size: 83.6252pt x 14.22636pt.
[20

]
File: logo.pdf Graphic file (type pdf)
<use logo.pdf>
Package pdftex.def Info: logo.pdf  used on input line 456.
(pdftex.def)             Requested size: 34.42784pt x 13.1006pt.
File: merged_logos_m.png Graphic file (type png)
<use merged_logos_m.png>
Package pdftex.def Info: merged_logos_m.png  used on input line 456.
(pdftex.def)             Requested size: 83.6252pt x 14.22636pt.
 [21

]
\tf@nav=\write6
\openout6 = `bauer_eder_fusionstag.nav'.

\tf@toc=\write7
\openout7 = `bauer_eder_fusionstag.toc'.

\tf@snm=\write8
\openout8 = `bauer_eder_fusionstag.snm'.

Package atveryend Info: Empty hook `BeforeClearDocument' on input line 461.
Package atveryend Info: Empty hook `AfterLastShipout' on input line 461.
 (./bauer_eder_fusionstag.aux)
Package atveryend Info: Executing hook `AtVeryEndDocument' on input line 461.
Package atveryend Info: Executing hook `AtEndAfterFileList' on input line 461.
Package rerunfilecheck Info: File `bauer_eder_fusionstag.out' has not changed.
(rerunfilecheck)             Checksum: BBF1DD1DCA5C4251129EB924E5EF0779;498.


LaTeX Font Warning: Size substitutions with differences
(Font)              up to 1.0pt have occurred.

 ) 
Here is how much of TeX's memory you used:
 22851 strings out of 494435
 441081 string characters out of 6173462
 550624 words of memory out of 5000000
 25915 multiletter control sequences out of 15000+600000
 60605 words of font info for 123 fonts, out of 8000000 for 9000
 59 hyphenation exceptions out of 8191
 63i,22n,71p,964b,1728s stack positions out of 5000i,500n,10000p,200000b,80000s
{/usr/share/texlive/texmf-dist/fonts/enc/dvips/base/8r.enc}</usr/share/texliv
e/texmf-dist/fonts/type1/public/amsfonts/cm/cmex10.pfb></usr/share/texlive/texm
f-dist/fonts/type1/public/amsfonts/cm/cmmi10.pfb></usr/share/texlive/texmf-dist
/fonts/type1/public/amsfonts/cm/cmmi12.pfb></usr/share/texlive/texmf-dist/fonts
/type1/public/amsfonts/cm/cmmi8.pfb></usr/share/texlive/texmf-dist/fonts/type1/
public/amsfonts/cm/cmmi9.pfb></usr/share/texlive/texmf-dist/fonts/type1/public/
amsfonts/cm/cmr12.pfb></usr/share/texlive/texmf-dist/fonts/type1/public/amsfont
s/cm/cmss12.pfb></usr/share/texlive/texmf-dist/fonts/type1/public/amsfonts/cm/c
msy10.pfb></usr/share/texlive/texmf-dist/fonts/type1/public/amsfonts/cm/cmsy8.p
fb></usr/share/texlive/texmf-dist/fonts/type1/public/amsfonts/cm/cmsy9.pfb></us
r/share/texlive/texmf-dist/fonts/type1/urw/helvetic/uhvb8a.pfb></usr/share/texl
ive/texmf-dist/fonts/type1/urw/helvetic/uhvbo8a.pfb></usr/share/texlive/texmf-d
ist/fonts/type1/urw/helvetic/uhvr8a.pfb></usr/share/texlive/texmf-dist/fonts/ty
pe1/urw/helvetic/uhvro8a.pfb>
Output written on bauer_eder_fusionstag.pdf (21 pages, 6877577 bytes).
PDF statistics:
 467 PDF objects out of 1000 (max. 8388607)
 329 compressed objects within 4 object streams
 58 named destinations out of 1000 (max. 500000)
 183 words of extra memory for PDF output out of 10000 (max. 10000000)

